2024-04-21 13:19:33	ERROR	Ping error: API Report Error: ServiceUnavailable(API Report Error: ServiceUnavailable)

System.Exception: API Report Error: ServiceUnavailable
   at li.qubic.trainer.Client.Ping(ReportRequest pingRequest)
   at li.qubic.trainer.Trainer.PingApi()
   at li.qubic.trainer.Client.Ping(ReportRequest pingRequest)
   at li.qubic.trainer.Trainer.PingApi()
2024-04-21 13:23:52	ERROR	Failed loading Task. API Error: GatewayTimeout
2024-04-21 13:26:19	ERROR	Ping error: API Report Error: ServiceUnavailable(API Report Error: ServiceUnavailable)

System.Exception: API Report Error: ServiceUnavailable
   at li.qubic.trainer.Client.Ping(ReportRequest pingRequest)
   at li.qubic.trainer.Trainer.PingApi()
   at li.qubic.trainer.Client.Ping(ReportRequest pingRequest)
   at li.qubic.trainer.Trainer.PingApi()
2024-04-21 23:09:40	ERROR	Ping error: Попытка установить соединение была безуспешной, т.к. от другого компьютера за требуемое время не получен нужный отклик, или было разорвано уже установленное соединение из-за неверного отклика уже подключенного компьютера. (mine.qubic.li:443)(Попытка установить соединение была безуспешной, т.к. от другого компьютера за требуемое время не получен нужный отклик, или было разорвано уже установленное соединение из-за неверного отклика уже подключенного компьютера. (mine.qubic.li:443))

System.Net.Http.HttpRequestException: Попытка установить соединение была безуспешной, т.к. от другого компьютера за требуемое время не получен нужный отклик, или было разорвано уже установленное соединение из-за неверного отклика уже подключенного компьютера. (mine.qubic.li:443)
 ---> System.Net.Sockets.SocketException (10060): Попытка установить соединение была безуспешной, т.к. от другого компьютера за требуемое время не получен нужный отклик, или было разорвано уже установленное соединение из-за неверного отклика уже подключенного компьютера.
   at System.Net.Sockets.Socket.AwaitableSocketAsyncEventArgs.ThrowException(SocketError, CancellationToken)
   at System.Net.Sockets.Socket.AwaitableSocketAsyncEventArgs.System.Threading.Tasks.Sources.IValueTaskSource.GetResult(Int16)
   at System.Net.Sockets.Socket.<ConnectAsync>g__WaitForConnectWithCancellation|285_0(AwaitableSocketAsyncEventArgs, ValueTask, CancellationToken)
   at System.Net.Http.HttpConnectionPool.ConnectToTcpHostAsync(String, Int32, HttpRequestMessage, Boolean, CancellationToken)
   --- End of inner exception stack trace ---
   at System.Net.Http.HttpConnectionPool.ConnectToTcpHostAsync(String, Int32, HttpRequestMessage, Boolean, CancellationToken)
   at System.Net.Http.HttpConnectionPool.ConnectAsync(HttpRequestMessage, Boolean, CancellationToken)
   at System.Net.Http.HttpConnectionPool.AddHttp2ConnectionAsync(QueueItem)
   at System.Threading.Tasks.TaskCompletionSourceWithCancellation`1.WaitWithCancellationAsync(CancellationToken)
   at System.Net.Http.HttpConnectionPool.SendWithVersionDetectionAndRetryAsync(HttpRequestMessage, Boolean, Boolean, CancellationToken)
   at System.Net.Http.RedirectHandler.SendAsync(HttpRequestMessage, Boolean, CancellationToken)
   at System.Net.Http.HttpClient.<SendAsync>g__Core|83_0(HttpRequestMessage, HttpCompletionOption, CancellationTokenSource, Boolean, CancellationTokenSource, CancellationToken)
   at li.qubic.trainer.Client.Ping(ReportRequest pingRequest)
   at li.qubic.trainer.Trainer.PingApi()
   at System.Net.Http.HttpConnectionPool.ConnectToTcpHostAsync(String, Int32, HttpRequestMessage, Boolean, CancellationToken)
   at System.Net.Http.HttpConnectionPool.ConnectAsync(HttpRequestMessage, Boolean, CancellationToken)
   at System.Net.Http.HttpConnectionPool.AddHttp2ConnectionAsync(QueueItem)
   at System.Threading.Tasks.TaskCompletionSourceWithCancellation`1.WaitWithCancellationAsync(CancellationToken)
   at System.Net.Http.HttpConnectionPool.SendWithVersionDetectionAndRetryAsync(HttpRequestMessage, Boolean, Boolean, CancellationToken)
   at System.Net.Http.RedirectHandler.SendAsync(HttpRequestMessage, Boolean, CancellationToken)
   at System.Net.Http.HttpClient.<SendAsync>g__Core|83_0(HttpRequestMessage, HttpCompletionOption, CancellationTokenSource, Boolean, CancellationTokenSource, CancellationToken)
   at li.qubic.trainer.Client.Ping(ReportRequest pingRequest)
   at li.qubic.trainer.Trainer.PingApi()
   at System.Net.Sockets.Socket.AwaitableSocketAsyncEventArgs.ThrowException(SocketError, CancellationToken)
   at System.Net.Sockets.Socket.AwaitableSocketAsyncEventArgs.System.Threading.Tasks.Sources.IValueTaskSource.GetResult(Int16)
   at System.Net.Sockets.Socket.<ConnectAsync>g__WaitForConnectWithCancellation|285_0(AwaitableSocketAsyncEventArgs, ValueTask, CancellationToken)
   at System.Net.Http.HttpConnectionPool.ConnectToTcpHostAsync(String, Int32, HttpRequestMessage, Boolean, CancellationToken)
2024-04-21 23:15:32	ERROR	Failed loading Task(Попытка установить соединение была безуспешной, т.к. от другого компьютера за требуемое время не получен нужный отклик, или было разорвано уже установленное соединение из-за неверного отклика уже подключенного компьютера. (mine.qubic.li:443))

System.Net.Http.HttpRequestException: Попытка установить соединение была безуспешной, т.к. от другого компьютера за требуемое время не получен нужный отклик, или было разорвано уже установленное соединение из-за неверного отклика уже подключенного компьютера. (mine.qubic.li:443)
 ---> System.Net.Sockets.SocketException (10060): Попытка установить соединение была безуспешной, т.к. от другого компьютера за требуемое время не получен нужный отклик, или было разорвано уже установленное соединение из-за неверного отклика уже подключенного компьютера.
   at System.Net.Sockets.Socket.AwaitableSocketAsyncEventArgs.ThrowException(SocketError, CancellationToken)
   at System.Net.Sockets.Socket.AwaitableSocketAsyncEventArgs.System.Threading.Tasks.Sources.IValueTaskSource.GetResult(Int16)
   at System.Net.Sockets.Socket.<ConnectAsync>g__WaitForConnectWithCancellation|285_0(AwaitableSocketAsyncEventArgs, ValueTask, CancellationToken)
   at System.Net.Http.HttpConnectionPool.ConnectToTcpHostAsync(String, Int32, HttpRequestMessage, Boolean, CancellationToken)
   --- End of inner exception stack trace ---
   at System.Net.Http.HttpConnectionPool.ConnectToTcpHostAsync(String, Int32, HttpRequestMessage, Boolean, CancellationToken)
   at System.Net.Http.HttpConnectionPool.ConnectAsync(HttpRequestMessage, Boolean, CancellationToken)
   at System.Net.Http.HttpConnectionPool.AddHttp2ConnectionAsync(QueueItem)
   at System.Threading.Tasks.TaskCompletionSourceWithCancellation`1.WaitWithCancellationAsync(CancellationToken)
   at System.Net.Http.HttpConnectionPool.SendWithVersionDetectionAndRetryAsync(HttpRequestMessage, Boolean, Boolean, CancellationToken)
   at System.Net.Http.RedirectHandler.SendAsync(HttpRequestMessage, Boolean, CancellationToken)
   at System.Net.Http.HttpClient.<SendAsync>g__Core|83_0(HttpRequestMessage, HttpCompletionOption, CancellationTokenSource, Boolean, CancellationTokenSource, CancellationToken)
   at li.qubic.trainer.Client.GetTrainingSeed()
   at li.qubic.trainer.Trainer.LoadMiningSeed()
   at System.Net.Http.HttpConnectionPool.ConnectToTcpHostAsync(String, Int32, HttpRequestMessage, Boolean, CancellationToken)
   at System.Net.Http.HttpConnectionPool.ConnectAsync(HttpRequestMessage, Boolean, CancellationToken)
   at System.Net.Http.HttpConnectionPool.AddHttp2ConnectionAsync(QueueItem)
   at System.Threading.Tasks.TaskCompletionSourceWithCancellation`1.WaitWithCancellationAsync(CancellationToken)
   at System.Net.Http.HttpConnectionPool.SendWithVersionDetectionAndRetryAsync(HttpRequestMessage, Boolean, Boolean, CancellationToken)
   at System.Net.Http.RedirectHandler.SendAsync(HttpRequestMessage, Boolean, CancellationToken)
   at System.Net.Http.HttpClient.<SendAsync>g__Core|83_0(HttpRequestMessage, HttpCompletionOption, CancellationTokenSource, Boolean, CancellationTokenSource, CancellationToken)
   at li.qubic.trainer.Client.GetTrainingSeed()
   at li.qubic.trainer.Trainer.LoadMiningSeed()
   at System.Net.Sockets.Socket.AwaitableSocketAsyncEventArgs.ThrowException(SocketError, CancellationToken)
   at System.Net.Sockets.Socket.AwaitableSocketAsyncEventArgs.System.Threading.Tasks.Sources.IValueTaskSource.GetResult(Int16)
   at System.Net.Sockets.Socket.<ConnectAsync>g__WaitForConnectWithCancellation|285_0(AwaitableSocketAsyncEventArgs, ValueTask, CancellationToken)
   at System.Net.Http.HttpConnectionPool.ConnectToTcpHostAsync(String, Int32, HttpRequestMessage, Boolean, CancellationToken)
2024-04-21 23:16:51	ERROR	Ping error: Попытка установить соединение была безуспешной, т.к. от другого компьютера за требуемое время не получен нужный отклик, или было разорвано уже установленное соединение из-за неверного отклика уже подключенного компьютера. (mine.qubic.li:443)(Попытка установить соединение была безуспешной, т.к. от другого компьютера за требуемое время не получен нужный отклик, или было разорвано уже установленное соединение из-за неверного отклика уже подключенного компьютера. (mine.qubic.li:443))

System.Net.Http.HttpRequestException: Попытка установить соединение была безуспешной, т.к. от другого компьютера за требуемое время не получен нужный отклик, или было разорвано уже установленное соединение из-за неверного отклика уже подключенного компьютера. (mine.qubic.li:443)
 ---> System.Net.Sockets.SocketException (10060): Попытка установить соединение была безуспешной, т.к. от другого компьютера за требуемое время не получен нужный отклик, или было разорвано уже установленное соединение из-за неверного отклика уже подключенного компьютера.
   at System.Net.Sockets.Socket.AwaitableSocketAsyncEventArgs.ThrowException(SocketError, CancellationToken)
   at System.Net.Sockets.Socket.AwaitableSocketAsyncEventArgs.System.Threading.Tasks.Sources.IValueTaskSource.GetResult(Int16)
   at System.Net.Sockets.Socket.<ConnectAsync>g__WaitForConnectWithCancellation|285_0(AwaitableSocketAsyncEventArgs, ValueTask, CancellationToken)
   at System.Net.Http.HttpConnectionPool.ConnectToTcpHostAsync(String, Int32, HttpRequestMessage, Boolean, CancellationToken)
   --- End of inner exception stack trace ---
   at System.Net.Http.HttpConnectionPool.ConnectToTcpHostAsync(String, Int32, HttpRequestMessage, Boolean, CancellationToken)
   at System.Net.Http.HttpConnectionPool.ConnectAsync(HttpRequestMessage, Boolean, CancellationToken)
   at System.Net.Http.HttpConnectionPool.AddHttp2ConnectionAsync(QueueItem)
   at System.Threading.Tasks.TaskCompletionSourceWithCancellation`1.WaitWithCancellationAsync(CancellationToken)
   at System.Net.Http.HttpConnectionPool.SendWithVersionDetectionAndRetryAsync(HttpRequestMessage, Boolean, Boolean, CancellationToken)
   at System.Net.Http.RedirectHandler.SendAsync(HttpRequestMessage, Boolean, CancellationToken)
   at System.Net.Http.HttpClient.<SendAsync>g__Core|83_0(HttpRequestMessage, HttpCompletionOption, CancellationTokenSource, Boolean, CancellationTokenSource, CancellationToken)
   at li.qubic.trainer.Client.Ping(ReportRequest pingRequest)
   at li.qubic.trainer.Trainer.PingApi()
   at System.Net.Http.HttpConnectionPool.ConnectToTcpHostAsync(String, Int32, HttpRequestMessage, Boolean, CancellationToken)
   at System.Net.Http.HttpConnectionPool.ConnectAsync(HttpRequestMessage, Boolean, CancellationToken)
   at System.Net.Http.HttpConnectionPool.AddHttp2ConnectionAsync(QueueItem)
   at System.Threading.Tasks.TaskCompletionSourceWithCancellation`1.WaitWithCancellationAsync(CancellationToken)
   at System.Net.Http.HttpConnectionPool.SendWithVersionDetectionAndRetryAsync(HttpRequestMessage, Boolean, Boolean, CancellationToken)
   at System.Net.Http.RedirectHandler.SendAsync(HttpRequestMessage, Boolean, CancellationToken)
   at System.Net.Http.HttpClient.<SendAsync>g__Core|83_0(HttpRequestMessage, HttpCompletionOption, CancellationTokenSource, Boolean, CancellationTokenSource, CancellationToken)
   at li.qubic.trainer.Client.Ping(ReportRequest pingRequest)
   at li.qubic.trainer.Trainer.PingApi()
   at System.Net.Sockets.Socket.AwaitableSocketAsyncEventArgs.ThrowException(SocketError, CancellationToken)
   at System.Net.Sockets.Socket.AwaitableSocketAsyncEventArgs.System.Threading.Tasks.Sources.IValueTaskSource.GetResult(Int16)
   at System.Net.Sockets.Socket.<ConnectAsync>g__WaitForConnectWithCancellation|285_0(AwaitableSocketAsyncEventArgs, ValueTask, CancellationToken)
   at System.Net.Http.HttpConnectionPool.ConnectToTcpHostAsync(String, Int32, HttpRequestMessage, Boolean, CancellationToken)
2024-04-21 23:24:02	ERROR	Ping error: Попытка установить соединение была безуспешной, т.к. от другого компьютера за требуемое время не получен нужный отклик, или было разорвано уже установленное соединение из-за неверного отклика уже подключенного компьютера. (mine.qubic.li:443)(Попытка установить соединение была безуспешной, т.к. от другого компьютера за требуемое время не получен нужный отклик, или было разорвано уже установленное соединение из-за неверного отклика уже подключенного компьютера. (mine.qubic.li:443))

System.Net.Http.HttpRequestException: Попытка установить соединение была безуспешной, т.к. от другого компьютера за требуемое время не получен нужный отклик, или было разорвано уже установленное соединение из-за неверного отклика уже подключенного компьютера. (mine.qubic.li:443)
 ---> System.Net.Sockets.SocketException (10060): Попытка установить соединение была безуспешной, т.к. от другого компьютера за требуемое время не получен нужный отклик, или было разорвано уже установленное соединение из-за неверного отклика уже подключенного компьютера.
   at System.Net.Sockets.Socket.AwaitableSocketAsyncEventArgs.ThrowException(SocketError, CancellationToken)
   at System.Net.Sockets.Socket.AwaitableSocketAsyncEventArgs.System.Threading.Tasks.Sources.IValueTaskSource.GetResult(Int16)
   at System.Net.Sockets.Socket.<ConnectAsync>g__WaitForConnectWithCancellation|285_0(AwaitableSocketAsyncEventArgs, ValueTask, CancellationToken)
   at System.Net.Http.HttpConnectionPool.ConnectToTcpHostAsync(String, Int32, HttpRequestMessage, Boolean, CancellationToken)
   --- End of inner exception stack trace ---
   at System.Net.Http.HttpConnectionPool.ConnectToTcpHostAsync(String, Int32, HttpRequestMessage, Boolean, CancellationToken)
   at System.Net.Http.HttpConnectionPool.ConnectAsync(HttpRequestMessage, Boolean, CancellationToken)
   at System.Net.Http.HttpConnectionPool.AddHttp2ConnectionAsync(QueueItem)
   at System.Threading.Tasks.TaskCompletionSourceWithCancellation`1.WaitWithCancellationAsync(CancellationToken)
   at System.Net.Http.HttpConnectionPool.SendWithVersionDetectionAndRetryAsync(HttpRequestMessage, Boolean, Boolean, CancellationToken)
   at System.Net.Http.RedirectHandler.SendAsync(HttpRequestMessage, Boolean, CancellationToken)
   at System.Net.Http.HttpClient.<SendAsync>g__Core|83_0(HttpRequestMessage, HttpCompletionOption, CancellationTokenSource, Boolean, CancellationTokenSource, CancellationToken)
   at li.qubic.trainer.Client.Ping(ReportRequest pingRequest)
   at li.qubic.trainer.Trainer.PingApi()
   at System.Net.Http.HttpConnectionPool.ConnectToTcpHostAsync(String, Int32, HttpRequestMessage, Boolean, CancellationToken)
   at System.Net.Http.HttpConnectionPool.ConnectAsync(HttpRequestMessage, Boolean, CancellationToken)
   at System.Net.Http.HttpConnectionPool.AddHttp2ConnectionAsync(QueueItem)
   at System.Threading.Tasks.TaskCompletionSourceWithCancellation`1.WaitWithCancellationAsync(CancellationToken)
   at System.Net.Http.HttpConnectionPool.SendWithVersionDetectionAndRetryAsync(HttpRequestMessage, Boolean, Boolean, CancellationToken)
   at System.Net.Http.RedirectHandler.SendAsync(HttpRequestMessage, Boolean, CancellationToken)
   at System.Net.Http.HttpClient.<SendAsync>g__Core|83_0(HttpRequestMessage, HttpCompletionOption, CancellationTokenSource, Boolean, CancellationTokenSource, CancellationToken)
   at li.qubic.trainer.Client.Ping(ReportRequest pingRequest)
   at li.qubic.trainer.Trainer.PingApi()
   at System.Net.Sockets.Socket.AwaitableSocketAsyncEventArgs.ThrowException(SocketError, CancellationToken)
   at System.Net.Sockets.Socket.AwaitableSocketAsyncEventArgs.System.Threading.Tasks.Sources.IValueTaskSource.GetResult(Int16)
   at System.Net.Sockets.Socket.<ConnectAsync>g__WaitForConnectWithCancellation|285_0(AwaitableSocketAsyncEventArgs, ValueTask, CancellationToken)
   at System.Net.Http.HttpConnectionPool.ConnectToTcpHostAsync(String, Int32, HttpRequestMessage, Boolean, CancellationToken)
2024-04-21 23:26:15	ERROR	Failed loading Task(Попытка установить соединение была безуспешной, т.к. от другого компьютера за требуемое время не получен нужный отклик, или было разорвано уже установленное соединение из-за неверного отклика уже подключенного компьютера. (mine.qubic.li:443))

System.Net.Http.HttpRequestException: Попытка установить соединение была безуспешной, т.к. от другого компьютера за требуемое время не получен нужный отклик, или было разорвано уже установленное соединение из-за неверного отклика уже подключенного компьютера. (mine.qubic.li:443)
 ---> System.Net.Sockets.SocketException (10060): Попытка установить соединение была безуспешной, т.к. от другого компьютера за требуемое время не получен нужный отклик, или было разорвано уже установленное соединение из-за неверного отклика уже подключенного компьютера.
   at System.Net.Sockets.Socket.AwaitableSocketAsyncEventArgs.ThrowException(SocketError, CancellationToken)
   at System.Net.Sockets.Socket.AwaitableSocketAsyncEventArgs.System.Threading.Tasks.Sources.IValueTaskSource.GetResult(Int16)
   at System.Net.Sockets.Socket.<ConnectAsync>g__WaitForConnectWithCancellation|285_0(AwaitableSocketAsyncEventArgs, ValueTask, CancellationToken)
   at System.Net.Http.HttpConnectionPool.ConnectToTcpHostAsync(String, Int32, HttpRequestMessage, Boolean, CancellationToken)
   --- End of inner exception stack trace ---
   at System.Net.Http.HttpConnectionPool.ConnectToTcpHostAsync(String, Int32, HttpRequestMessage, Boolean, CancellationToken)
   at System.Net.Http.HttpConnectionPool.ConnectAsync(HttpRequestMessage, Boolean, CancellationToken)
   at System.Net.Http.HttpConnectionPool.AddHttp2ConnectionAsync(QueueItem)
   at System.Threading.Tasks.TaskCompletionSourceWithCancellation`1.WaitWithCancellationAsync(CancellationToken)
   at System.Net.Http.HttpConnectionPool.SendWithVersionDetectionAndRetryAsync(HttpRequestMessage, Boolean, Boolean, CancellationToken)
   at System.Net.Http.RedirectHandler.SendAsync(HttpRequestMessage, Boolean, CancellationToken)
   at System.Net.Http.HttpClient.<SendAsync>g__Core|83_0(HttpRequestMessage, HttpCompletionOption, CancellationTokenSource, Boolean, CancellationTokenSource, CancellationToken)
   at li.qubic.trainer.Client.GetTrainingSeed()
   at li.qubic.trainer.Trainer.LoadMiningSeed()
   at System.Net.Http.HttpConnectionPool.ConnectToTcpHostAsync(String, Int32, HttpRequestMessage, Boolean, CancellationToken)
   at System.Net.Http.HttpConnectionPool.ConnectAsync(HttpRequestMessage, Boolean, CancellationToken)
   at System.Net.Http.HttpConnectionPool.AddHttp2ConnectionAsync(QueueItem)
   at System.Threading.Tasks.TaskCompletionSourceWithCancellation`1.WaitWithCancellationAsync(CancellationToken)
   at System.Net.Http.HttpConnectionPool.SendWithVersionDetectionAndRetryAsync(HttpRequestMessage, Boolean, Boolean, CancellationToken)
   at System.Net.Http.RedirectHandler.SendAsync(HttpRequestMessage, Boolean, CancellationToken)
   at System.Net.Http.HttpClient.<SendAsync>g__Core|83_0(HttpRequestMessage, HttpCompletionOption, CancellationTokenSource, Boolean, CancellationTokenSource, CancellationToken)
   at li.qubic.trainer.Client.GetTrainingSeed()
   at li.qubic.trainer.Trainer.LoadMiningSeed()
   at System.Net.Sockets.Socket.AwaitableSocketAsyncEventArgs.ThrowException(SocketError, CancellationToken)
   at System.Net.Sockets.Socket.AwaitableSocketAsyncEventArgs.System.Threading.Tasks.Sources.IValueTaskSource.GetResult(Int16)
   at System.Net.Sockets.Socket.<ConnectAsync>g__WaitForConnectWithCancellation|285_0(AwaitableSocketAsyncEventArgs, ValueTask, CancellationToken)
   at System.Net.Http.HttpConnectionPool.ConnectToTcpHostAsync(String, Int32, HttpRequestMessage, Boolean, CancellationToken)
2024-04-21 23:31:14	ERROR	Ping error: Попытка установить соединение была безуспешной, т.к. от другого компьютера за требуемое время не получен нужный отклик, или было разорвано уже установленное соединение из-за неверного отклика уже подключенного компьютера. (mine.qubic.li:443)(Попытка установить соединение была безуспешной, т.к. от другого компьютера за требуемое время не получен нужный отклик, или было разорвано уже установленное соединение из-за неверного отклика уже подключенного компьютера. (mine.qubic.li:443))

System.Net.Http.HttpRequestException: Попытка установить соединение была безуспешной, т.к. от другого компьютера за требуемое время не получен нужный отклик, или было разорвано уже установленное соединение из-за неверного отклика уже подключенного компьютера. (mine.qubic.li:443)
 ---> System.Net.Sockets.SocketException (10060): Попытка установить соединение была безуспешной, т.к. от другого компьютера за требуемое время не получен нужный отклик, или было разорвано уже установленное соединение из-за неверного отклика уже подключенного компьютера.
   at System.Net.Sockets.Socket.AwaitableSocketAsyncEventArgs.ThrowException(SocketError, CancellationToken)
   at System.Net.Sockets.Socket.AwaitableSocketAsyncEventArgs.System.Threading.Tasks.Sources.IValueTaskSource.GetResult(Int16)
   at System.Net.Sockets.Socket.<ConnectAsync>g__WaitForConnectWithCancellation|285_0(AwaitableSocketAsyncEventArgs, ValueTask, CancellationToken)
   at System.Net.Http.HttpConnectionPool.ConnectToTcpHostAsync(String, Int32, HttpRequestMessage, Boolean, CancellationToken)
   --- End of inner exception stack trace ---
   at System.Net.Http.HttpConnectionPool.ConnectToTcpHostAsync(String, Int32, HttpRequestMessage, Boolean, CancellationToken)
   at System.Net.Http.HttpConnectionPool.ConnectAsync(HttpRequestMessage, Boolean, CancellationToken)
   at System.Net.Http.HttpConnectionPool.AddHttp2ConnectionAsync(QueueItem)
   at System.Threading.Tasks.TaskCompletionSourceWithCancellation`1.WaitWithCancellationAsync(CancellationToken)
   at System.Net.Http.HttpConnectionPool.SendWithVersionDetectionAndRetryAsync(HttpRequestMessage, Boolean, Boolean, CancellationToken)
   at System.Net.Http.RedirectHandler.SendAsync(HttpRequestMessage, Boolean, CancellationToken)
   at System.Net.Http.HttpClient.<SendAsync>g__Core|83_0(HttpRequestMessage, HttpCompletionOption, CancellationTokenSource, Boolean, CancellationTokenSource, CancellationToken)
   at li.qubic.trainer.Client.Ping(ReportRequest pingRequest)
   at li.qubic.trainer.Trainer.PingApi()
   at System.Net.Http.HttpConnectionPool.ConnectToTcpHostAsync(String, Int32, HttpRequestMessage, Boolean, CancellationToken)
   at System.Net.Http.HttpConnectionPool.ConnectAsync(HttpRequestMessage, Boolean, CancellationToken)
   at System.Net.Http.HttpConnectionPool.AddHttp2ConnectionAsync(QueueItem)
   at System.Threading.Tasks.TaskCompletionSourceWithCancellation`1.WaitWithCancellationAsync(CancellationToken)
   at System.Net.Http.HttpConnectionPool.SendWithVersionDetectionAndRetryAsync(HttpRequestMessage, Boolean, Boolean, CancellationToken)
   at System.Net.Http.RedirectHandler.SendAsync(HttpRequestMessage, Boolean, CancellationToken)
   at System.Net.Http.HttpClient.<SendAsync>g__Core|83_0(HttpRequestMessage, HttpCompletionOption, CancellationTokenSource, Boolean, CancellationTokenSource, CancellationToken)
   at li.qubic.trainer.Client.Ping(ReportRequest pingRequest)
   at li.qubic.trainer.Trainer.PingApi()
   at System.Net.Sockets.Socket.AwaitableSocketAsyncEventArgs.ThrowException(SocketError, CancellationToken)
   at System.Net.Sockets.Socket.AwaitableSocketAsyncEventArgs.System.Threading.Tasks.Sources.IValueTaskSource.GetResult(Int16)
   at System.Net.Sockets.Socket.<ConnectAsync>g__WaitForConnectWithCancellation|285_0(AwaitableSocketAsyncEventArgs, ValueTask, CancellationToken)
   at System.Net.Http.HttpConnectionPool.ConnectToTcpHostAsync(String, Int32, HttpRequestMessage, Boolean, CancellationToken)
2024-04-21 23:36:58	ERROR	Failed loading Task(Попытка установить соединение была безуспешной, т.к. от другого компьютера за требуемое время не получен нужный отклик, или было разорвано уже установленное соединение из-за неверного отклика уже подключенного компьютера. (mine.qubic.li:443))

System.Net.Http.HttpRequestException: Попытка установить соединение была безуспешной, т.к. от другого компьютера за требуемое время не получен нужный отклик, или было разорвано уже установленное соединение из-за неверного отклика уже подключенного компьютера. (mine.qubic.li:443)
 ---> System.Net.Sockets.SocketException (10060): Попытка установить соединение была безуспешной, т.к. от другого компьютера за требуемое время не получен нужный отклик, или было разорвано уже установленное соединение из-за неверного отклика уже подключенного компьютера.
   at System.Net.Sockets.Socket.AwaitableSocketAsyncEventArgs.ThrowException(SocketError, CancellationToken)
   at System.Net.Sockets.Socket.AwaitableSocketAsyncEventArgs.System.Threading.Tasks.Sources.IValueTaskSource.GetResult(Int16)
   at System.Net.Sockets.Socket.<ConnectAsync>g__WaitForConnectWithCancellation|285_0(AwaitableSocketAsyncEventArgs, ValueTask, CancellationToken)
   at System.Net.Http.HttpConnectionPool.ConnectToTcpHostAsync(String, Int32, HttpRequestMessage, Boolean, CancellationToken)
   --- End of inner exception stack trace ---
   at System.Net.Http.HttpConnectionPool.ConnectToTcpHostAsync(String, Int32, HttpRequestMessage, Boolean, CancellationToken)
   at System.Net.Http.HttpConnectionPool.ConnectAsync(HttpRequestMessage, Boolean, CancellationToken)
   at System.Net.Http.HttpConnectionPool.AddHttp2ConnectionAsync(QueueItem)
   at System.Threading.Tasks.TaskCompletionSourceWithCancellation`1.WaitWithCancellationAsync(CancellationToken)
   at System.Net.Http.HttpConnectionPool.SendWithVersionDetectionAndRetryAsync(HttpRequestMessage, Boolean, Boolean, CancellationToken)
   at System.Net.Http.RedirectHandler.SendAsync(HttpRequestMessage, Boolean, CancellationToken)
   at System.Net.Http.HttpClient.<SendAsync>g__Core|83_0(HttpRequestMessage, HttpCompletionOption, CancellationTokenSource, Boolean, CancellationTokenSource, CancellationToken)
   at li.qubic.trainer.Client.GetTrainingSeed()
   at li.qubic.trainer.Trainer.LoadMiningSeed()
   at System.Net.Http.HttpConnectionPool.ConnectToTcpHostAsync(String, Int32, HttpRequestMessage, Boolean, CancellationToken)
   at System.Net.Http.HttpConnectionPool.ConnectAsync(HttpRequestMessage, Boolean, CancellationToken)
   at System.Net.Http.HttpConnectionPool.AddHttp2ConnectionAsync(QueueItem)
   at System.Threading.Tasks.TaskCompletionSourceWithCancellation`1.WaitWithCancellationAsync(CancellationToken)
   at System.Net.Http.HttpConnectionPool.SendWithVersionDetectionAndRetryAsync(HttpRequestMessage, Boolean, Boolean, CancellationToken)
   at System.Net.Http.RedirectHandler.SendAsync(HttpRequestMessage, Boolean, CancellationToken)
   at System.Net.Http.HttpClient.<SendAsync>g__Core|83_0(HttpRequestMessage, HttpCompletionOption, CancellationTokenSource, Boolean, CancellationTokenSource, CancellationToken)
   at li.qubic.trainer.Client.GetTrainingSeed()
   at li.qubic.trainer.Trainer.LoadMiningSeed()
   at System.Net.Sockets.Socket.AwaitableSocketAsyncEventArgs.ThrowException(SocketError, CancellationToken)
   at System.Net.Sockets.Socket.AwaitableSocketAsyncEventArgs.System.Threading.Tasks.Sources.IValueTaskSource.GetResult(Int16)
   at System.Net.Sockets.Socket.<ConnectAsync>g__WaitForConnectWithCancellation|285_0(AwaitableSocketAsyncEventArgs, ValueTask, CancellationToken)
   at System.Net.Http.HttpConnectionPool.ConnectToTcpHostAsync(String, Int32, HttpRequestMessage, Boolean, CancellationToken)
2024-04-21 23:38:25	ERROR	Ping error: Попытка установить соединение была безуспешной, т.к. от другого компьютера за требуемое время не получен нужный отклик, или было разорвано уже установленное соединение из-за неверного отклика уже подключенного компьютера. (mine.qubic.li:443)(Попытка установить соединение была безуспешной, т.к. от другого компьютера за требуемое время не получен нужный отклик, или было разорвано уже установленное соединение из-за неверного отклика уже подключенного компьютера. (mine.qubic.li:443))

System.Net.Http.HttpRequestException: Попытка установить соединение была безуспешной, т.к. от другого компьютера за требуемое время не получен нужный отклик, или было разорвано уже установленное соединение из-за неверного отклика уже подключенного компьютера. (mine.qubic.li:443)
 ---> System.Net.Sockets.SocketException (10060): Попытка установить соединение была безуспешной, т.к. от другого компьютера за требуемое время не получен нужный отклик, или было разорвано уже установленное соединение из-за неверного отклика уже подключенного компьютера.
   at System.Net.Sockets.Socket.AwaitableSocketAsyncEventArgs.ThrowException(SocketError, CancellationToken)
   at System.Net.Sockets.Socket.AwaitableSocketAsyncEventArgs.System.Threading.Tasks.Sources.IValueTaskSource.GetResult(Int16)
   at System.Net.Sockets.Socket.<ConnectAsync>g__WaitForConnectWithCancellation|285_0(AwaitableSocketAsyncEventArgs, ValueTask, CancellationToken)
   at System.Net.Http.HttpConnectionPool.ConnectToTcpHostAsync(String, Int32, HttpRequestMessage, Boolean, CancellationToken)
   --- End of inner exception stack trace ---
   at System.Net.Http.HttpConnectionPool.ConnectToTcpHostAsync(String, Int32, HttpRequestMessage, Boolean, CancellationToken)
   at System.Net.Http.HttpConnectionPool.ConnectAsync(HttpRequestMessage, Boolean, CancellationToken)
   at System.Net.Http.HttpConnectionPool.AddHttp2ConnectionAsync(QueueItem)
   at System.Threading.Tasks.TaskCompletionSourceWithCancellation`1.WaitWithCancellationAsync(CancellationToken)
   at System.Net.Http.HttpConnectionPool.SendWithVersionDetectionAndRetryAsync(HttpRequestMessage, Boolean, Boolean, CancellationToken)
   at System.Net.Http.RedirectHandler.SendAsync(HttpRequestMessage, Boolean, CancellationToken)
   at System.Net.Http.HttpClient.<SendAsync>g__Core|83_0(HttpRequestMessage, HttpCompletionOption, CancellationTokenSource, Boolean, CancellationTokenSource, CancellationToken)
   at li.qubic.trainer.Client.Ping(ReportRequest pingRequest)
   at li.qubic.trainer.Trainer.PingApi()
   at System.Net.Http.HttpConnectionPool.ConnectToTcpHostAsync(String, Int32, HttpRequestMessage, Boolean, CancellationToken)
   at System.Net.Http.HttpConnectionPool.ConnectAsync(HttpRequestMessage, Boolean, CancellationToken)
   at System.Net.Http.HttpConnectionPool.AddHttp2ConnectionAsync(QueueItem)
   at System.Threading.Tasks.TaskCompletionSourceWithCancellation`1.WaitWithCancellationAsync(CancellationToken)
   at System.Net.Http.HttpConnectionPool.SendWithVersionDetectionAndRetryAsync(HttpRequestMessage, Boolean, Boolean, CancellationToken)
   at System.Net.Http.RedirectHandler.SendAsync(HttpRequestMessage, Boolean, CancellationToken)
   at System.Net.Http.HttpClient.<SendAsync>g__Core|83_0(HttpRequestMessage, HttpCompletionOption, CancellationTokenSource, Boolean, CancellationTokenSource, CancellationToken)
   at li.qubic.trainer.Client.Ping(ReportRequest pingRequest)
   at li.qubic.trainer.Trainer.PingApi()
   at System.Net.Sockets.Socket.AwaitableSocketAsyncEventArgs.ThrowException(SocketError, CancellationToken)
   at System.Net.Sockets.Socket.AwaitableSocketAsyncEventArgs.System.Threading.Tasks.Sources.IValueTaskSource.GetResult(Int16)
   at System.Net.Sockets.Socket.<ConnectAsync>g__WaitForConnectWithCancellation|285_0(AwaitableSocketAsyncEventArgs, ValueTask, CancellationToken)
   at System.Net.Http.HttpConnectionPool.ConnectToTcpHostAsync(String, Int32, HttpRequestMessage, Boolean, CancellationToken)
2024-04-21 23:45:36	ERROR	Ping error: Попытка установить соединение была безуспешной, т.к. от другого компьютера за требуемое время не получен нужный отклик, или было разорвано уже установленное соединение из-за неверного отклика уже подключенного компьютера. (mine.qubic.li:443)(Попытка установить соединение была безуспешной, т.к. от другого компьютера за требуемое время не получен нужный отклик, или было разорвано уже установленное соединение из-за неверного отклика уже подключенного компьютера. (mine.qubic.li:443))

System.Net.Http.HttpRequestException: Попытка установить соединение была безуспешной, т.к. от другого компьютера за требуемое время не получен нужный отклик, или было разорвано уже установленное соединение из-за неверного отклика уже подключенного компьютера. (mine.qubic.li:443)
 ---> System.Net.Sockets.SocketException (10060): Попытка установить соединение была безуспешной, т.к. от другого компьютера за требуемое время не получен нужный отклик, или было разорвано уже установленное соединение из-за неверного отклика уже подключенного компьютера.
   at System.Net.Sockets.Socket.AwaitableSocketAsyncEventArgs.ThrowException(SocketError, CancellationToken)
   at System.Net.Sockets.Socket.AwaitableSocketAsyncEventArgs.System.Threading.Tasks.Sources.IValueTaskSource.GetResult(Int16)
   at System.Net.Sockets.Socket.<ConnectAsync>g__WaitForConnectWithCancellation|285_0(AwaitableSocketAsyncEventArgs, ValueTask, CancellationToken)
   at System.Net.Http.HttpConnectionPool.ConnectToTcpHostAsync(String, Int32, HttpRequestMessage, Boolean, CancellationToken)
   --- End of inner exception stack trace ---
   at System.Net.Http.HttpConnectionPool.ConnectToTcpHostAsync(String, Int32, HttpRequestMessage, Boolean, CancellationToken)
   at System.Net.Http.HttpConnectionPool.ConnectAsync(HttpRequestMessage, Boolean, CancellationToken)
   at System.Net.Http.HttpConnectionPool.AddHttp2ConnectionAsync(QueueItem)
   at System.Threading.Tasks.TaskCompletionSourceWithCancellation`1.WaitWithCancellationAsync(CancellationToken)
   at System.Net.Http.HttpConnectionPool.SendWithVersionDetectionAndRetryAsync(HttpRequestMessage, Boolean, Boolean, CancellationToken)
   at System.Net.Http.RedirectHandler.SendAsync(HttpRequestMessage, Boolean, CancellationToken)
   at System.Net.Http.HttpClient.<SendAsync>g__Core|83_0(HttpRequestMessage, HttpCompletionOption, CancellationTokenSource, Boolean, CancellationTokenSource, CancellationToken)
   at li.qubic.trainer.Client.Ping(ReportRequest pingRequest)
   at li.qubic.trainer.Trainer.PingApi()
   at System.Net.Http.HttpConnectionPool.ConnectToTcpHostAsync(String, Int32, HttpRequestMessage, Boolean, CancellationToken)
   at System.Net.Http.HttpConnectionPool.ConnectAsync(HttpRequestMessage, Boolean, CancellationToken)
   at System.Net.Http.HttpConnectionPool.AddHttp2ConnectionAsync(QueueItem)
   at System.Threading.Tasks.TaskCompletionSourceWithCancellation`1.WaitWithCancellationAsync(CancellationToken)
   at System.Net.Http.HttpConnectionPool.SendWithVersionDetectionAndRetryAsync(HttpRequestMessage, Boolean, Boolean, CancellationToken)
   at System.Net.Http.RedirectHandler.SendAsync(HttpRequestMessage, Boolean, CancellationToken)
   at System.Net.Http.HttpClient.<SendAsync>g__Core|83_0(HttpRequestMessage, HttpCompletionOption, CancellationTokenSource, Boolean, CancellationTokenSource, CancellationToken)
   at li.qubic.trainer.Client.Ping(ReportRequest pingRequest)
   at li.qubic.trainer.Trainer.PingApi()
   at System.Net.Sockets.Socket.AwaitableSocketAsyncEventArgs.ThrowException(SocketError, CancellationToken)
   at System.Net.Sockets.Socket.AwaitableSocketAsyncEventArgs.System.Threading.Tasks.Sources.IValueTaskSource.GetResult(Int16)
   at System.Net.Sockets.Socket.<ConnectAsync>g__WaitForConnectWithCancellation|285_0(AwaitableSocketAsyncEventArgs, ValueTask, CancellationToken)
   at System.Net.Http.HttpConnectionPool.ConnectToTcpHostAsync(String, Int32, HttpRequestMessage, Boolean, CancellationToken)
2024-04-21 23:47:40	ERROR	Failed loading Task(Попытка установить соединение была безуспешной, т.к. от другого компьютера за требуемое время не получен нужный отклик, или было разорвано уже установленное соединение из-за неверного отклика уже подключенного компьютера. (mine.qubic.li:443))

System.Net.Http.HttpRequestException: Попытка установить соединение была безуспешной, т.к. от другого компьютера за требуемое время не получен нужный отклик, или было разорвано уже установленное соединение из-за неверного отклика уже подключенного компьютера. (mine.qubic.li:443)
 ---> System.Net.Sockets.SocketException (10060): Попытка установить соединение была безуспешной, т.к. от другого компьютера за требуемое время не получен нужный отклик, или было разорвано уже установленное соединение из-за неверного отклика уже подключенного компьютера.
   at System.Net.Sockets.Socket.AwaitableSocketAsyncEventArgs.ThrowException(SocketError, CancellationToken)
   at System.Net.Sockets.Socket.AwaitableSocketAsyncEventArgs.System.Threading.Tasks.Sources.IValueTaskSource.GetResult(Int16)
   at System.Net.Sockets.Socket.<ConnectAsync>g__WaitForConnectWithCancellation|285_0(AwaitableSocketAsyncEventArgs, ValueTask, CancellationToken)
   at System.Net.Http.HttpConnectionPool.ConnectToTcpHostAsync(String, Int32, HttpRequestMessage, Boolean, CancellationToken)
   --- End of inner exception stack trace ---
   at System.Net.Http.HttpConnectionPool.ConnectToTcpHostAsync(String, Int32, HttpRequestMessage, Boolean, CancellationToken)
   at System.Net.Http.HttpConnectionPool.ConnectAsync(HttpRequestMessage, Boolean, CancellationToken)
   at System.Net.Http.HttpConnectionPool.AddHttp2ConnectionAsync(QueueItem)
   at System.Threading.Tasks.TaskCompletionSourceWithCancellation`1.WaitWithCancellationAsync(CancellationToken)
   at System.Net.Http.HttpConnectionPool.SendWithVersionDetectionAndRetryAsync(HttpRequestMessage, Boolean, Boolean, CancellationToken)
   at System.Net.Http.RedirectHandler.SendAsync(HttpRequestMessage, Boolean, CancellationToken)
   at System.Net.Http.HttpClient.<SendAsync>g__Core|83_0(HttpRequestMessage, HttpCompletionOption, CancellationTokenSource, Boolean, CancellationTokenSource, CancellationToken)
   at li.qubic.trainer.Client.GetTrainingSeed()
   at li.qubic.trainer.Trainer.LoadMiningSeed()
   at System.Net.Http.HttpConnectionPool.ConnectToTcpHostAsync(String, Int32, HttpRequestMessage, Boolean, CancellationToken)
   at System.Net.Http.HttpConnectionPool.ConnectAsync(HttpRequestMessage, Boolean, CancellationToken)
   at System.Net.Http.HttpConnectionPool.AddHttp2ConnectionAsync(QueueItem)
   at System.Threading.Tasks.TaskCompletionSourceWithCancellation`1.WaitWithCancellationAsync(CancellationToken)
   at System.Net.Http.HttpConnectionPool.SendWithVersionDetectionAndRetryAsync(HttpRequestMessage, Boolean, Boolean, CancellationToken)
   at System.Net.Http.RedirectHandler.SendAsync(HttpRequestMessage, Boolean, CancellationToken)
   at System.Net.Http.HttpClient.<SendAsync>g__Core|83_0(HttpRequestMessage, HttpCompletionOption, CancellationTokenSource, Boolean, CancellationTokenSource, CancellationToken)
   at li.qubic.trainer.Client.GetTrainingSeed()
   at li.qubic.trainer.Trainer.LoadMiningSeed()
   at System.Net.Sockets.Socket.AwaitableSocketAsyncEventArgs.ThrowException(SocketError, CancellationToken)
   at System.Net.Sockets.Socket.AwaitableSocketAsyncEventArgs.System.Threading.Tasks.Sources.IValueTaskSource.GetResult(Int16)
   at System.Net.Sockets.Socket.<ConnectAsync>g__WaitForConnectWithCancellation|285_0(AwaitableSocketAsyncEventArgs, ValueTask, CancellationToken)
   at System.Net.Http.HttpConnectionPool.ConnectToTcpHostAsync(String, Int32, HttpRequestMessage, Boolean, CancellationToken)
2024-04-21 23:52:46	ERROR	Ping error: Попытка установить соединение была безуспешной, т.к. от другого компьютера за требуемое время не получен нужный отклик, или было разорвано уже установленное соединение из-за неверного отклика уже подключенного компьютера. (mine.qubic.li:443)(Попытка установить соединение была безуспешной, т.к. от другого компьютера за требуемое время не получен нужный отклик, или было разорвано уже установленное соединение из-за неверного отклика уже подключенного компьютера. (mine.qubic.li:443))

System.Net.Http.HttpRequestException: Попытка установить соединение была безуспешной, т.к. от другого компьютера за требуемое время не получен нужный отклик, или было разорвано уже установленное соединение из-за неверного отклика уже подключенного компьютера. (mine.qubic.li:443)
 ---> System.Net.Sockets.SocketException (10060): Попытка установить соединение была безуспешной, т.к. от другого компьютера за требуемое время не получен нужный отклик, или было разорвано уже установленное соединение из-за неверного отклика уже подключенного компьютера.
   at System.Net.Sockets.Socket.AwaitableSocketAsyncEventArgs.ThrowException(SocketError, CancellationToken)
   at System.Net.Sockets.Socket.AwaitableSocketAsyncEventArgs.System.Threading.Tasks.Sources.IValueTaskSource.GetResult(Int16)
   at System.Net.Sockets.Socket.<ConnectAsync>g__WaitForConnectWithCancellation|285_0(AwaitableSocketAsyncEventArgs, ValueTask, CancellationToken)
   at System.Net.Http.HttpConnectionPool.ConnectToTcpHostAsync(String, Int32, HttpRequestMessage, Boolean, CancellationToken)
   --- End of inner exception stack trace ---
   at System.Net.Http.HttpConnectionPool.ConnectToTcpHostAsync(String, Int32, HttpRequestMessage, Boolean, CancellationToken)
   at System.Net.Http.HttpConnectionPool.ConnectAsync(HttpRequestMessage, Boolean, CancellationToken)
   at System.Net.Http.HttpConnectionPool.AddHttp2ConnectionAsync(QueueItem)
   at System.Threading.Tasks.TaskCompletionSourceWithCancellation`1.WaitWithCancellationAsync(CancellationToken)
   at System.Net.Http.HttpConnectionPool.SendWithVersionDetectionAndRetryAsync(HttpRequestMessage, Boolean, Boolean, CancellationToken)
   at System.Net.Http.RedirectHandler.SendAsync(HttpRequestMessage, Boolean, CancellationToken)
   at System.Net.Http.HttpClient.<SendAsync>g__Core|83_0(HttpRequestMessage, HttpCompletionOption, CancellationTokenSource, Boolean, CancellationTokenSource, CancellationToken)
   at li.qubic.trainer.Client.Ping(ReportRequest pingRequest)
   at li.qubic.trainer.Trainer.PingApi()
   at System.Net.Http.HttpConnectionPool.ConnectToTcpHostAsync(String, Int32, HttpRequestMessage, Boolean, CancellationToken)
   at System.Net.Http.HttpConnectionPool.ConnectAsync(HttpRequestMessage, Boolean, CancellationToken)
   at System.Net.Http.HttpConnectionPool.AddHttp2ConnectionAsync(QueueItem)
   at System.Threading.Tasks.TaskCompletionSourceWithCancellation`1.WaitWithCancellationAsync(CancellationToken)
   at System.Net.Http.HttpConnectionPool.SendWithVersionDetectionAndRetryAsync(HttpRequestMessage, Boolean, Boolean, CancellationToken)
   at System.Net.Http.RedirectHandler.SendAsync(HttpRequestMessage, Boolean, CancellationToken)
   at System.Net.Http.HttpClient.<SendAsync>g__Core|83_0(HttpRequestMessage, HttpCompletionOption, CancellationTokenSource, Boolean, CancellationTokenSource, CancellationToken)
   at li.qubic.trainer.Client.Ping(ReportRequest pingRequest)
   at li.qubic.trainer.Trainer.PingApi()
   at System.Net.Sockets.Socket.AwaitableSocketAsyncEventArgs.ThrowException(SocketError, CancellationToken)
   at System.Net.Sockets.Socket.AwaitableSocketAsyncEventArgs.System.Threading.Tasks.Sources.IValueTaskSource.GetResult(Int16)
   at System.Net.Sockets.Socket.<ConnectAsync>g__WaitForConnectWithCancellation|285_0(AwaitableSocketAsyncEventArgs, ValueTask, CancellationToken)
   at System.Net.Http.HttpConnectionPool.ConnectToTcpHostAsync(String, Int32, HttpRequestMessage, Boolean, CancellationToken)
2024-04-21 23:58:24	ERROR	Failed loading Task(Попытка установить соединение была безуспешной, т.к. от другого компьютера за требуемое время не получен нужный отклик, или было разорвано уже установленное соединение из-за неверного отклика уже подключенного компьютера. (mine.qubic.li:443))

System.Net.Http.HttpRequestException: Попытка установить соединение была безуспешной, т.к. от другого компьютера за требуемое время не получен нужный отклик, или было разорвано уже установленное соединение из-за неверного отклика уже подключенного компьютера. (mine.qubic.li:443)
 ---> System.Net.Sockets.SocketException (10060): Попытка установить соединение была безуспешной, т.к. от другого компьютера за требуемое время не получен нужный отклик, или было разорвано уже установленное соединение из-за неверного отклика уже подключенного компьютера.
   at System.Net.Sockets.Socket.AwaitableSocketAsyncEventArgs.ThrowException(SocketError, CancellationToken)
   at System.Net.Sockets.Socket.AwaitableSocketAsyncEventArgs.System.Threading.Tasks.Sources.IValueTaskSource.GetResult(Int16)
   at System.Net.Sockets.Socket.<ConnectAsync>g__WaitForConnectWithCancellation|285_0(AwaitableSocketAsyncEventArgs, ValueTask, CancellationToken)
   at System.Net.Http.HttpConnectionPool.ConnectToTcpHostAsync(String, Int32, HttpRequestMessage, Boolean, CancellationToken)
   --- End of inner exception stack trace ---
   at System.Net.Http.HttpConnectionPool.ConnectToTcpHostAsync(String, Int32, HttpRequestMessage, Boolean, CancellationToken)
   at System.Net.Http.HttpConnectionPool.ConnectAsync(HttpRequestMessage, Boolean, CancellationToken)
   at System.Net.Http.HttpConnectionPool.AddHttp2ConnectionAsync(QueueItem)
   at System.Threading.Tasks.TaskCompletionSourceWithCancellation`1.WaitWithCancellationAsync(CancellationToken)
   at System.Net.Http.HttpConnectionPool.SendWithVersionDetectionAndRetryAsync(HttpRequestMessage, Boolean, Boolean, CancellationToken)
   at System.Net.Http.RedirectHandler.SendAsync(HttpRequestMessage, Boolean, CancellationToken)
   at System.Net.Http.HttpClient.<SendAsync>g__Core|83_0(HttpRequestMessage, HttpCompletionOption, CancellationTokenSource, Boolean, CancellationTokenSource, CancellationToken)
   at li.qubic.trainer.Client.GetTrainingSeed()
   at li.qubic.trainer.Trainer.LoadMiningSeed()
   at System.Net.Http.HttpConnectionPool.ConnectToTcpHostAsync(String, Int32, HttpRequestMessage, Boolean, CancellationToken)
   at System.Net.Http.HttpConnectionPool.ConnectAsync(HttpRequestMessage, Boolean, CancellationToken)
   at System.Net.Http.HttpConnectionPool.AddHttp2ConnectionAsync(QueueItem)
   at System.Threading.Tasks.TaskCompletionSourceWithCancellation`1.WaitWithCancellationAsync(CancellationToken)
   at System.Net.Http.HttpConnectionPool.SendWithVersionDetectionAndRetryAsync(HttpRequestMessage, Boolean, Boolean, CancellationToken)
   at System.Net.Http.RedirectHandler.SendAsync(HttpRequestMessage, Boolean, CancellationToken)
   at System.Net.Http.HttpClient.<SendAsync>g__Core|83_0(HttpRequestMessage, HttpCompletionOption, CancellationTokenSource, Boolean, CancellationTokenSource, CancellationToken)
   at li.qubic.trainer.Client.GetTrainingSeed()
   at li.qubic.trainer.Trainer.LoadMiningSeed()
   at System.Net.Sockets.Socket.AwaitableSocketAsyncEventArgs.ThrowException(SocketError, CancellationToken)
   at System.Net.Sockets.Socket.AwaitableSocketAsyncEventArgs.System.Threading.Tasks.Sources.IValueTaskSource.GetResult(Int16)
   at System.Net.Sockets.Socket.<ConnectAsync>g__WaitForConnectWithCancellation|285_0(AwaitableSocketAsyncEventArgs, ValueTask, CancellationToken)
   at System.Net.Http.HttpConnectionPool.ConnectToTcpHostAsync(String, Int32, HttpRequestMessage, Boolean, CancellationToken)
2024-04-21 23:59:58	ERROR	Ping error: Попытка установить соединение была безуспешной, т.к. от другого компьютера за требуемое время не получен нужный отклик, или было разорвано уже установленное соединение из-за неверного отклика уже подключенного компьютера. (mine.qubic.li:443)(Попытка установить соединение была безуспешной, т.к. от другого компьютера за требуемое время не получен нужный отклик, или было разорвано уже установленное соединение из-за неверного отклика уже подключенного компьютера. (mine.qubic.li:443))

System.Net.Http.HttpRequestException: Попытка установить соединение была безуспешной, т.к. от другого компьютера за требуемое время не получен нужный отклик, или было разорвано уже установленное соединение из-за неверного отклика уже подключенного компьютера. (mine.qubic.li:443)
 ---> System.Net.Sockets.SocketException (10060): Попытка установить соединение была безуспешной, т.к. от другого компьютера за требуемое время не получен нужный отклик, или было разорвано уже установленное соединение из-за неверного отклика уже подключенного компьютера.
   at System.Net.Sockets.Socket.AwaitableSocketAsyncEventArgs.ThrowException(SocketError, CancellationToken)
   at System.Net.Sockets.Socket.AwaitableSocketAsyncEventArgs.System.Threading.Tasks.Sources.IValueTaskSource.GetResult(Int16)
   at System.Net.Sockets.Socket.<ConnectAsync>g__WaitForConnectWithCancellation|285_0(AwaitableSocketAsyncEventArgs, ValueTask, CancellationToken)
   at System.Net.Http.HttpConnectionPool.ConnectToTcpHostAsync(String, Int32, HttpRequestMessage, Boolean, CancellationToken)
   --- End of inner exception stack trace ---
   at System.Net.Http.HttpConnectionPool.ConnectToTcpHostAsync(String, Int32, HttpRequestMessage, Boolean, CancellationToken)
   at System.Net.Http.HttpConnectionPool.ConnectAsync(HttpRequestMessage, Boolean, CancellationToken)
   at System.Net.Http.HttpConnectionPool.AddHttp2ConnectionAsync(QueueItem)
   at System.Threading.Tasks.TaskCompletionSourceWithCancellation`1.WaitWithCancellationAsync(CancellationToken)
   at System.Net.Http.HttpConnectionPool.SendWithVersionDetectionAndRetryAsync(HttpRequestMessage, Boolean, Boolean, CancellationToken)
   at System.Net.Http.RedirectHandler.SendAsync(HttpRequestMessage, Boolean, CancellationToken)
   at System.Net.Http.HttpClient.<SendAsync>g__Core|83_0(HttpRequestMessage, HttpCompletionOption, CancellationTokenSource, Boolean, CancellationTokenSource, CancellationToken)
   at li.qubic.trainer.Client.Ping(ReportRequest pingRequest)
   at li.qubic.trainer.Trainer.PingApi()
   at System.Net.Http.HttpConnectionPool.ConnectToTcpHostAsync(String, Int32, HttpRequestMessage, Boolean, CancellationToken)
   at System.Net.Http.HttpConnectionPool.ConnectAsync(HttpRequestMessage, Boolean, CancellationToken)
   at System.Net.Http.HttpConnectionPool.AddHttp2ConnectionAsync(QueueItem)
   at System.Threading.Tasks.TaskCompletionSourceWithCancellation`1.WaitWithCancellationAsync(CancellationToken)
   at System.Net.Http.HttpConnectionPool.SendWithVersionDetectionAndRetryAsync(HttpRequestMessage, Boolean, Boolean, CancellationToken)
   at System.Net.Http.RedirectHandler.SendAsync(HttpRequestMessage, Boolean, CancellationToken)
   at System.Net.Http.HttpClient.<SendAsync>g__Core|83_0(HttpRequestMessage, HttpCompletionOption, CancellationTokenSource, Boolean, CancellationTokenSource, CancellationToken)
   at li.qubic.trainer.Client.Ping(ReportRequest pingRequest)
   at li.qubic.trainer.Trainer.PingApi()
   at System.Net.Sockets.Socket.AwaitableSocketAsyncEventArgs.ThrowException(SocketError, CancellationToken)
   at System.Net.Sockets.Socket.AwaitableSocketAsyncEventArgs.System.Threading.Tasks.Sources.IValueTaskSource.GetResult(Int16)
   at System.Net.Sockets.Socket.<ConnectAsync>g__WaitForConnectWithCancellation|285_0(AwaitableSocketAsyncEventArgs, ValueTask, CancellationToken)
   at System.Net.Http.HttpConnectionPool.ConnectToTcpHostAsync(String, Int32, HttpRequestMessage, Boolean, CancellationToken)
