2024-04-01 15:15:00	ERROR	Ping error: API Report Error: ServiceUnavailable(API Report Error: ServiceUnavailable)

System.Exception: API Report Error: ServiceUnavailable
   at li.qubic.trainer.Client.Ping(ReportRequest pingRequest)
   at li.qubic.trainer.Trainer.PingApi()
   at li.qubic.trainer.Client.Ping(ReportRequest pingRequest)
   at li.qubic.trainer.Trainer.PingApi()
2024-04-01 15:55:53	ERROR	Ping error: API Report Error: ServiceUnavailable(API Report Error: ServiceUnavailable)

System.Exception: API Report Error: ServiceUnavailable
   at li.qubic.trainer.Client.Ping(ReportRequest pingRequest)
   at li.qubic.trainer.Trainer.PingApi()
   at li.qubic.trainer.Client.Ping(ReportRequest pingRequest)
   at li.qubic.trainer.Trainer.PingApi()
2024-04-01 15:56:54	ERROR	Ping error: API Report Error: ServiceUnavailable(API Report Error: ServiceUnavailable)

System.Exception: API Report Error: ServiceUnavailable
   at li.qubic.trainer.Client.Ping(ReportRequest pingRequest)
   at li.qubic.trainer.Trainer.PingApi()
   at li.qubic.trainer.Client.Ping(ReportRequest pingRequest)
   at li.qubic.trainer.Trainer.PingApi()
2024-04-01 16:05:04	ERROR	Ping error: API Report Error: GatewayTimeout(API Report Error: GatewayTimeout)

System.Exception: API Report Error: GatewayTimeout
   at li.qubic.trainer.Client.Ping(ReportRequest pingRequest)
   at li.qubic.trainer.Trainer.PingApi()
   at li.qubic.trainer.Client.Ping(ReportRequest pingRequest)
   at li.qubic.trainer.Trainer.PingApi()
2024-04-02 02:31:39	ERROR	Error Checking for updates: Этот хост неизвестен. (mine.qubic.li:443)
2024-04-02 02:31:39	ERROR	Feature Registration Request Failed(Этот хост неизвестен. (mine.qubic.li:443))

System.Net.Http.HttpRequestException: Этот хост неизвестен. (mine.qubic.li:443)
 ---> System.Net.Sockets.SocketException (11001): Этот хост неизвестен.
   at System.Net.Sockets.Socket.AwaitableSocketAsyncEventArgs.ThrowException(SocketError, CancellationToken)
   at System.Net.Sockets.Socket.AwaitableSocketAsyncEventArgs.System.Threading.Tasks.Sources.IValueTaskSource.GetResult(Int16)
   at System.Net.Sockets.Socket.<ConnectAsync>g__WaitForConnectWithCancellation|281_0(AwaitableSocketAsyncEventArgs, ValueTask, CancellationToken)
   at System.Net.Http.HttpConnectionPool.ConnectToTcpHostAsync(String, Int32, HttpRequestMessage, Boolean, CancellationToken)
   --- End of inner exception stack trace ---
   at System.Net.Http.HttpConnectionPool.ConnectToTcpHostAsync(String, Int32, HttpRequestMessage, Boolean, CancellationToken)
   at System.Net.Http.HttpConnectionPool.ConnectAsync(HttpRequestMessage, Boolean, CancellationToken)
   at System.Net.Http.HttpConnectionPool.AddHttp2ConnectionAsync(QueueItem)
   at System.Threading.Tasks.TaskCompletionSourceWithCancellation`1.WaitWithCancellationAsync(CancellationToken)
   at System.Net.Http.HttpConnectionPool.HttpConnectionWaiter`1.WaitForConnectionAsync(Boolean, CancellationToken)
   at System.Net.Http.HttpConnectionPool.SendWithVersionDetectionAndRetryAsync(HttpRequestMessage, Boolean, Boolean, CancellationToken)
   at System.Net.Http.RedirectHandler.SendAsync(HttpRequestMessage, Boolean, CancellationToken)
   at System.Net.Http.HttpClient.<SendAsync>g__Core|83_0(HttpRequestMessage, HttpCompletionOption, CancellationTokenSource, Boolean, CancellationTokenSource, CancellationToken)
   at li.qubic.trainer.Client.Register(TrainerRegisterRequest featureRequest)
   at li.qubic.trainer.Trainer.RegisterFeatures()
   at System.Net.Http.HttpConnectionPool.ConnectToTcpHostAsync(String, Int32, HttpRequestMessage, Boolean, CancellationToken)
   at System.Net.Http.HttpConnectionPool.ConnectAsync(HttpRequestMessage, Boolean, CancellationToken)
   at System.Net.Http.HttpConnectionPool.AddHttp2ConnectionAsync(QueueItem)
   at System.Threading.Tasks.TaskCompletionSourceWithCancellation`1.WaitWithCancellationAsync(CancellationToken)
   at System.Net.Http.HttpConnectionPool.HttpConnectionWaiter`1.WaitForConnectionAsync(Boolean, CancellationToken)
   at System.Net.Http.HttpConnectionPool.SendWithVersionDetectionAndRetryAsync(HttpRequestMessage, Boolean, Boolean, CancellationToken)
   at System.Net.Http.RedirectHandler.SendAsync(HttpRequestMessage, Boolean, CancellationToken)
   at System.Net.Http.HttpClient.<SendAsync>g__Core|83_0(HttpRequestMessage, HttpCompletionOption, CancellationTokenSource, Boolean, CancellationTokenSource, CancellationToken)
   at li.qubic.trainer.Client.Register(TrainerRegisterRequest featureRequest)
   at li.qubic.trainer.Trainer.RegisterFeatures()
   at System.Net.Sockets.Socket.AwaitableSocketAsyncEventArgs.ThrowException(SocketError, CancellationToken)
   at System.Net.Sockets.Socket.AwaitableSocketAsyncEventArgs.System.Threading.Tasks.Sources.IValueTaskSource.GetResult(Int16)
   at System.Net.Sockets.Socket.<ConnectAsync>g__WaitForConnectWithCancellation|281_0(AwaitableSocketAsyncEventArgs, ValueTask, CancellationToken)
   at System.Net.Http.HttpConnectionPool.ConnectToTcpHostAsync(String, Int32, HttpRequestMessage, Boolean, CancellationToken)
2024-04-02 02:31:39	ERROR	Failed loading Task(Этот хост неизвестен. (mine.qubic.li:443))

System.Net.Http.HttpRequestException: Этот хост неизвестен. (mine.qubic.li:443)
 ---> System.Net.Sockets.SocketException (11001): Этот хост неизвестен.
   at System.Net.Sockets.Socket.AwaitableSocketAsyncEventArgs.ThrowException(SocketError, CancellationToken)
   at System.Net.Sockets.Socket.AwaitableSocketAsyncEventArgs.System.Threading.Tasks.Sources.IValueTaskSource.GetResult(Int16)
   at System.Net.Sockets.Socket.<ConnectAsync>g__WaitForConnectWithCancellation|281_0(AwaitableSocketAsyncEventArgs, ValueTask, CancellationToken)
   at System.Net.Http.HttpConnectionPool.ConnectToTcpHostAsync(String, Int32, HttpRequestMessage, Boolean, CancellationToken)
   --- End of inner exception stack trace ---
   at System.Net.Http.HttpConnectionPool.ConnectToTcpHostAsync(String, Int32, HttpRequestMessage, Boolean, CancellationToken)
   at System.Net.Http.HttpConnectionPool.ConnectAsync(HttpRequestMessage, Boolean, CancellationToken)
   at System.Net.Http.HttpConnectionPool.AddHttp2ConnectionAsync(QueueItem)
   at System.Threading.Tasks.TaskCompletionSourceWithCancellation`1.WaitWithCancellationAsync(CancellationToken)
   at System.Net.Http.HttpConnectionPool.HttpConnectionWaiter`1.WaitForConnectionAsync(Boolean, CancellationToken)
   at System.Net.Http.HttpConnectionPool.SendWithVersionDetectionAndRetryAsync(HttpRequestMessage, Boolean, Boolean, CancellationToken)
   at System.Net.Http.RedirectHandler.SendAsync(HttpRequestMessage, Boolean, CancellationToken)
   at System.Net.Http.HttpClient.<SendAsync>g__Core|83_0(HttpRequestMessage, HttpCompletionOption, CancellationTokenSource, Boolean, CancellationTokenSource, CancellationToken)
   at li.qubic.trainer.Client.GetTrainingSeed()
   at li.qubic.trainer.Trainer.LoadMiningSeed()
   at System.Net.Http.HttpConnectionPool.ConnectToTcpHostAsync(String, Int32, HttpRequestMessage, Boolean, CancellationToken)
   at System.Net.Http.HttpConnectionPool.ConnectAsync(HttpRequestMessage, Boolean, CancellationToken)
   at System.Net.Http.HttpConnectionPool.AddHttp2ConnectionAsync(QueueItem)
   at System.Threading.Tasks.TaskCompletionSourceWithCancellation`1.WaitWithCancellationAsync(CancellationToken)
   at System.Net.Http.HttpConnectionPool.HttpConnectionWaiter`1.WaitForConnectionAsync(Boolean, CancellationToken)
   at System.Net.Http.HttpConnectionPool.SendWithVersionDetectionAndRetryAsync(HttpRequestMessage, Boolean, Boolean, CancellationToken)
   at System.Net.Http.RedirectHandler.SendAsync(HttpRequestMessage, Boolean, CancellationToken)
   at System.Net.Http.HttpClient.<SendAsync>g__Core|83_0(HttpRequestMessage, HttpCompletionOption, CancellationTokenSource, Boolean, CancellationTokenSource, CancellationToken)
   at li.qubic.trainer.Client.GetTrainingSeed()
   at li.qubic.trainer.Trainer.LoadMiningSeed()
   at System.Net.Sockets.Socket.AwaitableSocketAsyncEventArgs.ThrowException(SocketError, CancellationToken)
   at System.Net.Sockets.Socket.AwaitableSocketAsyncEventArgs.System.Threading.Tasks.Sources.IValueTaskSource.GetResult(Int16)
   at System.Net.Sockets.Socket.<ConnectAsync>g__WaitForConnectWithCancellation|281_0(AwaitableSocketAsyncEventArgs, ValueTask, CancellationToken)
   at System.Net.Http.HttpConnectionPool.ConnectToTcpHostAsync(String, Int32, HttpRequestMessage, Boolean, CancellationToken)
2024-04-02 02:31:50	ERROR	Error Checking for updates: Этот хост неизвестен. (mine.qubic.li:443)
2024-04-02 02:31:50	ERROR	Feature Registration Request Failed(Этот хост неизвестен. (mine.qubic.li:443))

System.Net.Http.HttpRequestException: Этот хост неизвестен. (mine.qubic.li:443)
 ---> System.Net.Sockets.SocketException (11001): Этот хост неизвестен.
   at System.Net.Sockets.Socket.AwaitableSocketAsyncEventArgs.ThrowException(SocketError, CancellationToken)
   at System.Net.Sockets.Socket.AwaitableSocketAsyncEventArgs.System.Threading.Tasks.Sources.IValueTaskSource.GetResult(Int16)
   at System.Net.Sockets.Socket.<ConnectAsync>g__WaitForConnectWithCancellation|281_0(AwaitableSocketAsyncEventArgs, ValueTask, CancellationToken)
   at System.Net.Http.HttpConnectionPool.ConnectToTcpHostAsync(String, Int32, HttpRequestMessage, Boolean, CancellationToken)
   --- End of inner exception stack trace ---
   at System.Net.Http.HttpConnectionPool.ConnectToTcpHostAsync(String, Int32, HttpRequestMessage, Boolean, CancellationToken)
   at System.Net.Http.HttpConnectionPool.ConnectAsync(HttpRequestMessage, Boolean, CancellationToken)
   at System.Net.Http.HttpConnectionPool.AddHttp2ConnectionAsync(QueueItem)
   at System.Threading.Tasks.TaskCompletionSourceWithCancellation`1.WaitWithCancellationAsync(CancellationToken)
   at System.Net.Http.HttpConnectionPool.HttpConnectionWaiter`1.WaitForConnectionAsync(Boolean, CancellationToken)
   at System.Net.Http.HttpConnectionPool.SendWithVersionDetectionAndRetryAsync(HttpRequestMessage, Boolean, Boolean, CancellationToken)
   at System.Net.Http.RedirectHandler.SendAsync(HttpRequestMessage, Boolean, CancellationToken)
   at System.Net.Http.HttpClient.<SendAsync>g__Core|83_0(HttpRequestMessage, HttpCompletionOption, CancellationTokenSource, Boolean, CancellationTokenSource, CancellationToken)
   at li.qubic.trainer.Client.Register(TrainerRegisterRequest featureRequest)
   at li.qubic.trainer.Trainer.RegisterFeatures()
   at System.Net.Http.HttpConnectionPool.ConnectToTcpHostAsync(String, Int32, HttpRequestMessage, Boolean, CancellationToken)
   at System.Net.Http.HttpConnectionPool.ConnectAsync(HttpRequestMessage, Boolean, CancellationToken)
   at System.Net.Http.HttpConnectionPool.AddHttp2ConnectionAsync(QueueItem)
   at System.Threading.Tasks.TaskCompletionSourceWithCancellation`1.WaitWithCancellationAsync(CancellationToken)
   at System.Net.Http.HttpConnectionPool.HttpConnectionWaiter`1.WaitForConnectionAsync(Boolean, CancellationToken)
   at System.Net.Http.HttpConnectionPool.SendWithVersionDetectionAndRetryAsync(HttpRequestMessage, Boolean, Boolean, CancellationToken)
   at System.Net.Http.RedirectHandler.SendAsync(HttpRequestMessage, Boolean, CancellationToken)
   at System.Net.Http.HttpClient.<SendAsync>g__Core|83_0(HttpRequestMessage, HttpCompletionOption, CancellationTokenSource, Boolean, CancellationTokenSource, CancellationToken)
   at li.qubic.trainer.Client.Register(TrainerRegisterRequest featureRequest)
   at li.qubic.trainer.Trainer.RegisterFeatures()
   at System.Net.Sockets.Socket.AwaitableSocketAsyncEventArgs.ThrowException(SocketError, CancellationToken)
   at System.Net.Sockets.Socket.AwaitableSocketAsyncEventArgs.System.Threading.Tasks.Sources.IValueTaskSource.GetResult(Int16)
   at System.Net.Sockets.Socket.<ConnectAsync>g__WaitForConnectWithCancellation|281_0(AwaitableSocketAsyncEventArgs, ValueTask, CancellationToken)
   at System.Net.Http.HttpConnectionPool.ConnectToTcpHostAsync(String, Int32, HttpRequestMessage, Boolean, CancellationToken)
2024-04-02 02:31:50	ERROR	Failed loading Task(Этот хост неизвестен. (mine.qubic.li:443))

System.Net.Http.HttpRequestException: Этот хост неизвестен. (mine.qubic.li:443)
 ---> System.Net.Sockets.SocketException (11001): Этот хост неизвестен.
   at System.Net.Sockets.Socket.AwaitableSocketAsyncEventArgs.ThrowException(SocketError, CancellationToken)
   at System.Net.Sockets.Socket.AwaitableSocketAsyncEventArgs.System.Threading.Tasks.Sources.IValueTaskSource.GetResult(Int16)
   at System.Net.Sockets.Socket.<ConnectAsync>g__WaitForConnectWithCancellation|281_0(AwaitableSocketAsyncEventArgs, ValueTask, CancellationToken)
   at System.Net.Http.HttpConnectionPool.ConnectToTcpHostAsync(String, Int32, HttpRequestMessage, Boolean, CancellationToken)
   --- End of inner exception stack trace ---
   at System.Net.Http.HttpConnectionPool.ConnectToTcpHostAsync(String, Int32, HttpRequestMessage, Boolean, CancellationToken)
   at System.Net.Http.HttpConnectionPool.ConnectAsync(HttpRequestMessage, Boolean, CancellationToken)
   at System.Net.Http.HttpConnectionPool.AddHttp2ConnectionAsync(QueueItem)
   at System.Threading.Tasks.TaskCompletionSourceWithCancellation`1.WaitWithCancellationAsync(CancellationToken)
   at System.Net.Http.HttpConnectionPool.HttpConnectionWaiter`1.WaitForConnectionAsync(Boolean, CancellationToken)
   at System.Net.Http.HttpConnectionPool.SendWithVersionDetectionAndRetryAsync(HttpRequestMessage, Boolean, Boolean, CancellationToken)
   at System.Net.Http.RedirectHandler.SendAsync(HttpRequestMessage, Boolean, CancellationToken)
   at System.Net.Http.HttpClient.<SendAsync>g__Core|83_0(HttpRequestMessage, HttpCompletionOption, CancellationTokenSource, Boolean, CancellationTokenSource, CancellationToken)
   at li.qubic.trainer.Client.GetTrainingSeed()
   at li.qubic.trainer.Trainer.LoadMiningSeed()
   at System.Net.Http.HttpConnectionPool.ConnectToTcpHostAsync(String, Int32, HttpRequestMessage, Boolean, CancellationToken)
   at System.Net.Http.HttpConnectionPool.ConnectAsync(HttpRequestMessage, Boolean, CancellationToken)
   at System.Net.Http.HttpConnectionPool.AddHttp2ConnectionAsync(QueueItem)
   at System.Threading.Tasks.TaskCompletionSourceWithCancellation`1.WaitWithCancellationAsync(CancellationToken)
   at System.Net.Http.HttpConnectionPool.HttpConnectionWaiter`1.WaitForConnectionAsync(Boolean, CancellationToken)
   at System.Net.Http.HttpConnectionPool.SendWithVersionDetectionAndRetryAsync(HttpRequestMessage, Boolean, Boolean, CancellationToken)
   at System.Net.Http.RedirectHandler.SendAsync(HttpRequestMessage, Boolean, CancellationToken)
   at System.Net.Http.HttpClient.<SendAsync>g__Core|83_0(HttpRequestMessage, HttpCompletionOption, CancellationTokenSource, Boolean, CancellationTokenSource, CancellationToken)
   at li.qubic.trainer.Client.GetTrainingSeed()
   at li.qubic.trainer.Trainer.LoadMiningSeed()
   at System.Net.Sockets.Socket.AwaitableSocketAsyncEventArgs.ThrowException(SocketError, CancellationToken)
   at System.Net.Sockets.Socket.AwaitableSocketAsyncEventArgs.System.Threading.Tasks.Sources.IValueTaskSource.GetResult(Int16)
   at System.Net.Sockets.Socket.<ConnectAsync>g__WaitForConnectWithCancellation|281_0(AwaitableSocketAsyncEventArgs, ValueTask, CancellationToken)
   at System.Net.Http.HttpConnectionPool.ConnectToTcpHostAsync(String, Int32, HttpRequestMessage, Boolean, CancellationToken)
2024-04-02 02:43:23	ERROR	Error Checking for updates: Этот хост неизвестен. (mine.qubic.li:443)
2024-04-02 02:43:24	ERROR	Feature Registration Request Failed(Этот хост неизвестен. (mine.qubic.li:443))

System.Net.Http.HttpRequestException: Этот хост неизвестен. (mine.qubic.li:443)
 ---> System.Net.Sockets.SocketException (11001): Этот хост неизвестен.
   at System.Net.Sockets.Socket.AwaitableSocketAsyncEventArgs.ThrowException(SocketError, CancellationToken)
   at System.Net.Sockets.Socket.AwaitableSocketAsyncEventArgs.System.Threading.Tasks.Sources.IValueTaskSource.GetResult(Int16)
   at System.Net.Sockets.Socket.<ConnectAsync>g__WaitForConnectWithCancellation|281_0(AwaitableSocketAsyncEventArgs, ValueTask, CancellationToken)
   at System.Net.Http.HttpConnectionPool.ConnectToTcpHostAsync(String, Int32, HttpRequestMessage, Boolean, CancellationToken)
   --- End of inner exception stack trace ---
   at System.Net.Http.HttpConnectionPool.ConnectToTcpHostAsync(String, Int32, HttpRequestMessage, Boolean, CancellationToken)
   at System.Net.Http.HttpConnectionPool.ConnectAsync(HttpRequestMessage, Boolean, CancellationToken)
   at System.Net.Http.HttpConnectionPool.AddHttp2ConnectionAsync(QueueItem)
   at System.Threading.Tasks.TaskCompletionSourceWithCancellation`1.WaitWithCancellationAsync(CancellationToken)
   at System.Net.Http.HttpConnectionPool.HttpConnectionWaiter`1.WaitForConnectionAsync(Boolean, CancellationToken)
   at System.Net.Http.HttpConnectionPool.SendWithVersionDetectionAndRetryAsync(HttpRequestMessage, Boolean, Boolean, CancellationToken)
   at System.Net.Http.RedirectHandler.SendAsync(HttpRequestMessage, Boolean, CancellationToken)
   at System.Net.Http.HttpClient.<SendAsync>g__Core|83_0(HttpRequestMessage, HttpCompletionOption, CancellationTokenSource, Boolean, CancellationTokenSource, CancellationToken)
   at li.qubic.trainer.Client.Register(TrainerRegisterRequest featureRequest)
   at li.qubic.trainer.Trainer.RegisterFeatures()
   at System.Net.Http.HttpConnectionPool.ConnectToTcpHostAsync(String, Int32, HttpRequestMessage, Boolean, CancellationToken)
   at System.Net.Http.HttpConnectionPool.ConnectAsync(HttpRequestMessage, Boolean, CancellationToken)
   at System.Net.Http.HttpConnectionPool.AddHttp2ConnectionAsync(QueueItem)
   at System.Threading.Tasks.TaskCompletionSourceWithCancellation`1.WaitWithCancellationAsync(CancellationToken)
   at System.Net.Http.HttpConnectionPool.HttpConnectionWaiter`1.WaitForConnectionAsync(Boolean, CancellationToken)
   at System.Net.Http.HttpConnectionPool.SendWithVersionDetectionAndRetryAsync(HttpRequestMessage, Boolean, Boolean, CancellationToken)
   at System.Net.Http.RedirectHandler.SendAsync(HttpRequestMessage, Boolean, CancellationToken)
   at System.Net.Http.HttpClient.<SendAsync>g__Core|83_0(HttpRequestMessage, HttpCompletionOption, CancellationTokenSource, Boolean, CancellationTokenSource, CancellationToken)
   at li.qubic.trainer.Client.Register(TrainerRegisterRequest featureRequest)
   at li.qubic.trainer.Trainer.RegisterFeatures()
   at System.Net.Sockets.Socket.AwaitableSocketAsyncEventArgs.ThrowException(SocketError, CancellationToken)
   at System.Net.Sockets.Socket.AwaitableSocketAsyncEventArgs.System.Threading.Tasks.Sources.IValueTaskSource.GetResult(Int16)
   at System.Net.Sockets.Socket.<ConnectAsync>g__WaitForConnectWithCancellation|281_0(AwaitableSocketAsyncEventArgs, ValueTask, CancellationToken)
   at System.Net.Http.HttpConnectionPool.ConnectToTcpHostAsync(String, Int32, HttpRequestMessage, Boolean, CancellationToken)
2024-04-02 02:43:24	ERROR	Failed loading Task(Этот хост неизвестен. (mine.qubic.li:443))

System.Net.Http.HttpRequestException: Этот хост неизвестен. (mine.qubic.li:443)
 ---> System.Net.Sockets.SocketException (11001): Этот хост неизвестен.
   at System.Net.Sockets.Socket.AwaitableSocketAsyncEventArgs.ThrowException(SocketError, CancellationToken)
   at System.Net.Sockets.Socket.AwaitableSocketAsyncEventArgs.System.Threading.Tasks.Sources.IValueTaskSource.GetResult(Int16)
   at System.Net.Sockets.Socket.<ConnectAsync>g__WaitForConnectWithCancellation|281_0(AwaitableSocketAsyncEventArgs, ValueTask, CancellationToken)
   at System.Net.Http.HttpConnectionPool.ConnectToTcpHostAsync(String, Int32, HttpRequestMessage, Boolean, CancellationToken)
   --- End of inner exception stack trace ---
   at System.Net.Http.HttpConnectionPool.ConnectToTcpHostAsync(String, Int32, HttpRequestMessage, Boolean, CancellationToken)
   at System.Net.Http.HttpConnectionPool.ConnectAsync(HttpRequestMessage, Boolean, CancellationToken)
   at System.Net.Http.HttpConnectionPool.AddHttp2ConnectionAsync(QueueItem)
   at System.Threading.Tasks.TaskCompletionSourceWithCancellation`1.WaitWithCancellationAsync(CancellationToken)
   at System.Net.Http.HttpConnectionPool.HttpConnectionWaiter`1.WaitForConnectionAsync(Boolean, CancellationToken)
   at System.Net.Http.HttpConnectionPool.SendWithVersionDetectionAndRetryAsync(HttpRequestMessage, Boolean, Boolean, CancellationToken)
   at System.Net.Http.RedirectHandler.SendAsync(HttpRequestMessage, Boolean, CancellationToken)
   at System.Net.Http.HttpClient.<SendAsync>g__Core|83_0(HttpRequestMessage, HttpCompletionOption, CancellationTokenSource, Boolean, CancellationTokenSource, CancellationToken)
   at li.qubic.trainer.Client.GetTrainingSeed()
   at li.qubic.trainer.Trainer.LoadMiningSeed()
   at System.Net.Http.HttpConnectionPool.ConnectToTcpHostAsync(String, Int32, HttpRequestMessage, Boolean, CancellationToken)
   at System.Net.Http.HttpConnectionPool.ConnectAsync(HttpRequestMessage, Boolean, CancellationToken)
   at System.Net.Http.HttpConnectionPool.AddHttp2ConnectionAsync(QueueItem)
   at System.Threading.Tasks.TaskCompletionSourceWithCancellation`1.WaitWithCancellationAsync(CancellationToken)
   at System.Net.Http.HttpConnectionPool.HttpConnectionWaiter`1.WaitForConnectionAsync(Boolean, CancellationToken)
   at System.Net.Http.HttpConnectionPool.SendWithVersionDetectionAndRetryAsync(HttpRequestMessage, Boolean, Boolean, CancellationToken)
   at System.Net.Http.RedirectHandler.SendAsync(HttpRequestMessage, Boolean, CancellationToken)
   at System.Net.Http.HttpClient.<SendAsync>g__Core|83_0(HttpRequestMessage, HttpCompletionOption, CancellationTokenSource, Boolean, CancellationTokenSource, CancellationToken)
   at li.qubic.trainer.Client.GetTrainingSeed()
   at li.qubic.trainer.Trainer.LoadMiningSeed()
   at System.Net.Sockets.Socket.AwaitableSocketAsyncEventArgs.ThrowException(SocketError, CancellationToken)
   at System.Net.Sockets.Socket.AwaitableSocketAsyncEventArgs.System.Threading.Tasks.Sources.IValueTaskSource.GetResult(Int16)
   at System.Net.Sockets.Socket.<ConnectAsync>g__WaitForConnectWithCancellation|281_0(AwaitableSocketAsyncEventArgs, ValueTask, CancellationToken)
   at System.Net.Http.HttpConnectionPool.ConnectToTcpHostAsync(String, Int32, HttpRequestMessage, Boolean, CancellationToken)
2024-04-02 02:44:25	ERROR	Failed loading Task(Этот хост неизвестен. (mine.qubic.li:443))

System.Net.Http.HttpRequestException: Этот хост неизвестен. (mine.qubic.li:443)
 ---> System.Net.Sockets.SocketException (11001): Этот хост неизвестен.
   at System.Net.Sockets.Socket.AwaitableSocketAsyncEventArgs.ThrowException(SocketError, CancellationToken)
   at System.Net.Sockets.Socket.AwaitableSocketAsyncEventArgs.System.Threading.Tasks.Sources.IValueTaskSource.GetResult(Int16)
   at System.Net.Sockets.Socket.<ConnectAsync>g__WaitForConnectWithCancellation|281_0(AwaitableSocketAsyncEventArgs, ValueTask, CancellationToken)
   at System.Net.Http.HttpConnectionPool.ConnectToTcpHostAsync(String, Int32, HttpRequestMessage, Boolean, CancellationToken)
   --- End of inner exception stack trace ---
   at System.Net.Http.HttpConnectionPool.ConnectToTcpHostAsync(String, Int32, HttpRequestMessage, Boolean, CancellationToken)
   at System.Net.Http.HttpConnectionPool.ConnectAsync(HttpRequestMessage, Boolean, CancellationToken)
   at System.Net.Http.HttpConnectionPool.AddHttp2ConnectionAsync(QueueItem)
   at System.Threading.Tasks.TaskCompletionSourceWithCancellation`1.WaitWithCancellationAsync(CancellationToken)
   at System.Net.Http.HttpConnectionPool.HttpConnectionWaiter`1.WaitForConnectionAsync(Boolean, CancellationToken)
   at System.Net.Http.HttpConnectionPool.SendWithVersionDetectionAndRetryAsync(HttpRequestMessage, Boolean, Boolean, CancellationToken)
   at System.Net.Http.RedirectHandler.SendAsync(HttpRequestMessage, Boolean, CancellationToken)
   at System.Net.Http.HttpClient.<SendAsync>g__Core|83_0(HttpRequestMessage, HttpCompletionOption, CancellationTokenSource, Boolean, CancellationTokenSource, CancellationToken)
   at li.qubic.trainer.Client.GetTrainingSeed()
   at li.qubic.trainer.Trainer.LoadMiningSeed()
   at System.Net.Http.HttpConnectionPool.ConnectToTcpHostAsync(String, Int32, HttpRequestMessage, Boolean, CancellationToken)
   at System.Net.Http.HttpConnectionPool.ConnectAsync(HttpRequestMessage, Boolean, CancellationToken)
   at System.Net.Http.HttpConnectionPool.AddHttp2ConnectionAsync(QueueItem)
   at System.Threading.Tasks.TaskCompletionSourceWithCancellation`1.WaitWithCancellationAsync(CancellationToken)
   at System.Net.Http.HttpConnectionPool.HttpConnectionWaiter`1.WaitForConnectionAsync(Boolean, CancellationToken)
   at System.Net.Http.HttpConnectionPool.SendWithVersionDetectionAndRetryAsync(HttpRequestMessage, Boolean, Boolean, CancellationToken)
   at System.Net.Http.RedirectHandler.SendAsync(HttpRequestMessage, Boolean, CancellationToken)
   at System.Net.Http.HttpClient.<SendAsync>g__Core|83_0(HttpRequestMessage, HttpCompletionOption, CancellationTokenSource, Boolean, CancellationTokenSource, CancellationToken)
   at li.qubic.trainer.Client.GetTrainingSeed()
   at li.qubic.trainer.Trainer.LoadMiningSeed()
   at System.Net.Sockets.Socket.AwaitableSocketAsyncEventArgs.ThrowException(SocketError, CancellationToken)
   at System.Net.Sockets.Socket.AwaitableSocketAsyncEventArgs.System.Threading.Tasks.Sources.IValueTaskSource.GetResult(Int16)
   at System.Net.Sockets.Socket.<ConnectAsync>g__WaitForConnectWithCancellation|281_0(AwaitableSocketAsyncEventArgs, ValueTask, CancellationToken)
   at System.Net.Http.HttpConnectionPool.ConnectToTcpHostAsync(String, Int32, HttpRequestMessage, Boolean, CancellationToken)
2024-04-02 02:45:25	ERROR	Failed loading Task(Этот хост неизвестен. (mine.qubic.li:443))

System.Net.Http.HttpRequestException: Этот хост неизвестен. (mine.qubic.li:443)
 ---> System.Net.Sockets.SocketException (11001): Этот хост неизвестен.
   at System.Net.Sockets.Socket.AwaitableSocketAsyncEventArgs.ThrowException(SocketError, CancellationToken)
   at System.Net.Sockets.Socket.AwaitableSocketAsyncEventArgs.System.Threading.Tasks.Sources.IValueTaskSource.GetResult(Int16)
   at System.Net.Sockets.Socket.<ConnectAsync>g__WaitForConnectWithCancellation|281_0(AwaitableSocketAsyncEventArgs, ValueTask, CancellationToken)
   at System.Net.Http.HttpConnectionPool.ConnectToTcpHostAsync(String, Int32, HttpRequestMessage, Boolean, CancellationToken)
   --- End of inner exception stack trace ---
   at System.Net.Http.HttpConnectionPool.ConnectToTcpHostAsync(String, Int32, HttpRequestMessage, Boolean, CancellationToken)
   at System.Net.Http.HttpConnectionPool.ConnectAsync(HttpRequestMessage, Boolean, CancellationToken)
   at System.Net.Http.HttpConnectionPool.AddHttp2ConnectionAsync(QueueItem)
   at System.Threading.Tasks.TaskCompletionSourceWithCancellation`1.WaitWithCancellationAsync(CancellationToken)
   at System.Net.Http.HttpConnectionPool.HttpConnectionWaiter`1.WaitForConnectionAsync(Boolean, CancellationToken)
   at System.Net.Http.HttpConnectionPool.SendWithVersionDetectionAndRetryAsync(HttpRequestMessage, Boolean, Boolean, CancellationToken)
   at System.Net.Http.RedirectHandler.SendAsync(HttpRequestMessage, Boolean, CancellationToken)
   at System.Net.Http.HttpClient.<SendAsync>g__Core|83_0(HttpRequestMessage, HttpCompletionOption, CancellationTokenSource, Boolean, CancellationTokenSource, CancellationToken)
   at li.qubic.trainer.Client.GetTrainingSeed()
   at li.qubic.trainer.Trainer.LoadMiningSeed()
   at System.Net.Http.HttpConnectionPool.ConnectToTcpHostAsync(String, Int32, HttpRequestMessage, Boolean, CancellationToken)
   at System.Net.Http.HttpConnectionPool.ConnectAsync(HttpRequestMessage, Boolean, CancellationToken)
   at System.Net.Http.HttpConnectionPool.AddHttp2ConnectionAsync(QueueItem)
   at System.Threading.Tasks.TaskCompletionSourceWithCancellation`1.WaitWithCancellationAsync(CancellationToken)
   at System.Net.Http.HttpConnectionPool.HttpConnectionWaiter`1.WaitForConnectionAsync(Boolean, CancellationToken)
   at System.Net.Http.HttpConnectionPool.SendWithVersionDetectionAndRetryAsync(HttpRequestMessage, Boolean, Boolean, CancellationToken)
   at System.Net.Http.RedirectHandler.SendAsync(HttpRequestMessage, Boolean, CancellationToken)
   at System.Net.Http.HttpClient.<SendAsync>g__Core|83_0(HttpRequestMessage, HttpCompletionOption, CancellationTokenSource, Boolean, CancellationTokenSource, CancellationToken)
   at li.qubic.trainer.Client.GetTrainingSeed()
   at li.qubic.trainer.Trainer.LoadMiningSeed()
   at System.Net.Sockets.Socket.AwaitableSocketAsyncEventArgs.ThrowException(SocketError, CancellationToken)
   at System.Net.Sockets.Socket.AwaitableSocketAsyncEventArgs.System.Threading.Tasks.Sources.IValueTaskSource.GetResult(Int16)
   at System.Net.Sockets.Socket.<ConnectAsync>g__WaitForConnectWithCancellation|281_0(AwaitableSocketAsyncEventArgs, ValueTask, CancellationToken)
   at System.Net.Http.HttpConnectionPool.ConnectToTcpHostAsync(String, Int32, HttpRequestMessage, Boolean, CancellationToken)
2024-04-02 02:46:25	ERROR	Failed loading Task(Этот хост неизвестен. (mine.qubic.li:443))

System.Net.Http.HttpRequestException: Этот хост неизвестен. (mine.qubic.li:443)
 ---> System.Net.Sockets.SocketException (11001): Этот хост неизвестен.
   at System.Net.Sockets.Socket.AwaitableSocketAsyncEventArgs.ThrowException(SocketError, CancellationToken)
   at System.Net.Sockets.Socket.AwaitableSocketAsyncEventArgs.System.Threading.Tasks.Sources.IValueTaskSource.GetResult(Int16)
   at System.Net.Sockets.Socket.<ConnectAsync>g__WaitForConnectWithCancellation|281_0(AwaitableSocketAsyncEventArgs, ValueTask, CancellationToken)
   at System.Net.Http.HttpConnectionPool.ConnectToTcpHostAsync(String, Int32, HttpRequestMessage, Boolean, CancellationToken)
   --- End of inner exception stack trace ---
   at System.Net.Http.HttpConnectionPool.ConnectToTcpHostAsync(String, Int32, HttpRequestMessage, Boolean, CancellationToken)
   at System.Net.Http.HttpConnectionPool.ConnectAsync(HttpRequestMessage, Boolean, CancellationToken)
   at System.Net.Http.HttpConnectionPool.AddHttp2ConnectionAsync(QueueItem)
   at System.Threading.Tasks.TaskCompletionSourceWithCancellation`1.WaitWithCancellationAsync(CancellationToken)
   at System.Net.Http.HttpConnectionPool.HttpConnectionWaiter`1.WaitForConnectionAsync(Boolean, CancellationToken)
   at System.Net.Http.HttpConnectionPool.SendWithVersionDetectionAndRetryAsync(HttpRequestMessage, Boolean, Boolean, CancellationToken)
   at System.Net.Http.RedirectHandler.SendAsync(HttpRequestMessage, Boolean, CancellationToken)
   at System.Net.Http.HttpClient.<SendAsync>g__Core|83_0(HttpRequestMessage, HttpCompletionOption, CancellationTokenSource, Boolean, CancellationTokenSource, CancellationToken)
   at li.qubic.trainer.Client.GetTrainingSeed()
   at li.qubic.trainer.Trainer.LoadMiningSeed()
   at System.Net.Http.HttpConnectionPool.ConnectToTcpHostAsync(String, Int32, HttpRequestMessage, Boolean, CancellationToken)
   at System.Net.Http.HttpConnectionPool.ConnectAsync(HttpRequestMessage, Boolean, CancellationToken)
   at System.Net.Http.HttpConnectionPool.AddHttp2ConnectionAsync(QueueItem)
   at System.Threading.Tasks.TaskCompletionSourceWithCancellation`1.WaitWithCancellationAsync(CancellationToken)
   at System.Net.Http.HttpConnectionPool.HttpConnectionWaiter`1.WaitForConnectionAsync(Boolean, CancellationToken)
   at System.Net.Http.HttpConnectionPool.SendWithVersionDetectionAndRetryAsync(HttpRequestMessage, Boolean, Boolean, CancellationToken)
   at System.Net.Http.RedirectHandler.SendAsync(HttpRequestMessage, Boolean, CancellationToken)
   at System.Net.Http.HttpClient.<SendAsync>g__Core|83_0(HttpRequestMessage, HttpCompletionOption, CancellationTokenSource, Boolean, CancellationTokenSource, CancellationToken)
   at li.qubic.trainer.Client.GetTrainingSeed()
   at li.qubic.trainer.Trainer.LoadMiningSeed()
   at System.Net.Sockets.Socket.AwaitableSocketAsyncEventArgs.ThrowException(SocketError, CancellationToken)
   at System.Net.Sockets.Socket.AwaitableSocketAsyncEventArgs.System.Threading.Tasks.Sources.IValueTaskSource.GetResult(Int16)
   at System.Net.Sockets.Socket.<ConnectAsync>g__WaitForConnectWithCancellation|281_0(AwaitableSocketAsyncEventArgs, ValueTask, CancellationToken)
   at System.Net.Http.HttpConnectionPool.ConnectToTcpHostAsync(String, Int32, HttpRequestMessage, Boolean, CancellationToken)
2024-04-02 02:47:25	ERROR	Failed loading Task(Этот хост неизвестен. (mine.qubic.li:443))

System.Net.Http.HttpRequestException: Этот хост неизвестен. (mine.qubic.li:443)
 ---> System.Net.Sockets.SocketException (11001): Этот хост неизвестен.
   at System.Net.Sockets.Socket.AwaitableSocketAsyncEventArgs.ThrowException(SocketError, CancellationToken)
   at System.Net.Sockets.Socket.AwaitableSocketAsyncEventArgs.System.Threading.Tasks.Sources.IValueTaskSource.GetResult(Int16)
   at System.Net.Sockets.Socket.<ConnectAsync>g__WaitForConnectWithCancellation|281_0(AwaitableSocketAsyncEventArgs, ValueTask, CancellationToken)
   at System.Net.Http.HttpConnectionPool.ConnectToTcpHostAsync(String, Int32, HttpRequestMessage, Boolean, CancellationToken)
   --- End of inner exception stack trace ---
   at System.Net.Http.HttpConnectionPool.ConnectToTcpHostAsync(String, Int32, HttpRequestMessage, Boolean, CancellationToken)
   at System.Net.Http.HttpConnectionPool.ConnectAsync(HttpRequestMessage, Boolean, CancellationToken)
   at System.Net.Http.HttpConnectionPool.AddHttp2ConnectionAsync(QueueItem)
   at System.Threading.Tasks.TaskCompletionSourceWithCancellation`1.WaitWithCancellationAsync(CancellationToken)
   at System.Net.Http.HttpConnectionPool.HttpConnectionWaiter`1.WaitForConnectionAsync(Boolean, CancellationToken)
   at System.Net.Http.HttpConnectionPool.SendWithVersionDetectionAndRetryAsync(HttpRequestMessage, Boolean, Boolean, CancellationToken)
   at System.Net.Http.RedirectHandler.SendAsync(HttpRequestMessage, Boolean, CancellationToken)
   at System.Net.Http.HttpClient.<SendAsync>g__Core|83_0(HttpRequestMessage, HttpCompletionOption, CancellationTokenSource, Boolean, CancellationTokenSource, CancellationToken)
   at li.qubic.trainer.Client.GetTrainingSeed()
   at li.qubic.trainer.Trainer.LoadMiningSeed()
   at System.Net.Http.HttpConnectionPool.ConnectToTcpHostAsync(String, Int32, HttpRequestMessage, Boolean, CancellationToken)
   at System.Net.Http.HttpConnectionPool.ConnectAsync(HttpRequestMessage, Boolean, CancellationToken)
   at System.Net.Http.HttpConnectionPool.AddHttp2ConnectionAsync(QueueItem)
   at System.Threading.Tasks.TaskCompletionSourceWithCancellation`1.WaitWithCancellationAsync(CancellationToken)
   at System.Net.Http.HttpConnectionPool.HttpConnectionWaiter`1.WaitForConnectionAsync(Boolean, CancellationToken)
   at System.Net.Http.HttpConnectionPool.SendWithVersionDetectionAndRetryAsync(HttpRequestMessage, Boolean, Boolean, CancellationToken)
   at System.Net.Http.RedirectHandler.SendAsync(HttpRequestMessage, Boolean, CancellationToken)
   at System.Net.Http.HttpClient.<SendAsync>g__Core|83_0(HttpRequestMessage, HttpCompletionOption, CancellationTokenSource, Boolean, CancellationTokenSource, CancellationToken)
   at li.qubic.trainer.Client.GetTrainingSeed()
   at li.qubic.trainer.Trainer.LoadMiningSeed()
   at System.Net.Sockets.Socket.AwaitableSocketAsyncEventArgs.ThrowException(SocketError, CancellationToken)
   at System.Net.Sockets.Socket.AwaitableSocketAsyncEventArgs.System.Threading.Tasks.Sources.IValueTaskSource.GetResult(Int16)
   at System.Net.Sockets.Socket.<ConnectAsync>g__WaitForConnectWithCancellation|281_0(AwaitableSocketAsyncEventArgs, ValueTask, CancellationToken)
   at System.Net.Http.HttpConnectionPool.ConnectToTcpHostAsync(String, Int32, HttpRequestMessage, Boolean, CancellationToken)
2024-04-02 02:48:24	ERROR	Ping error: Этот хост неизвестен. (mine.qubic.li:443)(Этот хост неизвестен. (mine.qubic.li:443))

System.Net.Http.HttpRequestException: Этот хост неизвестен. (mine.qubic.li:443)
 ---> System.Net.Sockets.SocketException (11001): Этот хост неизвестен.
   at System.Net.Sockets.Socket.AwaitableSocketAsyncEventArgs.ThrowException(SocketError, CancellationToken)
   at System.Net.Sockets.Socket.AwaitableSocketAsyncEventArgs.System.Threading.Tasks.Sources.IValueTaskSource.GetResult(Int16)
   at System.Net.Sockets.Socket.<ConnectAsync>g__WaitForConnectWithCancellation|281_0(AwaitableSocketAsyncEventArgs, ValueTask, CancellationToken)
   at System.Net.Http.HttpConnectionPool.ConnectToTcpHostAsync(String, Int32, HttpRequestMessage, Boolean, CancellationToken)
   --- End of inner exception stack trace ---
   at System.Net.Http.HttpConnectionPool.ConnectToTcpHostAsync(String, Int32, HttpRequestMessage, Boolean, CancellationToken)
   at System.Net.Http.HttpConnectionPool.ConnectAsync(HttpRequestMessage, Boolean, CancellationToken)
   at System.Net.Http.HttpConnectionPool.AddHttp2ConnectionAsync(QueueItem)
   at System.Threading.Tasks.TaskCompletionSourceWithCancellation`1.WaitWithCancellationAsync(CancellationToken)
   at System.Net.Http.HttpConnectionPool.HttpConnectionWaiter`1.WaitForConnectionAsync(Boolean, CancellationToken)
   at System.Net.Http.HttpConnectionPool.SendWithVersionDetectionAndRetryAsync(HttpRequestMessage, Boolean, Boolean, CancellationToken)
   at System.Net.Http.RedirectHandler.SendAsync(HttpRequestMessage, Boolean, CancellationToken)
   at System.Net.Http.HttpClient.<SendAsync>g__Core|83_0(HttpRequestMessage, HttpCompletionOption, CancellationTokenSource, Boolean, CancellationTokenSource, CancellationToken)
   at li.qubic.trainer.Client.Ping(ReportRequest pingRequest)
   at li.qubic.trainer.Trainer.PingApi()
   at System.Net.Http.HttpConnectionPool.ConnectToTcpHostAsync(String, Int32, HttpRequestMessage, Boolean, CancellationToken)
   at System.Net.Http.HttpConnectionPool.ConnectAsync(HttpRequestMessage, Boolean, CancellationToken)
   at System.Net.Http.HttpConnectionPool.AddHttp2ConnectionAsync(QueueItem)
   at System.Threading.Tasks.TaskCompletionSourceWithCancellation`1.WaitWithCancellationAsync(CancellationToken)
   at System.Net.Http.HttpConnectionPool.HttpConnectionWaiter`1.WaitForConnectionAsync(Boolean, CancellationToken)
   at System.Net.Http.HttpConnectionPool.SendWithVersionDetectionAndRetryAsync(HttpRequestMessage, Boolean, Boolean, CancellationToken)
   at System.Net.Http.RedirectHandler.SendAsync(HttpRequestMessage, Boolean, CancellationToken)
   at System.Net.Http.HttpClient.<SendAsync>g__Core|83_0(HttpRequestMessage, HttpCompletionOption, CancellationTokenSource, Boolean, CancellationTokenSource, CancellationToken)
   at li.qubic.trainer.Client.Ping(ReportRequest pingRequest)
   at li.qubic.trainer.Trainer.PingApi()
   at System.Net.Sockets.Socket.AwaitableSocketAsyncEventArgs.ThrowException(SocketError, CancellationToken)
   at System.Net.Sockets.Socket.AwaitableSocketAsyncEventArgs.System.Threading.Tasks.Sources.IValueTaskSource.GetResult(Int16)
   at System.Net.Sockets.Socket.<ConnectAsync>g__WaitForConnectWithCancellation|281_0(AwaitableSocketAsyncEventArgs, ValueTask, CancellationToken)
   at System.Net.Http.HttpConnectionPool.ConnectToTcpHostAsync(String, Int32, HttpRequestMessage, Boolean, CancellationToken)
2024-04-02 02:48:26	ERROR	Failed loading Task(Этот хост неизвестен. (mine.qubic.li:443))

System.Net.Http.HttpRequestException: Этот хост неизвестен. (mine.qubic.li:443)
 ---> System.Net.Sockets.SocketException (11001): Этот хост неизвестен.
   at System.Net.Sockets.Socket.AwaitableSocketAsyncEventArgs.ThrowException(SocketError, CancellationToken)
   at System.Net.Sockets.Socket.AwaitableSocketAsyncEventArgs.System.Threading.Tasks.Sources.IValueTaskSource.GetResult(Int16)
   at System.Net.Sockets.Socket.<ConnectAsync>g__WaitForConnectWithCancellation|281_0(AwaitableSocketAsyncEventArgs, ValueTask, CancellationToken)
   at System.Net.Http.HttpConnectionPool.ConnectToTcpHostAsync(String, Int32, HttpRequestMessage, Boolean, CancellationToken)
   --- End of inner exception stack trace ---
   at System.Net.Http.HttpConnectionPool.ConnectToTcpHostAsync(String, Int32, HttpRequestMessage, Boolean, CancellationToken)
   at System.Net.Http.HttpConnectionPool.ConnectAsync(HttpRequestMessage, Boolean, CancellationToken)
   at System.Net.Http.HttpConnectionPool.AddHttp2ConnectionAsync(QueueItem)
   at System.Threading.Tasks.TaskCompletionSourceWithCancellation`1.WaitWithCancellationAsync(CancellationToken)
   at System.Net.Http.HttpConnectionPool.HttpConnectionWaiter`1.WaitForConnectionAsync(Boolean, CancellationToken)
   at System.Net.Http.HttpConnectionPool.SendWithVersionDetectionAndRetryAsync(HttpRequestMessage, Boolean, Boolean, CancellationToken)
   at System.Net.Http.RedirectHandler.SendAsync(HttpRequestMessage, Boolean, CancellationToken)
   at System.Net.Http.HttpClient.<SendAsync>g__Core|83_0(HttpRequestMessage, HttpCompletionOption, CancellationTokenSource, Boolean, CancellationTokenSource, CancellationToken)
   at li.qubic.trainer.Client.GetTrainingSeed()
   at li.qubic.trainer.Trainer.LoadMiningSeed()
   at System.Net.Http.HttpConnectionPool.ConnectToTcpHostAsync(String, Int32, HttpRequestMessage, Boolean, CancellationToken)
   at System.Net.Http.HttpConnectionPool.ConnectAsync(HttpRequestMessage, Boolean, CancellationToken)
   at System.Net.Http.HttpConnectionPool.AddHttp2ConnectionAsync(QueueItem)
   at System.Threading.Tasks.TaskCompletionSourceWithCancellation`1.WaitWithCancellationAsync(CancellationToken)
   at System.Net.Http.HttpConnectionPool.HttpConnectionWaiter`1.WaitForConnectionAsync(Boolean, CancellationToken)
   at System.Net.Http.HttpConnectionPool.SendWithVersionDetectionAndRetryAsync(HttpRequestMessage, Boolean, Boolean, CancellationToken)
   at System.Net.Http.RedirectHandler.SendAsync(HttpRequestMessage, Boolean, CancellationToken)
   at System.Net.Http.HttpClient.<SendAsync>g__Core|83_0(HttpRequestMessage, HttpCompletionOption, CancellationTokenSource, Boolean, CancellationTokenSource, CancellationToken)
   at li.qubic.trainer.Client.GetTrainingSeed()
   at li.qubic.trainer.Trainer.LoadMiningSeed()
   at System.Net.Sockets.Socket.AwaitableSocketAsyncEventArgs.ThrowException(SocketError, CancellationToken)
   at System.Net.Sockets.Socket.AwaitableSocketAsyncEventArgs.System.Threading.Tasks.Sources.IValueTaskSource.GetResult(Int16)
   at System.Net.Sockets.Socket.<ConnectAsync>g__WaitForConnectWithCancellation|281_0(AwaitableSocketAsyncEventArgs, ValueTask, CancellationToken)
   at System.Net.Http.HttpConnectionPool.ConnectToTcpHostAsync(String, Int32, HttpRequestMessage, Boolean, CancellationToken)
2024-04-02 02:49:22	ERROR	Error Checking for updates: Этот хост неизвестен. (mine.qubic.li:443)
2024-04-02 02:49:22	ERROR	Feature Registration Request Failed(Этот хост неизвестен. (mine.qubic.li:443))

System.Net.Http.HttpRequestException: Этот хост неизвестен. (mine.qubic.li:443)
 ---> System.Net.Sockets.SocketException (11001): Этот хост неизвестен.
   at System.Net.Sockets.Socket.AwaitableSocketAsyncEventArgs.ThrowException(SocketError, CancellationToken)
   at System.Net.Sockets.Socket.AwaitableSocketAsyncEventArgs.System.Threading.Tasks.Sources.IValueTaskSource.GetResult(Int16)
   at System.Net.Sockets.Socket.<ConnectAsync>g__WaitForConnectWithCancellation|281_0(AwaitableSocketAsyncEventArgs, ValueTask, CancellationToken)
   at System.Net.Http.HttpConnectionPool.ConnectToTcpHostAsync(String, Int32, HttpRequestMessage, Boolean, CancellationToken)
   --- End of inner exception stack trace ---
   at System.Net.Http.HttpConnectionPool.ConnectToTcpHostAsync(String, Int32, HttpRequestMessage, Boolean, CancellationToken)
   at System.Net.Http.HttpConnectionPool.ConnectAsync(HttpRequestMessage, Boolean, CancellationToken)
   at System.Net.Http.HttpConnectionPool.AddHttp2ConnectionAsync(QueueItem)
   at System.Threading.Tasks.TaskCompletionSourceWithCancellation`1.WaitWithCancellationAsync(CancellationToken)
   at System.Net.Http.HttpConnectionPool.HttpConnectionWaiter`1.WaitForConnectionAsync(Boolean, CancellationToken)
   at System.Net.Http.HttpConnectionPool.SendWithVersionDetectionAndRetryAsync(HttpRequestMessage, Boolean, Boolean, CancellationToken)
   at System.Net.Http.RedirectHandler.SendAsync(HttpRequestMessage, Boolean, CancellationToken)
   at System.Net.Http.HttpClient.<SendAsync>g__Core|83_0(HttpRequestMessage, HttpCompletionOption, CancellationTokenSource, Boolean, CancellationTokenSource, CancellationToken)
   at li.qubic.trainer.Client.Register(TrainerRegisterRequest featureRequest)
   at li.qubic.trainer.Trainer.RegisterFeatures()
   at System.Net.Http.HttpConnectionPool.ConnectToTcpHostAsync(String, Int32, HttpRequestMessage, Boolean, CancellationToken)
   at System.Net.Http.HttpConnectionPool.ConnectAsync(HttpRequestMessage, Boolean, CancellationToken)
   at System.Net.Http.HttpConnectionPool.AddHttp2ConnectionAsync(QueueItem)
   at System.Threading.Tasks.TaskCompletionSourceWithCancellation`1.WaitWithCancellationAsync(CancellationToken)
   at System.Net.Http.HttpConnectionPool.HttpConnectionWaiter`1.WaitForConnectionAsync(Boolean, CancellationToken)
   at System.Net.Http.HttpConnectionPool.SendWithVersionDetectionAndRetryAsync(HttpRequestMessage, Boolean, Boolean, CancellationToken)
   at System.Net.Http.RedirectHandler.SendAsync(HttpRequestMessage, Boolean, CancellationToken)
   at System.Net.Http.HttpClient.<SendAsync>g__Core|83_0(HttpRequestMessage, HttpCompletionOption, CancellationTokenSource, Boolean, CancellationTokenSource, CancellationToken)
   at li.qubic.trainer.Client.Register(TrainerRegisterRequest featureRequest)
   at li.qubic.trainer.Trainer.RegisterFeatures()
   at System.Net.Sockets.Socket.AwaitableSocketAsyncEventArgs.ThrowException(SocketError, CancellationToken)
   at System.Net.Sockets.Socket.AwaitableSocketAsyncEventArgs.System.Threading.Tasks.Sources.IValueTaskSource.GetResult(Int16)
   at System.Net.Sockets.Socket.<ConnectAsync>g__WaitForConnectWithCancellation|281_0(AwaitableSocketAsyncEventArgs, ValueTask, CancellationToken)
   at System.Net.Http.HttpConnectionPool.ConnectToTcpHostAsync(String, Int32, HttpRequestMessage, Boolean, CancellationToken)
2024-04-02 02:49:23	ERROR	Failed loading Task(Этот хост неизвестен. (mine.qubic.li:443))

System.Net.Http.HttpRequestException: Этот хост неизвестен. (mine.qubic.li:443)
 ---> System.Net.Sockets.SocketException (11001): Этот хост неизвестен.
   at System.Net.Sockets.Socket.AwaitableSocketAsyncEventArgs.ThrowException(SocketError, CancellationToken)
   at System.Net.Sockets.Socket.AwaitableSocketAsyncEventArgs.System.Threading.Tasks.Sources.IValueTaskSource.GetResult(Int16)
   at System.Net.Sockets.Socket.<ConnectAsync>g__WaitForConnectWithCancellation|281_0(AwaitableSocketAsyncEventArgs, ValueTask, CancellationToken)
   at System.Net.Http.HttpConnectionPool.ConnectToTcpHostAsync(String, Int32, HttpRequestMessage, Boolean, CancellationToken)
   --- End of inner exception stack trace ---
   at System.Net.Http.HttpConnectionPool.ConnectToTcpHostAsync(String, Int32, HttpRequestMessage, Boolean, CancellationToken)
   at System.Net.Http.HttpConnectionPool.ConnectAsync(HttpRequestMessage, Boolean, CancellationToken)
   at System.Net.Http.HttpConnectionPool.AddHttp2ConnectionAsync(QueueItem)
   at System.Threading.Tasks.TaskCompletionSourceWithCancellation`1.WaitWithCancellationAsync(CancellationToken)
   at System.Net.Http.HttpConnectionPool.HttpConnectionWaiter`1.WaitForConnectionAsync(Boolean, CancellationToken)
   at System.Net.Http.HttpConnectionPool.SendWithVersionDetectionAndRetryAsync(HttpRequestMessage, Boolean, Boolean, CancellationToken)
   at System.Net.Http.RedirectHandler.SendAsync(HttpRequestMessage, Boolean, CancellationToken)
   at System.Net.Http.HttpClient.<SendAsync>g__Core|83_0(HttpRequestMessage, HttpCompletionOption, CancellationTokenSource, Boolean, CancellationTokenSource, CancellationToken)
   at li.qubic.trainer.Client.GetTrainingSeed()
   at li.qubic.trainer.Trainer.LoadMiningSeed()
   at System.Net.Http.HttpConnectionPool.ConnectToTcpHostAsync(String, Int32, HttpRequestMessage, Boolean, CancellationToken)
   at System.Net.Http.HttpConnectionPool.ConnectAsync(HttpRequestMessage, Boolean, CancellationToken)
   at System.Net.Http.HttpConnectionPool.AddHttp2ConnectionAsync(QueueItem)
   at System.Threading.Tasks.TaskCompletionSourceWithCancellation`1.WaitWithCancellationAsync(CancellationToken)
   at System.Net.Http.HttpConnectionPool.HttpConnectionWaiter`1.WaitForConnectionAsync(Boolean, CancellationToken)
   at System.Net.Http.HttpConnectionPool.SendWithVersionDetectionAndRetryAsync(HttpRequestMessage, Boolean, Boolean, CancellationToken)
   at System.Net.Http.RedirectHandler.SendAsync(HttpRequestMessage, Boolean, CancellationToken)
   at System.Net.Http.HttpClient.<SendAsync>g__Core|83_0(HttpRequestMessage, HttpCompletionOption, CancellationTokenSource, Boolean, CancellationTokenSource, CancellationToken)
   at li.qubic.trainer.Client.GetTrainingSeed()
   at li.qubic.trainer.Trainer.LoadMiningSeed()
   at System.Net.Sockets.Socket.AwaitableSocketAsyncEventArgs.ThrowException(SocketError, CancellationToken)
   at System.Net.Sockets.Socket.AwaitableSocketAsyncEventArgs.System.Threading.Tasks.Sources.IValueTaskSource.GetResult(Int16)
   at System.Net.Sockets.Socket.<ConnectAsync>g__WaitForConnectWithCancellation|281_0(AwaitableSocketAsyncEventArgs, ValueTask, CancellationToken)
   at System.Net.Http.HttpConnectionPool.ConnectToTcpHostAsync(String, Int32, HttpRequestMessage, Boolean, CancellationToken)
