2024-04-24 12:12:36	ERROR	Failed loading Task. API Error: GatewayTimeout
2024-04-24 12:22:07	ERROR	Failed loading Task(Access to the path 'C:\Users\Makson-PC\Desktop\XMRig\5700g\Gubic5700g\qli-runner.exe' is denied.)

System.UnauthorizedAccessException: Access to the path 'C:\Users\Makson-PC\Desktop\XMRig\5700g\Gubic5700g\qli-runner.exe' is denied.
   at System.IO.FileSystem.DeleteFile(String)
   at li.qubic.trainer.Trainer.RemoveLocalTrainer()
   at li.qubic.trainer.Trainer.ReInit(Boolean removeTrainer)
   at li.qubic.trainer.Trainer.ChangeSeed(TrainingSeed newSeed)
   at li.qubic.trainer.Trainer.LoadMiningSeed()
   at System.IO.FileSystem.DeleteFile(String)
   at li.qubic.trainer.Trainer.RemoveLocalTrainer()
   at li.qubic.trainer.Trainer.ReInit(Boolean removeTrainer)
   at li.qubic.trainer.Trainer.ChangeSeed(TrainingSeed newSeed)
   at li.qubic.trainer.Trainer.LoadMiningSeed()
2024-04-24 12:32:07	ERROR	Failed loading Task(Access to the path 'C:\Users\Makson-PC\Desktop\XMRig\5700g\Gubic5700g\qli-runner.exe' is denied.)

System.UnauthorizedAccessException: Access to the path 'C:\Users\Makson-PC\Desktop\XMRig\5700g\Gubic5700g\qli-runner.exe' is denied.
   at System.IO.FileSystem.DeleteFile(String)
   at li.qubic.trainer.Trainer.RemoveLocalTrainer()
   at li.qubic.trainer.Trainer.ReInit(Boolean removeTrainer)
   at li.qubic.trainer.Trainer.ChangeSeed(TrainingSeed newSeed)
   at li.qubic.trainer.Trainer.LoadMiningSeed()
   at System.IO.FileSystem.DeleteFile(String)
   at li.qubic.trainer.Trainer.RemoveLocalTrainer()
   at li.qubic.trainer.Trainer.ReInit(Boolean removeTrainer)
   at li.qubic.trainer.Trainer.ChangeSeed(TrainingSeed newSeed)
   at li.qubic.trainer.Trainer.LoadMiningSeed()
2024-04-24 12:42:07	ERROR	Failed loading Task(Access to the path 'C:\Users\Makson-PC\Desktop\XMRig\5700g\Gubic5700g\qli-runner.exe' is denied.)

System.UnauthorizedAccessException: Access to the path 'C:\Users\Makson-PC\Desktop\XMRig\5700g\Gubic5700g\qli-runner.exe' is denied.
   at System.IO.FileSystem.DeleteFile(String)
   at li.qubic.trainer.Trainer.RemoveLocalTrainer()
   at li.qubic.trainer.Trainer.ReInit(Boolean removeTrainer)
   at li.qubic.trainer.Trainer.ChangeSeed(TrainingSeed newSeed)
   at li.qubic.trainer.Trainer.LoadMiningSeed()
   at System.IO.FileSystem.DeleteFile(String)
   at li.qubic.trainer.Trainer.RemoveLocalTrainer()
   at li.qubic.trainer.Trainer.ReInit(Boolean removeTrainer)
   at li.qubic.trainer.Trainer.ChangeSeed(TrainingSeed newSeed)
   at li.qubic.trainer.Trainer.LoadMiningSeed()
2024-04-24 12:52:08	ERROR	Failed loading Task(Access to the path 'C:\Users\Makson-PC\Desktop\XMRig\5700g\Gubic5700g\qli-runner.exe' is denied.)

System.UnauthorizedAccessException: Access to the path 'C:\Users\Makson-PC\Desktop\XMRig\5700g\Gubic5700g\qli-runner.exe' is denied.
   at System.IO.FileSystem.DeleteFile(String)
   at li.qubic.trainer.Trainer.RemoveLocalTrainer()
   at li.qubic.trainer.Trainer.ReInit(Boolean removeTrainer)
   at li.qubic.trainer.Trainer.ChangeSeed(TrainingSeed newSeed)
   at li.qubic.trainer.Trainer.LoadMiningSeed()
   at System.IO.FileSystem.DeleteFile(String)
   at li.qubic.trainer.Trainer.RemoveLocalTrainer()
   at li.qubic.trainer.Trainer.ReInit(Boolean removeTrainer)
   at li.qubic.trainer.Trainer.ChangeSeed(TrainingSeed newSeed)
   at li.qubic.trainer.Trainer.LoadMiningSeed()
2024-04-24 13:02:09	ERROR	Failed loading Task(Access to the path 'C:\Users\Makson-PC\Desktop\XMRig\5700g\Gubic5700g\qli-runner.exe' is denied.)

System.UnauthorizedAccessException: Access to the path 'C:\Users\Makson-PC\Desktop\XMRig\5700g\Gubic5700g\qli-runner.exe' is denied.
   at System.IO.FileSystem.DeleteFile(String)
   at li.qubic.trainer.Trainer.RemoveLocalTrainer()
   at li.qubic.trainer.Trainer.ReInit(Boolean removeTrainer)
   at li.qubic.trainer.Trainer.ChangeSeed(TrainingSeed newSeed)
   at li.qubic.trainer.Trainer.LoadMiningSeed()
   at System.IO.FileSystem.DeleteFile(String)
   at li.qubic.trainer.Trainer.RemoveLocalTrainer()
   at li.qubic.trainer.Trainer.ReInit(Boolean removeTrainer)
   at li.qubic.trainer.Trainer.ChangeSeed(TrainingSeed newSeed)
   at li.qubic.trainer.Trainer.LoadMiningSeed()
2024-04-24 13:12:10	ERROR	Failed loading Task(Access to the path 'C:\Users\Makson-PC\Desktop\XMRig\5700g\Gubic5700g\qli-runner.exe' is denied.)

System.UnauthorizedAccessException: Access to the path 'C:\Users\Makson-PC\Desktop\XMRig\5700g\Gubic5700g\qli-runner.exe' is denied.
   at System.IO.FileSystem.DeleteFile(String)
   at li.qubic.trainer.Trainer.RemoveLocalTrainer()
   at li.qubic.trainer.Trainer.ReInit(Boolean removeTrainer)
   at li.qubic.trainer.Trainer.ChangeSeed(TrainingSeed newSeed)
   at li.qubic.trainer.Trainer.LoadMiningSeed()
   at System.IO.FileSystem.DeleteFile(String)
   at li.qubic.trainer.Trainer.RemoveLocalTrainer()
   at li.qubic.trainer.Trainer.ReInit(Boolean removeTrainer)
   at li.qubic.trainer.Trainer.ChangeSeed(TrainingSeed newSeed)
   at li.qubic.trainer.Trainer.LoadMiningSeed()
2024-04-24 13:22:11	ERROR	Failed loading Task(Access to the path 'C:\Users\Makson-PC\Desktop\XMRig\5700g\Gubic5700g\qli-runner.exe' is denied.)

System.UnauthorizedAccessException: Access to the path 'C:\Users\Makson-PC\Desktop\XMRig\5700g\Gubic5700g\qli-runner.exe' is denied.
   at System.IO.FileSystem.DeleteFile(String)
   at li.qubic.trainer.Trainer.RemoveLocalTrainer()
   at li.qubic.trainer.Trainer.ReInit(Boolean removeTrainer)
   at li.qubic.trainer.Trainer.ChangeSeed(TrainingSeed newSeed)
   at li.qubic.trainer.Trainer.LoadMiningSeed()
   at System.IO.FileSystem.DeleteFile(String)
   at li.qubic.trainer.Trainer.RemoveLocalTrainer()
   at li.qubic.trainer.Trainer.ReInit(Boolean removeTrainer)
   at li.qubic.trainer.Trainer.ChangeSeed(TrainingSeed newSeed)
   at li.qubic.trainer.Trainer.LoadMiningSeed()
2024-04-24 13:32:11	ERROR	Failed loading Task(Access to the path 'C:\Users\Makson-PC\Desktop\XMRig\5700g\Gubic5700g\qli-runner.exe' is denied.)

System.UnauthorizedAccessException: Access to the path 'C:\Users\Makson-PC\Desktop\XMRig\5700g\Gubic5700g\qli-runner.exe' is denied.
   at System.IO.FileSystem.DeleteFile(String)
   at li.qubic.trainer.Trainer.RemoveLocalTrainer()
   at li.qubic.trainer.Trainer.ReInit(Boolean removeTrainer)
   at li.qubic.trainer.Trainer.ChangeSeed(TrainingSeed newSeed)
   at li.qubic.trainer.Trainer.LoadMiningSeed()
   at System.IO.FileSystem.DeleteFile(String)
   at li.qubic.trainer.Trainer.RemoveLocalTrainer()
   at li.qubic.trainer.Trainer.ReInit(Boolean removeTrainer)
   at li.qubic.trainer.Trainer.ChangeSeed(TrainingSeed newSeed)
   at li.qubic.trainer.Trainer.LoadMiningSeed()
2024-04-24 13:42:12	ERROR	Failed loading Task(Access to the path 'C:\Users\Makson-PC\Desktop\XMRig\5700g\Gubic5700g\qli-runner.exe' is denied.)

System.UnauthorizedAccessException: Access to the path 'C:\Users\Makson-PC\Desktop\XMRig\5700g\Gubic5700g\qli-runner.exe' is denied.
   at System.IO.FileSystem.DeleteFile(String)
   at li.qubic.trainer.Trainer.RemoveLocalTrainer()
   at li.qubic.trainer.Trainer.ReInit(Boolean removeTrainer)
   at li.qubic.trainer.Trainer.ChangeSeed(TrainingSeed newSeed)
   at li.qubic.trainer.Trainer.LoadMiningSeed()
   at System.IO.FileSystem.DeleteFile(String)
   at li.qubic.trainer.Trainer.RemoveLocalTrainer()
   at li.qubic.trainer.Trainer.ReInit(Boolean removeTrainer)
   at li.qubic.trainer.Trainer.ChangeSeed(TrainingSeed newSeed)
   at li.qubic.trainer.Trainer.LoadMiningSeed()
2024-04-24 13:52:13	ERROR	Failed loading Task(Access to the path 'C:\Users\Makson-PC\Desktop\XMRig\5700g\Gubic5700g\qli-runner.exe' is denied.)

System.UnauthorizedAccessException: Access to the path 'C:\Users\Makson-PC\Desktop\XMRig\5700g\Gubic5700g\qli-runner.exe' is denied.
   at System.IO.FileSystem.DeleteFile(String)
   at li.qubic.trainer.Trainer.RemoveLocalTrainer()
   at li.qubic.trainer.Trainer.ReInit(Boolean removeTrainer)
   at li.qubic.trainer.Trainer.ChangeSeed(TrainingSeed newSeed)
   at li.qubic.trainer.Trainer.LoadMiningSeed()
   at System.IO.FileSystem.DeleteFile(String)
   at li.qubic.trainer.Trainer.RemoveLocalTrainer()
   at li.qubic.trainer.Trainer.ReInit(Boolean removeTrainer)
   at li.qubic.trainer.Trainer.ChangeSeed(TrainingSeed newSeed)
   at li.qubic.trainer.Trainer.LoadMiningSeed()
2024-04-24 14:02:14	ERROR	Failed loading Task(Access to the path 'C:\Users\Makson-PC\Desktop\XMRig\5700g\Gubic5700g\qli-runner.exe' is denied.)

System.UnauthorizedAccessException: Access to the path 'C:\Users\Makson-PC\Desktop\XMRig\5700g\Gubic5700g\qli-runner.exe' is denied.
   at System.IO.FileSystem.DeleteFile(String)
   at li.qubic.trainer.Trainer.RemoveLocalTrainer()
   at li.qubic.trainer.Trainer.ReInit(Boolean removeTrainer)
   at li.qubic.trainer.Trainer.ChangeSeed(TrainingSeed newSeed)
   at li.qubic.trainer.Trainer.LoadMiningSeed()
   at System.IO.FileSystem.DeleteFile(String)
   at li.qubic.trainer.Trainer.RemoveLocalTrainer()
   at li.qubic.trainer.Trainer.ReInit(Boolean removeTrainer)
   at li.qubic.trainer.Trainer.ChangeSeed(TrainingSeed newSeed)
   at li.qubic.trainer.Trainer.LoadMiningSeed()
2024-04-24 14:12:16	ERROR	Failed loading Task(Access to the path 'C:\Users\Makson-PC\Desktop\XMRig\5700g\Gubic5700g\qli-runner.exe' is denied.)

System.UnauthorizedAccessException: Access to the path 'C:\Users\Makson-PC\Desktop\XMRig\5700g\Gubic5700g\qli-runner.exe' is denied.
   at System.IO.FileSystem.DeleteFile(String)
   at li.qubic.trainer.Trainer.RemoveLocalTrainer()
   at li.qubic.trainer.Trainer.ReInit(Boolean removeTrainer)
   at li.qubic.trainer.Trainer.ChangeSeed(TrainingSeed newSeed)
   at li.qubic.trainer.Trainer.LoadMiningSeed()
   at System.IO.FileSystem.DeleteFile(String)
   at li.qubic.trainer.Trainer.RemoveLocalTrainer()
   at li.qubic.trainer.Trainer.ReInit(Boolean removeTrainer)
   at li.qubic.trainer.Trainer.ChangeSeed(TrainingSeed newSeed)
   at li.qubic.trainer.Trainer.LoadMiningSeed()
2024-04-24 14:22:16	ERROR	Failed loading Task(Access to the path 'C:\Users\Makson-PC\Desktop\XMRig\5700g\Gubic5700g\qli-runner.exe' is denied.)

System.UnauthorizedAccessException: Access to the path 'C:\Users\Makson-PC\Desktop\XMRig\5700g\Gubic5700g\qli-runner.exe' is denied.
   at System.IO.FileSystem.DeleteFile(String)
   at li.qubic.trainer.Trainer.RemoveLocalTrainer()
   at li.qubic.trainer.Trainer.ReInit(Boolean removeTrainer)
   at li.qubic.trainer.Trainer.ChangeSeed(TrainingSeed newSeed)
   at li.qubic.trainer.Trainer.LoadMiningSeed()
   at System.IO.FileSystem.DeleteFile(String)
   at li.qubic.trainer.Trainer.RemoveLocalTrainer()
   at li.qubic.trainer.Trainer.ReInit(Boolean removeTrainer)
   at li.qubic.trainer.Trainer.ChangeSeed(TrainingSeed newSeed)
   at li.qubic.trainer.Trainer.LoadMiningSeed()
2024-04-24 14:32:17	ERROR	Failed loading Task(Access to the path 'C:\Users\Makson-PC\Desktop\XMRig\5700g\Gubic5700g\qli-runner.exe' is denied.)

System.UnauthorizedAccessException: Access to the path 'C:\Users\Makson-PC\Desktop\XMRig\5700g\Gubic5700g\qli-runner.exe' is denied.
   at System.IO.FileSystem.DeleteFile(String)
   at li.qubic.trainer.Trainer.RemoveLocalTrainer()
   at li.qubic.trainer.Trainer.ReInit(Boolean removeTrainer)
   at li.qubic.trainer.Trainer.ChangeSeed(TrainingSeed newSeed)
   at li.qubic.trainer.Trainer.LoadMiningSeed()
   at System.IO.FileSystem.DeleteFile(String)
   at li.qubic.trainer.Trainer.RemoveLocalTrainer()
   at li.qubic.trainer.Trainer.ReInit(Boolean removeTrainer)
   at li.qubic.trainer.Trainer.ChangeSeed(TrainingSeed newSeed)
   at li.qubic.trainer.Trainer.LoadMiningSeed()
2024-04-24 14:42:18	ERROR	Failed loading Task(Access to the path 'C:\Users\Makson-PC\Desktop\XMRig\5700g\Gubic5700g\qli-runner.exe' is denied.)

System.UnauthorizedAccessException: Access to the path 'C:\Users\Makson-PC\Desktop\XMRig\5700g\Gubic5700g\qli-runner.exe' is denied.
   at System.IO.FileSystem.DeleteFile(String)
   at li.qubic.trainer.Trainer.RemoveLocalTrainer()
   at li.qubic.trainer.Trainer.ReInit(Boolean removeTrainer)
   at li.qubic.trainer.Trainer.ChangeSeed(TrainingSeed newSeed)
   at li.qubic.trainer.Trainer.LoadMiningSeed()
   at System.IO.FileSystem.DeleteFile(String)
   at li.qubic.trainer.Trainer.RemoveLocalTrainer()
   at li.qubic.trainer.Trainer.ReInit(Boolean removeTrainer)
   at li.qubic.trainer.Trainer.ChangeSeed(TrainingSeed newSeed)
   at li.qubic.trainer.Trainer.LoadMiningSeed()
2024-04-24 14:52:19	ERROR	Failed loading Task(Access to the path 'C:\Users\Makson-PC\Desktop\XMRig\5700g\Gubic5700g\qli-runner.exe' is denied.)

System.UnauthorizedAccessException: Access to the path 'C:\Users\Makson-PC\Desktop\XMRig\5700g\Gubic5700g\qli-runner.exe' is denied.
   at System.IO.FileSystem.DeleteFile(String)
   at li.qubic.trainer.Trainer.RemoveLocalTrainer()
   at li.qubic.trainer.Trainer.ReInit(Boolean removeTrainer)
   at li.qubic.trainer.Trainer.ChangeSeed(TrainingSeed newSeed)
   at li.qubic.trainer.Trainer.LoadMiningSeed()
   at System.IO.FileSystem.DeleteFile(String)
   at li.qubic.trainer.Trainer.RemoveLocalTrainer()
   at li.qubic.trainer.Trainer.ReInit(Boolean removeTrainer)
   at li.qubic.trainer.Trainer.ChangeSeed(TrainingSeed newSeed)
   at li.qubic.trainer.Trainer.LoadMiningSeed()
2024-04-24 15:02:19	ERROR	Failed loading Task(Access to the path 'C:\Users\Makson-PC\Desktop\XMRig\5700g\Gubic5700g\qli-runner.exe' is denied.)

System.UnauthorizedAccessException: Access to the path 'C:\Users\Makson-PC\Desktop\XMRig\5700g\Gubic5700g\qli-runner.exe' is denied.
   at System.IO.FileSystem.DeleteFile(String)
   at li.qubic.trainer.Trainer.RemoveLocalTrainer()
   at li.qubic.trainer.Trainer.ReInit(Boolean removeTrainer)
   at li.qubic.trainer.Trainer.ChangeSeed(TrainingSeed newSeed)
   at li.qubic.trainer.Trainer.LoadMiningSeed()
   at System.IO.FileSystem.DeleteFile(String)
   at li.qubic.trainer.Trainer.RemoveLocalTrainer()
   at li.qubic.trainer.Trainer.ReInit(Boolean removeTrainer)
   at li.qubic.trainer.Trainer.ChangeSeed(TrainingSeed newSeed)
   at li.qubic.trainer.Trainer.LoadMiningSeed()
2024-04-24 15:12:20	ERROR	Failed loading Task(Access to the path 'C:\Users\Makson-PC\Desktop\XMRig\5700g\Gubic5700g\qli-runner.exe' is denied.)

System.UnauthorizedAccessException: Access to the path 'C:\Users\Makson-PC\Desktop\XMRig\5700g\Gubic5700g\qli-runner.exe' is denied.
   at System.IO.FileSystem.DeleteFile(String)
   at li.qubic.trainer.Trainer.RemoveLocalTrainer()
   at li.qubic.trainer.Trainer.ReInit(Boolean removeTrainer)
   at li.qubic.trainer.Trainer.ChangeSeed(TrainingSeed newSeed)
   at li.qubic.trainer.Trainer.LoadMiningSeed()
   at System.IO.FileSystem.DeleteFile(String)
   at li.qubic.trainer.Trainer.RemoveLocalTrainer()
   at li.qubic.trainer.Trainer.ReInit(Boolean removeTrainer)
   at li.qubic.trainer.Trainer.ChangeSeed(TrainingSeed newSeed)
   at li.qubic.trainer.Trainer.LoadMiningSeed()
2024-04-24 15:22:22	ERROR	Failed loading Task(Access to the path 'C:\Users\Makson-PC\Desktop\XMRig\5700g\Gubic5700g\qli-runner.exe' is denied.)

System.UnauthorizedAccessException: Access to the path 'C:\Users\Makson-PC\Desktop\XMRig\5700g\Gubic5700g\qli-runner.exe' is denied.
   at System.IO.FileSystem.DeleteFile(String)
   at li.qubic.trainer.Trainer.RemoveLocalTrainer()
   at li.qubic.trainer.Trainer.ReInit(Boolean removeTrainer)
   at li.qubic.trainer.Trainer.ChangeSeed(TrainingSeed newSeed)
   at li.qubic.trainer.Trainer.LoadMiningSeed()
   at System.IO.FileSystem.DeleteFile(String)
   at li.qubic.trainer.Trainer.RemoveLocalTrainer()
   at li.qubic.trainer.Trainer.ReInit(Boolean removeTrainer)
   at li.qubic.trainer.Trainer.ChangeSeed(TrainingSeed newSeed)
   at li.qubic.trainer.Trainer.LoadMiningSeed()
2024-04-24 15:32:23	ERROR	Failed loading Task(Access to the path 'C:\Users\Makson-PC\Desktop\XMRig\5700g\Gubic5700g\qli-runner.exe' is denied.)

System.UnauthorizedAccessException: Access to the path 'C:\Users\Makson-PC\Desktop\XMRig\5700g\Gubic5700g\qli-runner.exe' is denied.
   at System.IO.FileSystem.DeleteFile(String)
   at li.qubic.trainer.Trainer.RemoveLocalTrainer()
   at li.qubic.trainer.Trainer.ReInit(Boolean removeTrainer)
   at li.qubic.trainer.Trainer.ChangeSeed(TrainingSeed newSeed)
   at li.qubic.trainer.Trainer.LoadMiningSeed()
   at System.IO.FileSystem.DeleteFile(String)
   at li.qubic.trainer.Trainer.RemoveLocalTrainer()
   at li.qubic.trainer.Trainer.ReInit(Boolean removeTrainer)
   at li.qubic.trainer.Trainer.ChangeSeed(TrainingSeed newSeed)
   at li.qubic.trainer.Trainer.LoadMiningSeed()
2024-04-24 15:42:24	ERROR	Failed loading Task(Access to the path 'C:\Users\Makson-PC\Desktop\XMRig\5700g\Gubic5700g\qli-runner.exe' is denied.)

System.UnauthorizedAccessException: Access to the path 'C:\Users\Makson-PC\Desktop\XMRig\5700g\Gubic5700g\qli-runner.exe' is denied.
   at System.IO.FileSystem.DeleteFile(String)
   at li.qubic.trainer.Trainer.RemoveLocalTrainer()
   at li.qubic.trainer.Trainer.ReInit(Boolean removeTrainer)
   at li.qubic.trainer.Trainer.ChangeSeed(TrainingSeed newSeed)
   at li.qubic.trainer.Trainer.LoadMiningSeed()
   at System.IO.FileSystem.DeleteFile(String)
   at li.qubic.trainer.Trainer.RemoveLocalTrainer()
   at li.qubic.trainer.Trainer.ReInit(Boolean removeTrainer)
   at li.qubic.trainer.Trainer.ChangeSeed(TrainingSeed newSeed)
   at li.qubic.trainer.Trainer.LoadMiningSeed()
2024-04-24 15:52:25	ERROR	Failed loading Task(Access to the path 'C:\Users\Makson-PC\Desktop\XMRig\5700g\Gubic5700g\qli-runner.exe' is denied.)

System.UnauthorizedAccessException: Access to the path 'C:\Users\Makson-PC\Desktop\XMRig\5700g\Gubic5700g\qli-runner.exe' is denied.
   at System.IO.FileSystem.DeleteFile(String)
   at li.qubic.trainer.Trainer.RemoveLocalTrainer()
   at li.qubic.trainer.Trainer.ReInit(Boolean removeTrainer)
   at li.qubic.trainer.Trainer.ChangeSeed(TrainingSeed newSeed)
   at li.qubic.trainer.Trainer.LoadMiningSeed()
   at System.IO.FileSystem.DeleteFile(String)
   at li.qubic.trainer.Trainer.RemoveLocalTrainer()
   at li.qubic.trainer.Trainer.ReInit(Boolean removeTrainer)
   at li.qubic.trainer.Trainer.ChangeSeed(TrainingSeed newSeed)
   at li.qubic.trainer.Trainer.LoadMiningSeed()
2024-04-24 16:02:26	ERROR	Failed loading Task(Access to the path 'C:\Users\Makson-PC\Desktop\XMRig\5700g\Gubic5700g\qli-runner.exe' is denied.)

System.UnauthorizedAccessException: Access to the path 'C:\Users\Makson-PC\Desktop\XMRig\5700g\Gubic5700g\qli-runner.exe' is denied.
   at System.IO.FileSystem.DeleteFile(String)
   at li.qubic.trainer.Trainer.RemoveLocalTrainer()
   at li.qubic.trainer.Trainer.ReInit(Boolean removeTrainer)
   at li.qubic.trainer.Trainer.ChangeSeed(TrainingSeed newSeed)
   at li.qubic.trainer.Trainer.LoadMiningSeed()
   at System.IO.FileSystem.DeleteFile(String)
   at li.qubic.trainer.Trainer.RemoveLocalTrainer()
   at li.qubic.trainer.Trainer.ReInit(Boolean removeTrainer)
   at li.qubic.trainer.Trainer.ChangeSeed(TrainingSeed newSeed)
   at li.qubic.trainer.Trainer.LoadMiningSeed()
2024-04-24 16:12:28	ERROR	Failed loading Task(Access to the path 'C:\Users\Makson-PC\Desktop\XMRig\5700g\Gubic5700g\qli-runner.exe' is denied.)

System.UnauthorizedAccessException: Access to the path 'C:\Users\Makson-PC\Desktop\XMRig\5700g\Gubic5700g\qli-runner.exe' is denied.
   at System.IO.FileSystem.DeleteFile(String)
   at li.qubic.trainer.Trainer.RemoveLocalTrainer()
   at li.qubic.trainer.Trainer.ReInit(Boolean removeTrainer)
   at li.qubic.trainer.Trainer.ChangeSeed(TrainingSeed newSeed)
   at li.qubic.trainer.Trainer.LoadMiningSeed()
   at System.IO.FileSystem.DeleteFile(String)
   at li.qubic.trainer.Trainer.RemoveLocalTrainer()
   at li.qubic.trainer.Trainer.ReInit(Boolean removeTrainer)
   at li.qubic.trainer.Trainer.ChangeSeed(TrainingSeed newSeed)
   at li.qubic.trainer.Trainer.LoadMiningSeed()
2024-04-24 16:22:29	ERROR	Failed loading Task(Access to the path 'C:\Users\Makson-PC\Desktop\XMRig\5700g\Gubic5700g\qli-runner.exe' is denied.)

System.UnauthorizedAccessException: Access to the path 'C:\Users\Makson-PC\Desktop\XMRig\5700g\Gubic5700g\qli-runner.exe' is denied.
   at System.IO.FileSystem.DeleteFile(String)
   at li.qubic.trainer.Trainer.RemoveLocalTrainer()
   at li.qubic.trainer.Trainer.ReInit(Boolean removeTrainer)
   at li.qubic.trainer.Trainer.ChangeSeed(TrainingSeed newSeed)
   at li.qubic.trainer.Trainer.LoadMiningSeed()
   at System.IO.FileSystem.DeleteFile(String)
   at li.qubic.trainer.Trainer.RemoveLocalTrainer()
   at li.qubic.trainer.Trainer.ReInit(Boolean removeTrainer)
   at li.qubic.trainer.Trainer.ChangeSeed(TrainingSeed newSeed)
   at li.qubic.trainer.Trainer.LoadMiningSeed()
2024-04-24 16:32:30	ERROR	Failed loading Task(Access to the path 'C:\Users\Makson-PC\Desktop\XMRig\5700g\Gubic5700g\qli-runner.exe' is denied.)

System.UnauthorizedAccessException: Access to the path 'C:\Users\Makson-PC\Desktop\XMRig\5700g\Gubic5700g\qli-runner.exe' is denied.
   at System.IO.FileSystem.DeleteFile(String)
   at li.qubic.trainer.Trainer.RemoveLocalTrainer()
   at li.qubic.trainer.Trainer.ReInit(Boolean removeTrainer)
   at li.qubic.trainer.Trainer.ChangeSeed(TrainingSeed newSeed)
   at li.qubic.trainer.Trainer.LoadMiningSeed()
   at System.IO.FileSystem.DeleteFile(String)
   at li.qubic.trainer.Trainer.RemoveLocalTrainer()
   at li.qubic.trainer.Trainer.ReInit(Boolean removeTrainer)
   at li.qubic.trainer.Trainer.ChangeSeed(TrainingSeed newSeed)
   at li.qubic.trainer.Trainer.LoadMiningSeed()
2024-04-24 16:42:31	ERROR	Failed loading Task(Access to the path 'C:\Users\Makson-PC\Desktop\XMRig\5700g\Gubic5700g\qli-runner.exe' is denied.)

System.UnauthorizedAccessException: Access to the path 'C:\Users\Makson-PC\Desktop\XMRig\5700g\Gubic5700g\qli-runner.exe' is denied.
   at System.IO.FileSystem.DeleteFile(String)
   at li.qubic.trainer.Trainer.RemoveLocalTrainer()
   at li.qubic.trainer.Trainer.ReInit(Boolean removeTrainer)
   at li.qubic.trainer.Trainer.ChangeSeed(TrainingSeed newSeed)
   at li.qubic.trainer.Trainer.LoadMiningSeed()
   at System.IO.FileSystem.DeleteFile(String)
   at li.qubic.trainer.Trainer.RemoveLocalTrainer()
   at li.qubic.trainer.Trainer.ReInit(Boolean removeTrainer)
   at li.qubic.trainer.Trainer.ChangeSeed(TrainingSeed newSeed)
   at li.qubic.trainer.Trainer.LoadMiningSeed()
2024-04-24 16:52:31	ERROR	Failed loading Task(Access to the path 'C:\Users\Makson-PC\Desktop\XMRig\5700g\Gubic5700g\qli-runner.exe' is denied.)

System.UnauthorizedAccessException: Access to the path 'C:\Users\Makson-PC\Desktop\XMRig\5700g\Gubic5700g\qli-runner.exe' is denied.
   at System.IO.FileSystem.DeleteFile(String)
   at li.qubic.trainer.Trainer.RemoveLocalTrainer()
   at li.qubic.trainer.Trainer.ReInit(Boolean removeTrainer)
   at li.qubic.trainer.Trainer.ChangeSeed(TrainingSeed newSeed)
   at li.qubic.trainer.Trainer.LoadMiningSeed()
   at System.IO.FileSystem.DeleteFile(String)
   at li.qubic.trainer.Trainer.RemoveLocalTrainer()
   at li.qubic.trainer.Trainer.ReInit(Boolean removeTrainer)
   at li.qubic.trainer.Trainer.ChangeSeed(TrainingSeed newSeed)
   at li.qubic.trainer.Trainer.LoadMiningSeed()
2024-04-24 17:02:32	ERROR	Failed loading Task(Access to the path 'C:\Users\Makson-PC\Desktop\XMRig\5700g\Gubic5700g\qli-runner.exe' is denied.)

System.UnauthorizedAccessException: Access to the path 'C:\Users\Makson-PC\Desktop\XMRig\5700g\Gubic5700g\qli-runner.exe' is denied.
   at System.IO.FileSystem.DeleteFile(String)
   at li.qubic.trainer.Trainer.RemoveLocalTrainer()
   at li.qubic.trainer.Trainer.ReInit(Boolean removeTrainer)
   at li.qubic.trainer.Trainer.ChangeSeed(TrainingSeed newSeed)
   at li.qubic.trainer.Trainer.LoadMiningSeed()
   at System.IO.FileSystem.DeleteFile(String)
   at li.qubic.trainer.Trainer.RemoveLocalTrainer()
   at li.qubic.trainer.Trainer.ReInit(Boolean removeTrainer)
   at li.qubic.trainer.Trainer.ChangeSeed(TrainingSeed newSeed)
   at li.qubic.trainer.Trainer.LoadMiningSeed()
2024-04-24 17:12:34	ERROR	Failed loading Task(Access to the path 'C:\Users\Makson-PC\Desktop\XMRig\5700g\Gubic5700g\qli-runner.exe' is denied.)

System.UnauthorizedAccessException: Access to the path 'C:\Users\Makson-PC\Desktop\XMRig\5700g\Gubic5700g\qli-runner.exe' is denied.
   at System.IO.FileSystem.DeleteFile(String)
   at li.qubic.trainer.Trainer.RemoveLocalTrainer()
   at li.qubic.trainer.Trainer.ReInit(Boolean removeTrainer)
   at li.qubic.trainer.Trainer.ChangeSeed(TrainingSeed newSeed)
   at li.qubic.trainer.Trainer.LoadMiningSeed()
   at System.IO.FileSystem.DeleteFile(String)
   at li.qubic.trainer.Trainer.RemoveLocalTrainer()
   at li.qubic.trainer.Trainer.ReInit(Boolean removeTrainer)
   at li.qubic.trainer.Trainer.ChangeSeed(TrainingSeed newSeed)
   at li.qubic.trainer.Trainer.LoadMiningSeed()
2024-04-24 17:22:35	ERROR	Failed loading Task(Access to the path 'C:\Users\Makson-PC\Desktop\XMRig\5700g\Gubic5700g\qli-runner.exe' is denied.)

System.UnauthorizedAccessException: Access to the path 'C:\Users\Makson-PC\Desktop\XMRig\5700g\Gubic5700g\qli-runner.exe' is denied.
   at System.IO.FileSystem.DeleteFile(String)
   at li.qubic.trainer.Trainer.RemoveLocalTrainer()
   at li.qubic.trainer.Trainer.ReInit(Boolean removeTrainer)
   at li.qubic.trainer.Trainer.ChangeSeed(TrainingSeed newSeed)
   at li.qubic.trainer.Trainer.LoadMiningSeed()
   at System.IO.FileSystem.DeleteFile(String)
   at li.qubic.trainer.Trainer.RemoveLocalTrainer()
   at li.qubic.trainer.Trainer.ReInit(Boolean removeTrainer)
   at li.qubic.trainer.Trainer.ChangeSeed(TrainingSeed newSeed)
   at li.qubic.trainer.Trainer.LoadMiningSeed()
2024-04-24 17:32:36	ERROR	Failed loading Task(Access to the path 'C:\Users\Makson-PC\Desktop\XMRig\5700g\Gubic5700g\qli-runner.exe' is denied.)

System.UnauthorizedAccessException: Access to the path 'C:\Users\Makson-PC\Desktop\XMRig\5700g\Gubic5700g\qli-runner.exe' is denied.
   at System.IO.FileSystem.DeleteFile(String)
   at li.qubic.trainer.Trainer.RemoveLocalTrainer()
   at li.qubic.trainer.Trainer.ReInit(Boolean removeTrainer)
   at li.qubic.trainer.Trainer.ChangeSeed(TrainingSeed newSeed)
   at li.qubic.trainer.Trainer.LoadMiningSeed()
   at System.IO.FileSystem.DeleteFile(String)
   at li.qubic.trainer.Trainer.RemoveLocalTrainer()
   at li.qubic.trainer.Trainer.ReInit(Boolean removeTrainer)
   at li.qubic.trainer.Trainer.ChangeSeed(TrainingSeed newSeed)
   at li.qubic.trainer.Trainer.LoadMiningSeed()
2024-04-24 17:42:37	ERROR	Failed loading Task(Access to the path 'C:\Users\Makson-PC\Desktop\XMRig\5700g\Gubic5700g\qli-runner.exe' is denied.)

System.UnauthorizedAccessException: Access to the path 'C:\Users\Makson-PC\Desktop\XMRig\5700g\Gubic5700g\qli-runner.exe' is denied.
   at System.IO.FileSystem.DeleteFile(String)
   at li.qubic.trainer.Trainer.RemoveLocalTrainer()
   at li.qubic.trainer.Trainer.ReInit(Boolean removeTrainer)
   at li.qubic.trainer.Trainer.ChangeSeed(TrainingSeed newSeed)
   at li.qubic.trainer.Trainer.LoadMiningSeed()
   at System.IO.FileSystem.DeleteFile(String)
   at li.qubic.trainer.Trainer.RemoveLocalTrainer()
   at li.qubic.trainer.Trainer.ReInit(Boolean removeTrainer)
   at li.qubic.trainer.Trainer.ChangeSeed(TrainingSeed newSeed)
   at li.qubic.trainer.Trainer.LoadMiningSeed()
2024-04-24 17:52:37	ERROR	Failed loading Task(Access to the path 'C:\Users\Makson-PC\Desktop\XMRig\5700g\Gubic5700g\qli-runner.exe' is denied.)

System.UnauthorizedAccessException: Access to the path 'C:\Users\Makson-PC\Desktop\XMRig\5700g\Gubic5700g\qli-runner.exe' is denied.
   at System.IO.FileSystem.DeleteFile(String)
   at li.qubic.trainer.Trainer.RemoveLocalTrainer()
   at li.qubic.trainer.Trainer.ReInit(Boolean removeTrainer)
   at li.qubic.trainer.Trainer.ChangeSeed(TrainingSeed newSeed)
   at li.qubic.trainer.Trainer.LoadMiningSeed()
   at System.IO.FileSystem.DeleteFile(String)
   at li.qubic.trainer.Trainer.RemoveLocalTrainer()
   at li.qubic.trainer.Trainer.ReInit(Boolean removeTrainer)
   at li.qubic.trainer.Trainer.ChangeSeed(TrainingSeed newSeed)
   at li.qubic.trainer.Trainer.LoadMiningSeed()
2024-04-24 18:02:38	ERROR	Failed loading Task(Access to the path 'C:\Users\Makson-PC\Desktop\XMRig\5700g\Gubic5700g\qli-runner.exe' is denied.)

System.UnauthorizedAccessException: Access to the path 'C:\Users\Makson-PC\Desktop\XMRig\5700g\Gubic5700g\qli-runner.exe' is denied.
   at System.IO.FileSystem.DeleteFile(String)
   at li.qubic.trainer.Trainer.RemoveLocalTrainer()
   at li.qubic.trainer.Trainer.ReInit(Boolean removeTrainer)
   at li.qubic.trainer.Trainer.ChangeSeed(TrainingSeed newSeed)
   at li.qubic.trainer.Trainer.LoadMiningSeed()
   at System.IO.FileSystem.DeleteFile(String)
   at li.qubic.trainer.Trainer.RemoveLocalTrainer()
   at li.qubic.trainer.Trainer.ReInit(Boolean removeTrainer)
   at li.qubic.trainer.Trainer.ChangeSeed(TrainingSeed newSeed)
   at li.qubic.trainer.Trainer.LoadMiningSeed()
2024-04-24 18:12:39	ERROR	Failed loading Task(Access to the path 'C:\Users\Makson-PC\Desktop\XMRig\5700g\Gubic5700g\qli-runner.exe' is denied.)

System.UnauthorizedAccessException: Access to the path 'C:\Users\Makson-PC\Desktop\XMRig\5700g\Gubic5700g\qli-runner.exe' is denied.
   at System.IO.FileSystem.DeleteFile(String)
   at li.qubic.trainer.Trainer.RemoveLocalTrainer()
   at li.qubic.trainer.Trainer.ReInit(Boolean removeTrainer)
   at li.qubic.trainer.Trainer.ChangeSeed(TrainingSeed newSeed)
   at li.qubic.trainer.Trainer.LoadMiningSeed()
   at System.IO.FileSystem.DeleteFile(String)
   at li.qubic.trainer.Trainer.RemoveLocalTrainer()
   at li.qubic.trainer.Trainer.ReInit(Boolean removeTrainer)
   at li.qubic.trainer.Trainer.ChangeSeed(TrainingSeed newSeed)
   at li.qubic.trainer.Trainer.LoadMiningSeed()
2024-04-24 18:22:42	ERROR	Failed loading Task(Access to the path 'C:\Users\Makson-PC\Desktop\XMRig\5700g\Gubic5700g\qli-runner.exe' is denied.)

System.UnauthorizedAccessException: Access to the path 'C:\Users\Makson-PC\Desktop\XMRig\5700g\Gubic5700g\qli-runner.exe' is denied.
   at System.IO.FileSystem.DeleteFile(String)
   at li.qubic.trainer.Trainer.RemoveLocalTrainer()
   at li.qubic.trainer.Trainer.ReInit(Boolean removeTrainer)
   at li.qubic.trainer.Trainer.ChangeSeed(TrainingSeed newSeed)
   at li.qubic.trainer.Trainer.LoadMiningSeed()
   at System.IO.FileSystem.DeleteFile(String)
   at li.qubic.trainer.Trainer.RemoveLocalTrainer()
   at li.qubic.trainer.Trainer.ReInit(Boolean removeTrainer)
   at li.qubic.trainer.Trainer.ChangeSeed(TrainingSeed newSeed)
   at li.qubic.trainer.Trainer.LoadMiningSeed()
2024-04-24 18:32:44	ERROR	Failed loading Task(Access to the path 'C:\Users\Makson-PC\Desktop\XMRig\5700g\Gubic5700g\qli-runner.exe' is denied.)

System.UnauthorizedAccessException: Access to the path 'C:\Users\Makson-PC\Desktop\XMRig\5700g\Gubic5700g\qli-runner.exe' is denied.
   at System.IO.FileSystem.DeleteFile(String)
   at li.qubic.trainer.Trainer.RemoveLocalTrainer()
   at li.qubic.trainer.Trainer.ReInit(Boolean removeTrainer)
   at li.qubic.trainer.Trainer.ChangeSeed(TrainingSeed newSeed)
   at li.qubic.trainer.Trainer.LoadMiningSeed()
   at System.IO.FileSystem.DeleteFile(String)
   at li.qubic.trainer.Trainer.RemoveLocalTrainer()
   at li.qubic.trainer.Trainer.ReInit(Boolean removeTrainer)
   at li.qubic.trainer.Trainer.ChangeSeed(TrainingSeed newSeed)
   at li.qubic.trainer.Trainer.LoadMiningSeed()
2024-04-24 18:42:45	ERROR	Failed loading Task(Access to the path 'C:\Users\Makson-PC\Desktop\XMRig\5700g\Gubic5700g\qli-runner.exe' is denied.)

System.UnauthorizedAccessException: Access to the path 'C:\Users\Makson-PC\Desktop\XMRig\5700g\Gubic5700g\qli-runner.exe' is denied.
   at System.IO.FileSystem.DeleteFile(String)
   at li.qubic.trainer.Trainer.RemoveLocalTrainer()
   at li.qubic.trainer.Trainer.ReInit(Boolean removeTrainer)
   at li.qubic.trainer.Trainer.ChangeSeed(TrainingSeed newSeed)
   at li.qubic.trainer.Trainer.LoadMiningSeed()
   at System.IO.FileSystem.DeleteFile(String)
   at li.qubic.trainer.Trainer.RemoveLocalTrainer()
   at li.qubic.trainer.Trainer.ReInit(Boolean removeTrainer)
   at li.qubic.trainer.Trainer.ChangeSeed(TrainingSeed newSeed)
   at li.qubic.trainer.Trainer.LoadMiningSeed()
2024-04-24 18:46:49	ERROR	Ping error: API Report Error: 520(API Report Error: 520)

System.Exception: API Report Error: 520
   at li.qubic.trainer.Client.Ping(ReportRequest pingRequest)
   at li.qubic.trainer.Trainer.PingApi()
   at li.qubic.trainer.Client.Ping(ReportRequest pingRequest)
   at li.qubic.trainer.Trainer.PingApi()
2024-04-24 18:52:48	ERROR	Failed loading Task(Access to the path 'C:\Users\Makson-PC\Desktop\XMRig\5700g\Gubic5700g\qli-runner.exe' is denied.)

System.UnauthorizedAccessException: Access to the path 'C:\Users\Makson-PC\Desktop\XMRig\5700g\Gubic5700g\qli-runner.exe' is denied.
   at System.IO.FileSystem.DeleteFile(String)
   at li.qubic.trainer.Trainer.RemoveLocalTrainer()
   at li.qubic.trainer.Trainer.ReInit(Boolean removeTrainer)
   at li.qubic.trainer.Trainer.ChangeSeed(TrainingSeed newSeed)
   at li.qubic.trainer.Trainer.LoadMiningSeed()
   at System.IO.FileSystem.DeleteFile(String)
   at li.qubic.trainer.Trainer.RemoveLocalTrainer()
   at li.qubic.trainer.Trainer.ReInit(Boolean removeTrainer)
   at li.qubic.trainer.Trainer.ChangeSeed(TrainingSeed newSeed)
   at li.qubic.trainer.Trainer.LoadMiningSeed()
2024-04-24 19:02:49	ERROR	Failed loading Task(Access to the path 'C:\Users\Makson-PC\Desktop\XMRig\5700g\Gubic5700g\qli-runner.exe' is denied.)

System.UnauthorizedAccessException: Access to the path 'C:\Users\Makson-PC\Desktop\XMRig\5700g\Gubic5700g\qli-runner.exe' is denied.
   at System.IO.FileSystem.DeleteFile(String)
   at li.qubic.trainer.Trainer.RemoveLocalTrainer()
   at li.qubic.trainer.Trainer.ReInit(Boolean removeTrainer)
   at li.qubic.trainer.Trainer.ChangeSeed(TrainingSeed newSeed)
   at li.qubic.trainer.Trainer.LoadMiningSeed()
   at System.IO.FileSystem.DeleteFile(String)
   at li.qubic.trainer.Trainer.RemoveLocalTrainer()
   at li.qubic.trainer.Trainer.ReInit(Boolean removeTrainer)
   at li.qubic.trainer.Trainer.ChangeSeed(TrainingSeed newSeed)
   at li.qubic.trainer.Trainer.LoadMiningSeed()
2024-04-24 19:12:50	ERROR	Failed loading Task(Access to the path 'C:\Users\Makson-PC\Desktop\XMRig\5700g\Gubic5700g\qli-runner.exe' is denied.)

System.UnauthorizedAccessException: Access to the path 'C:\Users\Makson-PC\Desktop\XMRig\5700g\Gubic5700g\qli-runner.exe' is denied.
   at System.IO.FileSystem.DeleteFile(String)
   at li.qubic.trainer.Trainer.RemoveLocalTrainer()
   at li.qubic.trainer.Trainer.ReInit(Boolean removeTrainer)
   at li.qubic.trainer.Trainer.ChangeSeed(TrainingSeed newSeed)
   at li.qubic.trainer.Trainer.LoadMiningSeed()
   at System.IO.FileSystem.DeleteFile(String)
   at li.qubic.trainer.Trainer.RemoveLocalTrainer()
   at li.qubic.trainer.Trainer.ReInit(Boolean removeTrainer)
   at li.qubic.trainer.Trainer.ChangeSeed(TrainingSeed newSeed)
   at li.qubic.trainer.Trainer.LoadMiningSeed()
2024-04-24 19:22:51	ERROR	Failed loading Task(Access to the path 'C:\Users\Makson-PC\Desktop\XMRig\5700g\Gubic5700g\qli-runner.exe' is denied.)

System.UnauthorizedAccessException: Access to the path 'C:\Users\Makson-PC\Desktop\XMRig\5700g\Gubic5700g\qli-runner.exe' is denied.
   at System.IO.FileSystem.DeleteFile(String)
   at li.qubic.trainer.Trainer.RemoveLocalTrainer()
   at li.qubic.trainer.Trainer.ReInit(Boolean removeTrainer)
   at li.qubic.trainer.Trainer.ChangeSeed(TrainingSeed newSeed)
   at li.qubic.trainer.Trainer.LoadMiningSeed()
   at System.IO.FileSystem.DeleteFile(String)
   at li.qubic.trainer.Trainer.RemoveLocalTrainer()
   at li.qubic.trainer.Trainer.ReInit(Boolean removeTrainer)
   at li.qubic.trainer.Trainer.ChangeSeed(TrainingSeed newSeed)
   at li.qubic.trainer.Trainer.LoadMiningSeed()
2024-04-24 19:26:55	ERROR	Ping error: API Report Error: ServiceUnavailable(API Report Error: ServiceUnavailable)

System.Exception: API Report Error: ServiceUnavailable
   at li.qubic.trainer.Client.Ping(ReportRequest pingRequest)
   at li.qubic.trainer.Trainer.PingApi()
   at li.qubic.trainer.Client.Ping(ReportRequest pingRequest)
   at li.qubic.trainer.Trainer.PingApi()
2024-04-24 19:32:52	ERROR	Failed loading Task(Access to the path 'C:\Users\Makson-PC\Desktop\XMRig\5700g\Gubic5700g\qli-runner.exe' is denied.)

System.UnauthorizedAccessException: Access to the path 'C:\Users\Makson-PC\Desktop\XMRig\5700g\Gubic5700g\qli-runner.exe' is denied.
   at System.IO.FileSystem.DeleteFile(String)
   at li.qubic.trainer.Trainer.RemoveLocalTrainer()
   at li.qubic.trainer.Trainer.ReInit(Boolean removeTrainer)
   at li.qubic.trainer.Trainer.ChangeSeed(TrainingSeed newSeed)
   at li.qubic.trainer.Trainer.LoadMiningSeed()
   at System.IO.FileSystem.DeleteFile(String)
   at li.qubic.trainer.Trainer.RemoveLocalTrainer()
   at li.qubic.trainer.Trainer.ReInit(Boolean removeTrainer)
   at li.qubic.trainer.Trainer.ChangeSeed(TrainingSeed newSeed)
   at li.qubic.trainer.Trainer.LoadMiningSeed()
2024-04-24 19:42:53	ERROR	Failed loading Task(Access to the path 'C:\Users\Makson-PC\Desktop\XMRig\5700g\Gubic5700g\qli-runner.exe' is denied.)

System.UnauthorizedAccessException: Access to the path 'C:\Users\Makson-PC\Desktop\XMRig\5700g\Gubic5700g\qli-runner.exe' is denied.
   at System.IO.FileSystem.DeleteFile(String)
   at li.qubic.trainer.Trainer.RemoveLocalTrainer()
   at li.qubic.trainer.Trainer.ReInit(Boolean removeTrainer)
   at li.qubic.trainer.Trainer.ChangeSeed(TrainingSeed newSeed)
   at li.qubic.trainer.Trainer.LoadMiningSeed()
   at System.IO.FileSystem.DeleteFile(String)
   at li.qubic.trainer.Trainer.RemoveLocalTrainer()
   at li.qubic.trainer.Trainer.ReInit(Boolean removeTrainer)
   at li.qubic.trainer.Trainer.ChangeSeed(TrainingSeed newSeed)
   at li.qubic.trainer.Trainer.LoadMiningSeed()
2024-04-24 19:52:54	ERROR	Failed loading Task(Access to the path 'C:\Users\Makson-PC\Desktop\XMRig\5700g\Gubic5700g\qli-runner.exe' is denied.)

System.UnauthorizedAccessException: Access to the path 'C:\Users\Makson-PC\Desktop\XMRig\5700g\Gubic5700g\qli-runner.exe' is denied.
   at System.IO.FileSystem.DeleteFile(String)
   at li.qubic.trainer.Trainer.RemoveLocalTrainer()
   at li.qubic.trainer.Trainer.ReInit(Boolean removeTrainer)
   at li.qubic.trainer.Trainer.ChangeSeed(TrainingSeed newSeed)
   at li.qubic.trainer.Trainer.LoadMiningSeed()
   at System.IO.FileSystem.DeleteFile(String)
   at li.qubic.trainer.Trainer.RemoveLocalTrainer()
   at li.qubic.trainer.Trainer.ReInit(Boolean removeTrainer)
   at li.qubic.trainer.Trainer.ChangeSeed(TrainingSeed newSeed)
   at li.qubic.trainer.Trainer.LoadMiningSeed()
2024-04-24 20:02:54	ERROR	Failed loading Task(Access to the path 'C:\Users\Makson-PC\Desktop\XMRig\5700g\Gubic5700g\qli-runner.exe' is denied.)

System.UnauthorizedAccessException: Access to the path 'C:\Users\Makson-PC\Desktop\XMRig\5700g\Gubic5700g\qli-runner.exe' is denied.
   at System.IO.FileSystem.DeleteFile(String)
   at li.qubic.trainer.Trainer.RemoveLocalTrainer()
   at li.qubic.trainer.Trainer.ReInit(Boolean removeTrainer)
   at li.qubic.trainer.Trainer.ChangeSeed(TrainingSeed newSeed)
   at li.qubic.trainer.Trainer.LoadMiningSeed()
   at System.IO.FileSystem.DeleteFile(String)
   at li.qubic.trainer.Trainer.RemoveLocalTrainer()
   at li.qubic.trainer.Trainer.ReInit(Boolean removeTrainer)
   at li.qubic.trainer.Trainer.ChangeSeed(TrainingSeed newSeed)
   at li.qubic.trainer.Trainer.LoadMiningSeed()
2024-04-24 20:12:55	ERROR	Failed loading Task(Access to the path 'C:\Users\Makson-PC\Desktop\XMRig\5700g\Gubic5700g\qli-runner.exe' is denied.)

System.UnauthorizedAccessException: Access to the path 'C:\Users\Makson-PC\Desktop\XMRig\5700g\Gubic5700g\qli-runner.exe' is denied.
   at System.IO.FileSystem.DeleteFile(String)
   at li.qubic.trainer.Trainer.RemoveLocalTrainer()
   at li.qubic.trainer.Trainer.ReInit(Boolean removeTrainer)
   at li.qubic.trainer.Trainer.ChangeSeed(TrainingSeed newSeed)
   at li.qubic.trainer.Trainer.LoadMiningSeed()
   at System.IO.FileSystem.DeleteFile(String)
   at li.qubic.trainer.Trainer.RemoveLocalTrainer()
   at li.qubic.trainer.Trainer.ReInit(Boolean removeTrainer)
   at li.qubic.trainer.Trainer.ChangeSeed(TrainingSeed newSeed)
   at li.qubic.trainer.Trainer.LoadMiningSeed()
2024-04-24 20:22:56	ERROR	Failed loading Task(Access to the path 'C:\Users\Makson-PC\Desktop\XMRig\5700g\Gubic5700g\qli-runner.exe' is denied.)

System.UnauthorizedAccessException: Access to the path 'C:\Users\Makson-PC\Desktop\XMRig\5700g\Gubic5700g\qli-runner.exe' is denied.
   at System.IO.FileSystem.DeleteFile(String)
   at li.qubic.trainer.Trainer.RemoveLocalTrainer()
   at li.qubic.trainer.Trainer.ReInit(Boolean removeTrainer)
   at li.qubic.trainer.Trainer.ChangeSeed(TrainingSeed newSeed)
   at li.qubic.trainer.Trainer.LoadMiningSeed()
   at System.IO.FileSystem.DeleteFile(String)
   at li.qubic.trainer.Trainer.RemoveLocalTrainer()
   at li.qubic.trainer.Trainer.ReInit(Boolean removeTrainer)
   at li.qubic.trainer.Trainer.ChangeSeed(TrainingSeed newSeed)
   at li.qubic.trainer.Trainer.LoadMiningSeed()
2024-04-24 20:32:57	ERROR	Failed loading Task(Access to the path 'C:\Users\Makson-PC\Desktop\XMRig\5700g\Gubic5700g\qli-runner.exe' is denied.)

System.UnauthorizedAccessException: Access to the path 'C:\Users\Makson-PC\Desktop\XMRig\5700g\Gubic5700g\qli-runner.exe' is denied.
   at System.IO.FileSystem.DeleteFile(String)
   at li.qubic.trainer.Trainer.RemoveLocalTrainer()
   at li.qubic.trainer.Trainer.ReInit(Boolean removeTrainer)
   at li.qubic.trainer.Trainer.ChangeSeed(TrainingSeed newSeed)
   at li.qubic.trainer.Trainer.LoadMiningSeed()
   at System.IO.FileSystem.DeleteFile(String)
   at li.qubic.trainer.Trainer.RemoveLocalTrainer()
   at li.qubic.trainer.Trainer.ReInit(Boolean removeTrainer)
   at li.qubic.trainer.Trainer.ChangeSeed(TrainingSeed newSeed)
   at li.qubic.trainer.Trainer.LoadMiningSeed()
2024-04-24 20:42:58	ERROR	Failed loading Task(Access to the path 'C:\Users\Makson-PC\Desktop\XMRig\5700g\Gubic5700g\qli-runner.exe' is denied.)

System.UnauthorizedAccessException: Access to the path 'C:\Users\Makson-PC\Desktop\XMRig\5700g\Gubic5700g\qli-runner.exe' is denied.
   at System.IO.FileSystem.DeleteFile(String)
   at li.qubic.trainer.Trainer.RemoveLocalTrainer()
   at li.qubic.trainer.Trainer.ReInit(Boolean removeTrainer)
   at li.qubic.trainer.Trainer.ChangeSeed(TrainingSeed newSeed)
   at li.qubic.trainer.Trainer.LoadMiningSeed()
   at System.IO.FileSystem.DeleteFile(String)
   at li.qubic.trainer.Trainer.RemoveLocalTrainer()
   at li.qubic.trainer.Trainer.ReInit(Boolean removeTrainer)
   at li.qubic.trainer.Trainer.ChangeSeed(TrainingSeed newSeed)
   at li.qubic.trainer.Trainer.LoadMiningSeed()
2024-04-24 20:52:59	ERROR	Failed loading Task(Access to the path 'C:\Users\Makson-PC\Desktop\XMRig\5700g\Gubic5700g\qli-runner.exe' is denied.)

System.UnauthorizedAccessException: Access to the path 'C:\Users\Makson-PC\Desktop\XMRig\5700g\Gubic5700g\qli-runner.exe' is denied.
   at System.IO.FileSystem.DeleteFile(String)
   at li.qubic.trainer.Trainer.RemoveLocalTrainer()
   at li.qubic.trainer.Trainer.ReInit(Boolean removeTrainer)
   at li.qubic.trainer.Trainer.ChangeSeed(TrainingSeed newSeed)
   at li.qubic.trainer.Trainer.LoadMiningSeed()
   at System.IO.FileSystem.DeleteFile(String)
   at li.qubic.trainer.Trainer.RemoveLocalTrainer()
   at li.qubic.trainer.Trainer.ReInit(Boolean removeTrainer)
   at li.qubic.trainer.Trainer.ChangeSeed(TrainingSeed newSeed)
   at li.qubic.trainer.Trainer.LoadMiningSeed()
2024-04-24 21:03:00	ERROR	Failed loading Task(Access to the path 'C:\Users\Makson-PC\Desktop\XMRig\5700g\Gubic5700g\qli-runner.exe' is denied.)

System.UnauthorizedAccessException: Access to the path 'C:\Users\Makson-PC\Desktop\XMRig\5700g\Gubic5700g\qli-runner.exe' is denied.
   at System.IO.FileSystem.DeleteFile(String)
   at li.qubic.trainer.Trainer.RemoveLocalTrainer()
   at li.qubic.trainer.Trainer.ReInit(Boolean removeTrainer)
   at li.qubic.trainer.Trainer.ChangeSeed(TrainingSeed newSeed)
   at li.qubic.trainer.Trainer.LoadMiningSeed()
   at System.IO.FileSystem.DeleteFile(String)
   at li.qubic.trainer.Trainer.RemoveLocalTrainer()
   at li.qubic.trainer.Trainer.ReInit(Boolean removeTrainer)
   at li.qubic.trainer.Trainer.ChangeSeed(TrainingSeed newSeed)
   at li.qubic.trainer.Trainer.LoadMiningSeed()
2024-04-24 21:13:00	ERROR	Failed loading Task(Access to the path 'C:\Users\Makson-PC\Desktop\XMRig\5700g\Gubic5700g\qli-runner.exe' is denied.)

System.UnauthorizedAccessException: Access to the path 'C:\Users\Makson-PC\Desktop\XMRig\5700g\Gubic5700g\qli-runner.exe' is denied.
   at System.IO.FileSystem.DeleteFile(String)
   at li.qubic.trainer.Trainer.RemoveLocalTrainer()
   at li.qubic.trainer.Trainer.ReInit(Boolean removeTrainer)
   at li.qubic.trainer.Trainer.ChangeSeed(TrainingSeed newSeed)
   at li.qubic.trainer.Trainer.LoadMiningSeed()
   at System.IO.FileSystem.DeleteFile(String)
   at li.qubic.trainer.Trainer.RemoveLocalTrainer()
   at li.qubic.trainer.Trainer.ReInit(Boolean removeTrainer)
   at li.qubic.trainer.Trainer.ChangeSeed(TrainingSeed newSeed)
   at li.qubic.trainer.Trainer.LoadMiningSeed()
2024-04-24 21:23:01	ERROR	Failed loading Task(Access to the path 'C:\Users\Makson-PC\Desktop\XMRig\5700g\Gubic5700g\qli-runner.exe' is denied.)

System.UnauthorizedAccessException: Access to the path 'C:\Users\Makson-PC\Desktop\XMRig\5700g\Gubic5700g\qli-runner.exe' is denied.
   at System.IO.FileSystem.DeleteFile(String)
   at li.qubic.trainer.Trainer.RemoveLocalTrainer()
   at li.qubic.trainer.Trainer.ReInit(Boolean removeTrainer)
   at li.qubic.trainer.Trainer.ChangeSeed(TrainingSeed newSeed)
   at li.qubic.trainer.Trainer.LoadMiningSeed()
   at System.IO.FileSystem.DeleteFile(String)
   at li.qubic.trainer.Trainer.RemoveLocalTrainer()
   at li.qubic.trainer.Trainer.ReInit(Boolean removeTrainer)
   at li.qubic.trainer.Trainer.ChangeSeed(TrainingSeed newSeed)
   at li.qubic.trainer.Trainer.LoadMiningSeed()
2024-04-24 21:33:02	ERROR	Failed loading Task(Access to the path 'C:\Users\Makson-PC\Desktop\XMRig\5700g\Gubic5700g\qli-runner.exe' is denied.)

System.UnauthorizedAccessException: Access to the path 'C:\Users\Makson-PC\Desktop\XMRig\5700g\Gubic5700g\qli-runner.exe' is denied.
   at System.IO.FileSystem.DeleteFile(String)
   at li.qubic.trainer.Trainer.RemoveLocalTrainer()
   at li.qubic.trainer.Trainer.ReInit(Boolean removeTrainer)
   at li.qubic.trainer.Trainer.ChangeSeed(TrainingSeed newSeed)
   at li.qubic.trainer.Trainer.LoadMiningSeed()
   at System.IO.FileSystem.DeleteFile(String)
   at li.qubic.trainer.Trainer.RemoveLocalTrainer()
   at li.qubic.trainer.Trainer.ReInit(Boolean removeTrainer)
   at li.qubic.trainer.Trainer.ChangeSeed(TrainingSeed newSeed)
   at li.qubic.trainer.Trainer.LoadMiningSeed()
2024-04-24 21:43:03	ERROR	Failed loading Task(Access to the path 'C:\Users\Makson-PC\Desktop\XMRig\5700g\Gubic5700g\qli-runner.exe' is denied.)

System.UnauthorizedAccessException: Access to the path 'C:\Users\Makson-PC\Desktop\XMRig\5700g\Gubic5700g\qli-runner.exe' is denied.
   at System.IO.FileSystem.DeleteFile(String)
   at li.qubic.trainer.Trainer.RemoveLocalTrainer()
   at li.qubic.trainer.Trainer.ReInit(Boolean removeTrainer)
   at li.qubic.trainer.Trainer.ChangeSeed(TrainingSeed newSeed)
   at li.qubic.trainer.Trainer.LoadMiningSeed()
   at System.IO.FileSystem.DeleteFile(String)
   at li.qubic.trainer.Trainer.RemoveLocalTrainer()
   at li.qubic.trainer.Trainer.ReInit(Boolean removeTrainer)
   at li.qubic.trainer.Trainer.ChangeSeed(TrainingSeed newSeed)
   at li.qubic.trainer.Trainer.LoadMiningSeed()
