2024-04-10 03:30:58	ERROR	Ping error: API Report Error: GatewayTimeout(API Report Error: GatewayTimeout)

System.Exception: API Report Error: GatewayTimeout
   at li.qubic.trainer.Client.Ping(ReportRequest pingRequest)
   at li.qubic.trainer.Trainer.PingApi()
   at li.qubic.trainer.Client.Ping(ReportRequest pingRequest)
   at li.qubic.trainer.Trainer.PingApi()
2024-04-10 09:47:46	ERROR	Ping error: API Report Error: ServiceUnavailable(API Report Error: ServiceUnavailable)

System.Exception: API Report Error: ServiceUnavailable
   at li.qubic.trainer.Client.Ping(ReportRequest pingRequest)
   at li.qubic.trainer.Trainer.PingApi()
   at li.qubic.trainer.Client.Ping(ReportRequest pingRequest)
   at li.qubic.trainer.Trainer.PingApi()
2024-04-10 09:47:50	ERROR	Ping error: API Report Error: GatewayTimeout(API Report Error: GatewayTimeout)

System.Exception: API Report Error: GatewayTimeout
   at li.qubic.trainer.Client.Ping(ReportRequest pingRequest)
   at li.qubic.trainer.Trainer.PingApi()
   at li.qubic.trainer.Client.Ping(ReportRequest pingRequest)
   at li.qubic.trainer.Trainer.PingApi()
2024-04-10 15:19:27	ERROR	Failed loading Task(Access to the path 'C:\Users\Makson-PC\Desktop\XMRig\5700g\Gubic5700g\qli-runner.exe' is denied.)

System.UnauthorizedAccessException: Access to the path 'C:\Users\Makson-PC\Desktop\XMRig\5700g\Gubic5700g\qli-runner.exe' is denied.
   at System.IO.FileSystem.DeleteFile(String)
   at li.qubic.trainer.Trainer.RemoveLocalTrainer()
   at li.qubic.trainer.Trainer.ChangeSeed(TrainingSeed newSeed)
   at li.qubic.trainer.Trainer.LoadMiningSeed()
   at System.IO.FileSystem.DeleteFile(String)
   at li.qubic.trainer.Trainer.RemoveLocalTrainer()
   at li.qubic.trainer.Trainer.ChangeSeed(TrainingSeed newSeed)
   at li.qubic.trainer.Trainer.LoadMiningSeed()
2024-04-10 15:20:10	ERROR	Failed loading Task(Access to the path 'C:\Users\Makson-PC\Desktop\XMRig\5700g\Gubic5700g\qli-runner.exe' is denied.)

System.UnauthorizedAccessException: Access to the path 'C:\Users\Makson-PC\Desktop\XMRig\5700g\Gubic5700g\qli-runner.exe' is denied.
   at System.IO.FileSystem.DeleteFile(String)
   at li.qubic.trainer.Trainer.RemoveLocalTrainer()
   at li.qubic.trainer.Trainer.ChangeSeed(TrainingSeed newSeed)
   at li.qubic.trainer.Trainer.LoadMiningSeed()
   at System.IO.FileSystem.DeleteFile(String)
   at li.qubic.trainer.Trainer.RemoveLocalTrainer()
   at li.qubic.trainer.Trainer.ChangeSeed(TrainingSeed newSeed)
   at li.qubic.trainer.Trainer.LoadMiningSeed()
2024-04-10 15:21:10	ERROR	Failed loading Task(Access to the path 'C:\Users\Makson-PC\Desktop\XMRig\5700g\Gubic5700g\qli-runner.exe' is denied.)

System.UnauthorizedAccessException: Access to the path 'C:\Users\Makson-PC\Desktop\XMRig\5700g\Gubic5700g\qli-runner.exe' is denied.
   at System.IO.FileSystem.DeleteFile(String)
   at li.qubic.trainer.Trainer.RemoveLocalTrainer()
   at li.qubic.trainer.Trainer.ChangeSeed(TrainingSeed newSeed)
   at li.qubic.trainer.Trainer.LoadMiningSeed()
   at System.IO.FileSystem.DeleteFile(String)
   at li.qubic.trainer.Trainer.RemoveLocalTrainer()
   at li.qubic.trainer.Trainer.ChangeSeed(TrainingSeed newSeed)
   at li.qubic.trainer.Trainer.LoadMiningSeed()
2024-04-10 15:22:11	ERROR	Failed loading Task(Access to the path 'C:\Users\Makson-PC\Desktop\XMRig\5700g\Gubic5700g\qli-runner.exe' is denied.)

System.UnauthorizedAccessException: Access to the path 'C:\Users\Makson-PC\Desktop\XMRig\5700g\Gubic5700g\qli-runner.exe' is denied.
   at System.IO.FileSystem.DeleteFile(String)
   at li.qubic.trainer.Trainer.RemoveLocalTrainer()
   at li.qubic.trainer.Trainer.ChangeSeed(TrainingSeed newSeed)
   at li.qubic.trainer.Trainer.LoadMiningSeed()
   at System.IO.FileSystem.DeleteFile(String)
   at li.qubic.trainer.Trainer.RemoveLocalTrainer()
   at li.qubic.trainer.Trainer.ChangeSeed(TrainingSeed newSeed)
   at li.qubic.trainer.Trainer.LoadMiningSeed()
2024-04-10 15:22:43	ERROR	Failed loading Task(Access to the path 'C:\Users\Makson-PC\Desktop\XMRig\5700g\Gubic5700g\qli-runner.exe' is denied.)

System.UnauthorizedAccessException: Access to the path 'C:\Users\Makson-PC\Desktop\XMRig\5700g\Gubic5700g\qli-runner.exe' is denied.
   at System.IO.FileSystem.DeleteFile(String)
   at li.qubic.trainer.Trainer.RemoveLocalTrainer()
   at li.qubic.trainer.Trainer.ChangeSeed(TrainingSeed newSeed)
   at li.qubic.trainer.Trainer.LoadMiningSeed()
   at System.IO.FileSystem.DeleteFile(String)
   at li.qubic.trainer.Trainer.RemoveLocalTrainer()
   at li.qubic.trainer.Trainer.ChangeSeed(TrainingSeed newSeed)
   at li.qubic.trainer.Trainer.LoadMiningSeed()
2024-04-10 15:23:12	ERROR	Failed loading Task(Access to the path 'C:\Users\Makson-PC\Desktop\XMRig\5700g\Gubic5700g\qli-runner.exe' is denied.)

System.UnauthorizedAccessException: Access to the path 'C:\Users\Makson-PC\Desktop\XMRig\5700g\Gubic5700g\qli-runner.exe' is denied.
   at System.IO.FileSystem.DeleteFile(String)
   at li.qubic.trainer.Trainer.RemoveLocalTrainer()
   at li.qubic.trainer.Trainer.ChangeSeed(TrainingSeed newSeed)
   at li.qubic.trainer.Trainer.LoadMiningSeed()
   at System.IO.FileSystem.DeleteFile(String)
   at li.qubic.trainer.Trainer.RemoveLocalTrainer()
   at li.qubic.trainer.Trainer.ChangeSeed(TrainingSeed newSeed)
   at li.qubic.trainer.Trainer.LoadMiningSeed()
2024-04-10 15:23:44	ERROR	Failed loading Task(Access to the path 'C:\Users\Makson-PC\Desktop\XMRig\5700g\Gubic5700g\qli-runner.exe' is denied.)

System.UnauthorizedAccessException: Access to the path 'C:\Users\Makson-PC\Desktop\XMRig\5700g\Gubic5700g\qli-runner.exe' is denied.
   at System.IO.FileSystem.DeleteFile(String)
   at li.qubic.trainer.Trainer.RemoveLocalTrainer()
   at li.qubic.trainer.Trainer.ChangeSeed(TrainingSeed newSeed)
   at li.qubic.trainer.Trainer.LoadMiningSeed()
   at System.IO.FileSystem.DeleteFile(String)
   at li.qubic.trainer.Trainer.RemoveLocalTrainer()
   at li.qubic.trainer.Trainer.ChangeSeed(TrainingSeed newSeed)
   at li.qubic.trainer.Trainer.LoadMiningSeed()
2024-04-10 15:24:22	ERROR	Failed loading Task(Access to the path 'C:\Users\Makson-PC\Desktop\XMRig\5700g\Gubic5700g\qli-runner.exe' is denied.)

System.UnauthorizedAccessException: Access to the path 'C:\Users\Makson-PC\Desktop\XMRig\5700g\Gubic5700g\qli-runner.exe' is denied.
   at System.IO.FileSystem.DeleteFile(String)
   at li.qubic.trainer.Trainer.RemoveLocalTrainer()
   at li.qubic.trainer.Trainer.ChangeSeed(TrainingSeed newSeed)
   at li.qubic.trainer.Trainer.LoadMiningSeed()
   at System.IO.FileSystem.DeleteFile(String)
   at li.qubic.trainer.Trainer.RemoveLocalTrainer()
   at li.qubic.trainer.Trainer.ChangeSeed(TrainingSeed newSeed)
   at li.qubic.trainer.Trainer.LoadMiningSeed()
2024-04-10 15:25:01	ERROR	Failed loading Task(Access to the path 'C:\Users\Makson-PC\Desktop\XMRig\5700g\Gubic5700g\qli-runner.exe' is denied.)

System.UnauthorizedAccessException: Access to the path 'C:\Users\Makson-PC\Desktop\XMRig\5700g\Gubic5700g\qli-runner.exe' is denied.
   at System.IO.FileSystem.DeleteFile(String)
   at li.qubic.trainer.Trainer.RemoveLocalTrainer()
   at li.qubic.trainer.Trainer.ChangeSeed(TrainingSeed newSeed)
   at li.qubic.trainer.Trainer.LoadMiningSeed()
   at System.IO.FileSystem.DeleteFile(String)
   at li.qubic.trainer.Trainer.RemoveLocalTrainer()
   at li.qubic.trainer.Trainer.ChangeSeed(TrainingSeed newSeed)
   at li.qubic.trainer.Trainer.LoadMiningSeed()
2024-04-10 15:25:13	ERROR	Failed loading Task(Access to the path 'C:\Users\Makson-PC\Desktop\XMRig\5700g\Gubic5700g\qli-runner.exe' is denied.)

System.UnauthorizedAccessException: Access to the path 'C:\Users\Makson-PC\Desktop\XMRig\5700g\Gubic5700g\qli-runner.exe' is denied.
   at System.IO.FileSystem.DeleteFile(String)
   at li.qubic.trainer.Trainer.RemoveLocalTrainer()
   at li.qubic.trainer.Trainer.ChangeSeed(TrainingSeed newSeed)
   at li.qubic.trainer.Trainer.LoadMiningSeed()
   at System.IO.FileSystem.DeleteFile(String)
   at li.qubic.trainer.Trainer.RemoveLocalTrainer()
   at li.qubic.trainer.Trainer.ChangeSeed(TrainingSeed newSeed)
   at li.qubic.trainer.Trainer.LoadMiningSeed()
2024-04-10 15:25:48	ERROR	Failed loading Task(Access to the path 'C:\Users\Makson-PC\Desktop\XMRig\5700g\Gubic5700g\qli-runner.exe' is denied.)

System.UnauthorizedAccessException: Access to the path 'C:\Users\Makson-PC\Desktop\XMRig\5700g\Gubic5700g\qli-runner.exe' is denied.
   at System.IO.FileSystem.DeleteFile(String)
   at li.qubic.trainer.Trainer.RemoveLocalTrainer()
   at li.qubic.trainer.Trainer.ChangeSeed(TrainingSeed newSeed)
   at li.qubic.trainer.Trainer.LoadMiningSeed()
   at System.IO.FileSystem.DeleteFile(String)
   at li.qubic.trainer.Trainer.RemoveLocalTrainer()
   at li.qubic.trainer.Trainer.ChangeSeed(TrainingSeed newSeed)
   at li.qubic.trainer.Trainer.LoadMiningSeed()
2024-04-10 15:25:58	ERROR	Ping error: API Report Error: 520(API Report Error: 520)

System.Exception: API Report Error: 520
   at li.qubic.trainer.Client.Ping(ReportRequest pingRequest)
   at li.qubic.trainer.Trainer.PingApi()
   at li.qubic.trainer.Client.Ping(ReportRequest pingRequest)
   at li.qubic.trainer.Trainer.PingApi()
2024-04-10 15:26:23	ERROR	Failed loading Task(Access to the path 'C:\Users\Makson-PC\Desktop\XMRig\5700g\Gubic5700g\qli-runner.exe' is denied.)

System.UnauthorizedAccessException: Access to the path 'C:\Users\Makson-PC\Desktop\XMRig\5700g\Gubic5700g\qli-runner.exe' is denied.
   at System.IO.FileSystem.DeleteFile(String)
   at li.qubic.trainer.Trainer.RemoveLocalTrainer()
   at li.qubic.trainer.Trainer.ChangeSeed(TrainingSeed newSeed)
   at li.qubic.trainer.Trainer.LoadMiningSeed()
   at System.IO.FileSystem.DeleteFile(String)
   at li.qubic.trainer.Trainer.RemoveLocalTrainer()
   at li.qubic.trainer.Trainer.ChangeSeed(TrainingSeed newSeed)
   at li.qubic.trainer.Trainer.LoadMiningSeed()
2024-04-10 15:26:48	ERROR	Failed loading Task(Access to the path 'C:\Users\Makson-PC\Desktop\XMRig\5700g\Gubic5700g\qli-runner.exe' is denied.)

System.UnauthorizedAccessException: Access to the path 'C:\Users\Makson-PC\Desktop\XMRig\5700g\Gubic5700g\qli-runner.exe' is denied.
   at System.IO.FileSystem.DeleteFile(String)
   at li.qubic.trainer.Trainer.RemoveLocalTrainer()
   at li.qubic.trainer.Trainer.ChangeSeed(TrainingSeed newSeed)
   at li.qubic.trainer.Trainer.LoadMiningSeed()
   at System.IO.FileSystem.DeleteFile(String)
   at li.qubic.trainer.Trainer.RemoveLocalTrainer()
   at li.qubic.trainer.Trainer.ChangeSeed(TrainingSeed newSeed)
   at li.qubic.trainer.Trainer.LoadMiningSeed()
2024-04-10 15:27:14	ERROR	Failed loading Task(Access to the path 'C:\Users\Makson-PC\Desktop\XMRig\5700g\Gubic5700g\qli-runner.exe' is denied.)

System.UnauthorizedAccessException: Access to the path 'C:\Users\Makson-PC\Desktop\XMRig\5700g\Gubic5700g\qli-runner.exe' is denied.
   at System.IO.FileSystem.DeleteFile(String)
   at li.qubic.trainer.Trainer.RemoveLocalTrainer()
   at li.qubic.trainer.Trainer.ChangeSeed(TrainingSeed newSeed)
   at li.qubic.trainer.Trainer.LoadMiningSeed()
   at System.IO.FileSystem.DeleteFile(String)
   at li.qubic.trainer.Trainer.RemoveLocalTrainer()
   at li.qubic.trainer.Trainer.ChangeSeed(TrainingSeed newSeed)
   at li.qubic.trainer.Trainer.LoadMiningSeed()
2024-04-10 15:27:47	ERROR	Failed loading Task(Access to the path 'C:\Users\Makson-PC\Desktop\XMRig\5700g\Gubic5700g\qli-runner.exe' is denied.)

System.UnauthorizedAccessException: Access to the path 'C:\Users\Makson-PC\Desktop\XMRig\5700g\Gubic5700g\qli-runner.exe' is denied.
   at System.IO.FileSystem.DeleteFile(String)
   at li.qubic.trainer.Trainer.RemoveLocalTrainer()
   at li.qubic.trainer.Trainer.ChangeSeed(TrainingSeed newSeed)
   at li.qubic.trainer.Trainer.LoadMiningSeed()
   at System.IO.FileSystem.DeleteFile(String)
   at li.qubic.trainer.Trainer.RemoveLocalTrainer()
   at li.qubic.trainer.Trainer.ChangeSeed(TrainingSeed newSeed)
   at li.qubic.trainer.Trainer.LoadMiningSeed()
2024-04-10 15:28:14	ERROR	Failed loading Task(Access to the path 'C:\Users\Makson-PC\Desktop\XMRig\5700g\Gubic5700g\qli-runner.exe' is denied.)

System.UnauthorizedAccessException: Access to the path 'C:\Users\Makson-PC\Desktop\XMRig\5700g\Gubic5700g\qli-runner.exe' is denied.
   at System.IO.FileSystem.DeleteFile(String)
   at li.qubic.trainer.Trainer.RemoveLocalTrainer()
   at li.qubic.trainer.Trainer.ChangeSeed(TrainingSeed newSeed)
   at li.qubic.trainer.Trainer.LoadMiningSeed()
   at System.IO.FileSystem.DeleteFile(String)
   at li.qubic.trainer.Trainer.RemoveLocalTrainer()
   at li.qubic.trainer.Trainer.ChangeSeed(TrainingSeed newSeed)
   at li.qubic.trainer.Trainer.LoadMiningSeed()
2024-04-10 15:28:48	ERROR	Failed loading Task(Access to the path 'C:\Users\Makson-PC\Desktop\XMRig\5700g\Gubic5700g\qli-runner.exe' is denied.)

System.UnauthorizedAccessException: Access to the path 'C:\Users\Makson-PC\Desktop\XMRig\5700g\Gubic5700g\qli-runner.exe' is denied.
   at System.IO.FileSystem.DeleteFile(String)
   at li.qubic.trainer.Trainer.RemoveLocalTrainer()
   at li.qubic.trainer.Trainer.ChangeSeed(TrainingSeed newSeed)
   at li.qubic.trainer.Trainer.LoadMiningSeed()
   at System.IO.FileSystem.DeleteFile(String)
   at li.qubic.trainer.Trainer.RemoveLocalTrainer()
   at li.qubic.trainer.Trainer.ChangeSeed(TrainingSeed newSeed)
   at li.qubic.trainer.Trainer.LoadMiningSeed()
2024-04-10 15:29:16	ERROR	Failed loading Task(Access to the path 'C:\Users\Makson-PC\Desktop\XMRig\5700g\Gubic5700g\qli-runner.exe' is denied.)

System.UnauthorizedAccessException: Access to the path 'C:\Users\Makson-PC\Desktop\XMRig\5700g\Gubic5700g\qli-runner.exe' is denied.
   at System.IO.FileSystem.DeleteFile(String)
   at li.qubic.trainer.Trainer.RemoveLocalTrainer()
   at li.qubic.trainer.Trainer.ChangeSeed(TrainingSeed newSeed)
   at li.qubic.trainer.Trainer.LoadMiningSeed()
   at System.IO.FileSystem.DeleteFile(String)
   at li.qubic.trainer.Trainer.RemoveLocalTrainer()
   at li.qubic.trainer.Trainer.ChangeSeed(TrainingSeed newSeed)
   at li.qubic.trainer.Trainer.LoadMiningSeed()
2024-04-10 15:29:49	ERROR	Failed loading Task(Access to the path 'C:\Users\Makson-PC\Desktop\XMRig\5700g\Gubic5700g\qli-runner.exe' is denied.)

System.UnauthorizedAccessException: Access to the path 'C:\Users\Makson-PC\Desktop\XMRig\5700g\Gubic5700g\qli-runner.exe' is denied.
   at System.IO.FileSystem.DeleteFile(String)
   at li.qubic.trainer.Trainer.RemoveLocalTrainer()
   at li.qubic.trainer.Trainer.ChangeSeed(TrainingSeed newSeed)
   at li.qubic.trainer.Trainer.LoadMiningSeed()
   at System.IO.FileSystem.DeleteFile(String)
   at li.qubic.trainer.Trainer.RemoveLocalTrainer()
   at li.qubic.trainer.Trainer.ChangeSeed(TrainingSeed newSeed)
   at li.qubic.trainer.Trainer.LoadMiningSeed()
2024-04-10 15:30:17	ERROR	Failed loading Task(Access to the path 'C:\Users\Makson-PC\Desktop\XMRig\5700g\Gubic5700g\qli-runner.exe' is denied.)

System.UnauthorizedAccessException: Access to the path 'C:\Users\Makson-PC\Desktop\XMRig\5700g\Gubic5700g\qli-runner.exe' is denied.
   at System.IO.FileSystem.DeleteFile(String)
   at li.qubic.trainer.Trainer.RemoveLocalTrainer()
   at li.qubic.trainer.Trainer.ChangeSeed(TrainingSeed newSeed)
   at li.qubic.trainer.Trainer.LoadMiningSeed()
   at System.IO.FileSystem.DeleteFile(String)
   at li.qubic.trainer.Trainer.RemoveLocalTrainer()
   at li.qubic.trainer.Trainer.ChangeSeed(TrainingSeed newSeed)
   at li.qubic.trainer.Trainer.LoadMiningSeed()
2024-04-10 15:30:57	ERROR	Failed loading Task(Access to the path 'C:\Users\Makson-PC\Desktop\XMRig\5700g\Gubic5700g\qli-runner.exe' is denied.)

System.UnauthorizedAccessException: Access to the path 'C:\Users\Makson-PC\Desktop\XMRig\5700g\Gubic5700g\qli-runner.exe' is denied.
   at System.IO.FileSystem.DeleteFile(String)
   at li.qubic.trainer.Trainer.RemoveLocalTrainer()
   at li.qubic.trainer.Trainer.ChangeSeed(TrainingSeed newSeed)
   at li.qubic.trainer.Trainer.LoadMiningSeed()
   at System.IO.FileSystem.DeleteFile(String)
   at li.qubic.trainer.Trainer.RemoveLocalTrainer()
   at li.qubic.trainer.Trainer.ChangeSeed(TrainingSeed newSeed)
   at li.qubic.trainer.Trainer.LoadMiningSeed()
2024-04-10 15:31:18	ERROR	Failed loading Task(Access to the path 'C:\Users\Makson-PC\Desktop\XMRig\5700g\Gubic5700g\qli-runner.exe' is denied.)

System.UnauthorizedAccessException: Access to the path 'C:\Users\Makson-PC\Desktop\XMRig\5700g\Gubic5700g\qli-runner.exe' is denied.
   at System.IO.FileSystem.DeleteFile(String)
   at li.qubic.trainer.Trainer.RemoveLocalTrainer()
   at li.qubic.trainer.Trainer.ChangeSeed(TrainingSeed newSeed)
   at li.qubic.trainer.Trainer.LoadMiningSeed()
   at System.IO.FileSystem.DeleteFile(String)
   at li.qubic.trainer.Trainer.RemoveLocalTrainer()
   at li.qubic.trainer.Trainer.ChangeSeed(TrainingSeed newSeed)
   at li.qubic.trainer.Trainer.LoadMiningSeed()
2024-04-10 15:31:50	ERROR	Failed loading Task(Access to the path 'C:\Users\Makson-PC\Desktop\XMRig\5700g\Gubic5700g\qli-runner.exe' is denied.)

System.UnauthorizedAccessException: Access to the path 'C:\Users\Makson-PC\Desktop\XMRig\5700g\Gubic5700g\qli-runner.exe' is denied.
   at System.IO.FileSystem.DeleteFile(String)
   at li.qubic.trainer.Trainer.RemoveLocalTrainer()
   at li.qubic.trainer.Trainer.ChangeSeed(TrainingSeed newSeed)
   at li.qubic.trainer.Trainer.LoadMiningSeed()
   at System.IO.FileSystem.DeleteFile(String)
   at li.qubic.trainer.Trainer.RemoveLocalTrainer()
   at li.qubic.trainer.Trainer.ChangeSeed(TrainingSeed newSeed)
   at li.qubic.trainer.Trainer.LoadMiningSeed()
2024-04-10 15:32:18	ERROR	Failed loading Task(Access to the path 'C:\Users\Makson-PC\Desktop\XMRig\5700g\Gubic5700g\qli-runner.exe' is denied.)

System.UnauthorizedAccessException: Access to the path 'C:\Users\Makson-PC\Desktop\XMRig\5700g\Gubic5700g\qli-runner.exe' is denied.
   at System.IO.FileSystem.DeleteFile(String)
   at li.qubic.trainer.Trainer.RemoveLocalTrainer()
   at li.qubic.trainer.Trainer.ChangeSeed(TrainingSeed newSeed)
   at li.qubic.trainer.Trainer.LoadMiningSeed()
   at System.IO.FileSystem.DeleteFile(String)
   at li.qubic.trainer.Trainer.RemoveLocalTrainer()
   at li.qubic.trainer.Trainer.ChangeSeed(TrainingSeed newSeed)
   at li.qubic.trainer.Trainer.LoadMiningSeed()
2024-04-10 15:32:51	ERROR	Failed loading Task(Access to the path 'C:\Users\Makson-PC\Desktop\XMRig\5700g\Gubic5700g\qli-runner.exe' is denied.)

System.UnauthorizedAccessException: Access to the path 'C:\Users\Makson-PC\Desktop\XMRig\5700g\Gubic5700g\qli-runner.exe' is denied.
   at System.IO.FileSystem.DeleteFile(String)
   at li.qubic.trainer.Trainer.RemoveLocalTrainer()
   at li.qubic.trainer.Trainer.ChangeSeed(TrainingSeed newSeed)
   at li.qubic.trainer.Trainer.LoadMiningSeed()
   at System.IO.FileSystem.DeleteFile(String)
   at li.qubic.trainer.Trainer.RemoveLocalTrainer()
   at li.qubic.trainer.Trainer.ChangeSeed(TrainingSeed newSeed)
   at li.qubic.trainer.Trainer.LoadMiningSeed()
2024-04-10 15:33:18	ERROR	Failed loading Task(Access to the path 'C:\Users\Makson-PC\Desktop\XMRig\5700g\Gubic5700g\qli-runner.exe' is denied.)

System.UnauthorizedAccessException: Access to the path 'C:\Users\Makson-PC\Desktop\XMRig\5700g\Gubic5700g\qli-runner.exe' is denied.
   at System.IO.FileSystem.DeleteFile(String)
   at li.qubic.trainer.Trainer.RemoveLocalTrainer()
   at li.qubic.trainer.Trainer.ChangeSeed(TrainingSeed newSeed)
   at li.qubic.trainer.Trainer.LoadMiningSeed()
   at System.IO.FileSystem.DeleteFile(String)
   at li.qubic.trainer.Trainer.RemoveLocalTrainer()
   at li.qubic.trainer.Trainer.ChangeSeed(TrainingSeed newSeed)
   at li.qubic.trainer.Trainer.LoadMiningSeed()
2024-04-10 15:33:51	ERROR	Failed loading Task(Access to the path 'C:\Users\Makson-PC\Desktop\XMRig\5700g\Gubic5700g\qli-runner.exe' is denied.)

System.UnauthorizedAccessException: Access to the path 'C:\Users\Makson-PC\Desktop\XMRig\5700g\Gubic5700g\qli-runner.exe' is denied.
   at System.IO.FileSystem.DeleteFile(String)
   at li.qubic.trainer.Trainer.RemoveLocalTrainer()
   at li.qubic.trainer.Trainer.ChangeSeed(TrainingSeed newSeed)
   at li.qubic.trainer.Trainer.LoadMiningSeed()
   at System.IO.FileSystem.DeleteFile(String)
   at li.qubic.trainer.Trainer.RemoveLocalTrainer()
   at li.qubic.trainer.Trainer.ChangeSeed(TrainingSeed newSeed)
   at li.qubic.trainer.Trainer.LoadMiningSeed()
2024-04-10 15:34:18	ERROR	Failed loading Task(Access to the path 'C:\Users\Makson-PC\Desktop\XMRig\5700g\Gubic5700g\qli-runner.exe' is denied.)

System.UnauthorizedAccessException: Access to the path 'C:\Users\Makson-PC\Desktop\XMRig\5700g\Gubic5700g\qli-runner.exe' is denied.
   at System.IO.FileSystem.DeleteFile(String)
   at li.qubic.trainer.Trainer.RemoveLocalTrainer()
   at li.qubic.trainer.Trainer.ChangeSeed(TrainingSeed newSeed)
   at li.qubic.trainer.Trainer.LoadMiningSeed()
   at System.IO.FileSystem.DeleteFile(String)
   at li.qubic.trainer.Trainer.RemoveLocalTrainer()
   at li.qubic.trainer.Trainer.ChangeSeed(TrainingSeed newSeed)
   at li.qubic.trainer.Trainer.LoadMiningSeed()
2024-04-10 15:34:51	ERROR	Failed loading Task(Access to the path 'C:\Users\Makson-PC\Desktop\XMRig\5700g\Gubic5700g\qli-runner.exe' is denied.)

System.UnauthorizedAccessException: Access to the path 'C:\Users\Makson-PC\Desktop\XMRig\5700g\Gubic5700g\qli-runner.exe' is denied.
   at System.IO.FileSystem.DeleteFile(String)
   at li.qubic.trainer.Trainer.RemoveLocalTrainer()
   at li.qubic.trainer.Trainer.ChangeSeed(TrainingSeed newSeed)
   at li.qubic.trainer.Trainer.LoadMiningSeed()
   at System.IO.FileSystem.DeleteFile(String)
   at li.qubic.trainer.Trainer.RemoveLocalTrainer()
   at li.qubic.trainer.Trainer.ChangeSeed(TrainingSeed newSeed)
   at li.qubic.trainer.Trainer.LoadMiningSeed()
2024-04-10 15:35:20	ERROR	Failed loading Task(Access to the path 'C:\Users\Makson-PC\Desktop\XMRig\5700g\Gubic5700g\qli-runner.exe' is denied.)

System.UnauthorizedAccessException: Access to the path 'C:\Users\Makson-PC\Desktop\XMRig\5700g\Gubic5700g\qli-runner.exe' is denied.
   at System.IO.FileSystem.DeleteFile(String)
   at li.qubic.trainer.Trainer.RemoveLocalTrainer()
   at li.qubic.trainer.Trainer.ChangeSeed(TrainingSeed newSeed)
   at li.qubic.trainer.Trainer.LoadMiningSeed()
   at System.IO.FileSystem.DeleteFile(String)
   at li.qubic.trainer.Trainer.RemoveLocalTrainer()
   at li.qubic.trainer.Trainer.ChangeSeed(TrainingSeed newSeed)
   at li.qubic.trainer.Trainer.LoadMiningSeed()
2024-04-10 15:35:51	ERROR	Failed loading Task(Access to the path 'C:\Users\Makson-PC\Desktop\XMRig\5700g\Gubic5700g\qli-runner.exe' is denied.)

System.UnauthorizedAccessException: Access to the path 'C:\Users\Makson-PC\Desktop\XMRig\5700g\Gubic5700g\qli-runner.exe' is denied.
   at System.IO.FileSystem.DeleteFile(String)
   at li.qubic.trainer.Trainer.RemoveLocalTrainer()
   at li.qubic.trainer.Trainer.ChangeSeed(TrainingSeed newSeed)
   at li.qubic.trainer.Trainer.LoadMiningSeed()
   at System.IO.FileSystem.DeleteFile(String)
   at li.qubic.trainer.Trainer.RemoveLocalTrainer()
   at li.qubic.trainer.Trainer.ChangeSeed(TrainingSeed newSeed)
   at li.qubic.trainer.Trainer.LoadMiningSeed()
2024-04-10 15:36:19	ERROR	Failed loading Task(Access to the path 'C:\Users\Makson-PC\Desktop\XMRig\5700g\Gubic5700g\qli-runner.exe' is denied.)

System.UnauthorizedAccessException: Access to the path 'C:\Users\Makson-PC\Desktop\XMRig\5700g\Gubic5700g\qli-runner.exe' is denied.
   at System.IO.FileSystem.DeleteFile(String)
   at li.qubic.trainer.Trainer.RemoveLocalTrainer()
   at li.qubic.trainer.Trainer.ChangeSeed(TrainingSeed newSeed)
   at li.qubic.trainer.Trainer.LoadMiningSeed()
   at System.IO.FileSystem.DeleteFile(String)
   at li.qubic.trainer.Trainer.RemoveLocalTrainer()
   at li.qubic.trainer.Trainer.ChangeSeed(TrainingSeed newSeed)
   at li.qubic.trainer.Trainer.LoadMiningSeed()
2024-04-10 15:36:56	ERROR	Failed loading Task(Access to the path 'C:\Users\Makson-PC\Desktop\XMRig\5700g\Gubic5700g\qli-runner.exe' is denied.)

System.UnauthorizedAccessException: Access to the path 'C:\Users\Makson-PC\Desktop\XMRig\5700g\Gubic5700g\qli-runner.exe' is denied.
   at System.IO.FileSystem.DeleteFile(String)
   at li.qubic.trainer.Trainer.RemoveLocalTrainer()
   at li.qubic.trainer.Trainer.ChangeSeed(TrainingSeed newSeed)
   at li.qubic.trainer.Trainer.LoadMiningSeed()
   at System.IO.FileSystem.DeleteFile(String)
   at li.qubic.trainer.Trainer.RemoveLocalTrainer()
   at li.qubic.trainer.Trainer.ChangeSeed(TrainingSeed newSeed)
   at li.qubic.trainer.Trainer.LoadMiningSeed()
2024-04-10 15:37:21	ERROR	Failed loading Task(Access to the path 'C:\Users\Makson-PC\Desktop\XMRig\5700g\Gubic5700g\qli-runner.exe' is denied.)

System.UnauthorizedAccessException: Access to the path 'C:\Users\Makson-PC\Desktop\XMRig\5700g\Gubic5700g\qli-runner.exe' is denied.
   at System.IO.FileSystem.DeleteFile(String)
   at li.qubic.trainer.Trainer.RemoveLocalTrainer()
   at li.qubic.trainer.Trainer.ChangeSeed(TrainingSeed newSeed)
   at li.qubic.trainer.Trainer.LoadMiningSeed()
   at System.IO.FileSystem.DeleteFile(String)
   at li.qubic.trainer.Trainer.RemoveLocalTrainer()
   at li.qubic.trainer.Trainer.ChangeSeed(TrainingSeed newSeed)
   at li.qubic.trainer.Trainer.LoadMiningSeed()
2024-04-10 15:37:55	ERROR	Failed loading Task(Access to the path 'C:\Users\Makson-PC\Desktop\XMRig\5700g\Gubic5700g\qli-runner.exe' is denied.)

System.UnauthorizedAccessException: Access to the path 'C:\Users\Makson-PC\Desktop\XMRig\5700g\Gubic5700g\qli-runner.exe' is denied.
   at System.IO.FileSystem.DeleteFile(String)
   at li.qubic.trainer.Trainer.RemoveLocalTrainer()
   at li.qubic.trainer.Trainer.ChangeSeed(TrainingSeed newSeed)
   at li.qubic.trainer.Trainer.LoadMiningSeed()
   at System.IO.FileSystem.DeleteFile(String)
   at li.qubic.trainer.Trainer.RemoveLocalTrainer()
   at li.qubic.trainer.Trainer.ChangeSeed(TrainingSeed newSeed)
   at li.qubic.trainer.Trainer.LoadMiningSeed()
2024-04-10 15:38:20	ERROR	Failed loading Task(Access to the path 'C:\Users\Makson-PC\Desktop\XMRig\5700g\Gubic5700g\qli-runner.exe' is denied.)

System.UnauthorizedAccessException: Access to the path 'C:\Users\Makson-PC\Desktop\XMRig\5700g\Gubic5700g\qli-runner.exe' is denied.
   at System.IO.FileSystem.DeleteFile(String)
   at li.qubic.trainer.Trainer.RemoveLocalTrainer()
   at li.qubic.trainer.Trainer.ChangeSeed(TrainingSeed newSeed)
   at li.qubic.trainer.Trainer.LoadMiningSeed()
   at System.IO.FileSystem.DeleteFile(String)
   at li.qubic.trainer.Trainer.RemoveLocalTrainer()
   at li.qubic.trainer.Trainer.ChangeSeed(TrainingSeed newSeed)
   at li.qubic.trainer.Trainer.LoadMiningSeed()
2024-04-10 15:38:53	ERROR	Failed loading Task(Access to the path 'C:\Users\Makson-PC\Desktop\XMRig\5700g\Gubic5700g\qli-runner.exe' is denied.)

System.UnauthorizedAccessException: Access to the path 'C:\Users\Makson-PC\Desktop\XMRig\5700g\Gubic5700g\qli-runner.exe' is denied.
   at System.IO.FileSystem.DeleteFile(String)
   at li.qubic.trainer.Trainer.RemoveLocalTrainer()
   at li.qubic.trainer.Trainer.ChangeSeed(TrainingSeed newSeed)
   at li.qubic.trainer.Trainer.LoadMiningSeed()
   at System.IO.FileSystem.DeleteFile(String)
   at li.qubic.trainer.Trainer.RemoveLocalTrainer()
   at li.qubic.trainer.Trainer.ChangeSeed(TrainingSeed newSeed)
   at li.qubic.trainer.Trainer.LoadMiningSeed()
2024-04-10 15:39:20	ERROR	Failed loading Task(Access to the path 'C:\Users\Makson-PC\Desktop\XMRig\5700g\Gubic5700g\qli-runner.exe' is denied.)

System.UnauthorizedAccessException: Access to the path 'C:\Users\Makson-PC\Desktop\XMRig\5700g\Gubic5700g\qli-runner.exe' is denied.
   at System.IO.FileSystem.DeleteFile(String)
   at li.qubic.trainer.Trainer.RemoveLocalTrainer()
   at li.qubic.trainer.Trainer.ChangeSeed(TrainingSeed newSeed)
   at li.qubic.trainer.Trainer.LoadMiningSeed()
   at System.IO.FileSystem.DeleteFile(String)
   at li.qubic.trainer.Trainer.RemoveLocalTrainer()
   at li.qubic.trainer.Trainer.ChangeSeed(TrainingSeed newSeed)
   at li.qubic.trainer.Trainer.LoadMiningSeed()
2024-04-10 15:39:54	ERROR	Failed loading Task(Access to the path 'C:\Users\Makson-PC\Desktop\XMRig\5700g\Gubic5700g\qli-runner.exe' is denied.)

System.UnauthorizedAccessException: Access to the path 'C:\Users\Makson-PC\Desktop\XMRig\5700g\Gubic5700g\qli-runner.exe' is denied.
   at System.IO.FileSystem.DeleteFile(String)
   at li.qubic.trainer.Trainer.RemoveLocalTrainer()
   at li.qubic.trainer.Trainer.ChangeSeed(TrainingSeed newSeed)
   at li.qubic.trainer.Trainer.LoadMiningSeed()
   at System.IO.FileSystem.DeleteFile(String)
   at li.qubic.trainer.Trainer.RemoveLocalTrainer()
   at li.qubic.trainer.Trainer.ChangeSeed(TrainingSeed newSeed)
   at li.qubic.trainer.Trainer.LoadMiningSeed()
2024-04-10 15:40:23	ERROR	Failed loading Task(Access to the path 'C:\Users\Makson-PC\Desktop\XMRig\5700g\Gubic5700g\qli-runner.exe' is denied.)

System.UnauthorizedAccessException: Access to the path 'C:\Users\Makson-PC\Desktop\XMRig\5700g\Gubic5700g\qli-runner.exe' is denied.
   at System.IO.FileSystem.DeleteFile(String)
   at li.qubic.trainer.Trainer.RemoveLocalTrainer()
   at li.qubic.trainer.Trainer.ChangeSeed(TrainingSeed newSeed)
   at li.qubic.trainer.Trainer.LoadMiningSeed()
   at System.IO.FileSystem.DeleteFile(String)
   at li.qubic.trainer.Trainer.RemoveLocalTrainer()
   at li.qubic.trainer.Trainer.ChangeSeed(TrainingSeed newSeed)
   at li.qubic.trainer.Trainer.LoadMiningSeed()
2024-04-10 15:40:55	ERROR	Failed loading Task(Access to the path 'C:\Users\Makson-PC\Desktop\XMRig\5700g\Gubic5700g\qli-runner.exe' is denied.)

System.UnauthorizedAccessException: Access to the path 'C:\Users\Makson-PC\Desktop\XMRig\5700g\Gubic5700g\qli-runner.exe' is denied.
   at System.IO.FileSystem.DeleteFile(String)
   at li.qubic.trainer.Trainer.RemoveLocalTrainer()
   at li.qubic.trainer.Trainer.ChangeSeed(TrainingSeed newSeed)
   at li.qubic.trainer.Trainer.LoadMiningSeed()
   at System.IO.FileSystem.DeleteFile(String)
   at li.qubic.trainer.Trainer.RemoveLocalTrainer()
   at li.qubic.trainer.Trainer.ChangeSeed(TrainingSeed newSeed)
   at li.qubic.trainer.Trainer.LoadMiningSeed()
2024-04-10 15:41:22	ERROR	Failed loading Task(Access to the path 'C:\Users\Makson-PC\Desktop\XMRig\5700g\Gubic5700g\qli-runner.exe' is denied.)

System.UnauthorizedAccessException: Access to the path 'C:\Users\Makson-PC\Desktop\XMRig\5700g\Gubic5700g\qli-runner.exe' is denied.
   at System.IO.FileSystem.DeleteFile(String)
   at li.qubic.trainer.Trainer.RemoveLocalTrainer()
   at li.qubic.trainer.Trainer.ChangeSeed(TrainingSeed newSeed)
   at li.qubic.trainer.Trainer.LoadMiningSeed()
   at System.IO.FileSystem.DeleteFile(String)
   at li.qubic.trainer.Trainer.RemoveLocalTrainer()
   at li.qubic.trainer.Trainer.ChangeSeed(TrainingSeed newSeed)
   at li.qubic.trainer.Trainer.LoadMiningSeed()
2024-04-10 15:41:59	ERROR	Failed loading Task(Access to the path 'C:\Users\Makson-PC\Desktop\XMRig\5700g\Gubic5700g\qli-runner.exe' is denied.)

System.UnauthorizedAccessException: Access to the path 'C:\Users\Makson-PC\Desktop\XMRig\5700g\Gubic5700g\qli-runner.exe' is denied.
   at System.IO.FileSystem.DeleteFile(String)
   at li.qubic.trainer.Trainer.RemoveLocalTrainer()
   at li.qubic.trainer.Trainer.ChangeSeed(TrainingSeed newSeed)
   at li.qubic.trainer.Trainer.LoadMiningSeed()
   at System.IO.FileSystem.DeleteFile(String)
   at li.qubic.trainer.Trainer.RemoveLocalTrainer()
   at li.qubic.trainer.Trainer.ChangeSeed(TrainingSeed newSeed)
   at li.qubic.trainer.Trainer.LoadMiningSeed()
2024-04-10 15:42:22	ERROR	Failed loading Task(Access to the path 'C:\Users\Makson-PC\Desktop\XMRig\5700g\Gubic5700g\qli-runner.exe' is denied.)

System.UnauthorizedAccessException: Access to the path 'C:\Users\Makson-PC\Desktop\XMRig\5700g\Gubic5700g\qli-runner.exe' is denied.
   at System.IO.FileSystem.DeleteFile(String)
   at li.qubic.trainer.Trainer.RemoveLocalTrainer()
   at li.qubic.trainer.Trainer.ChangeSeed(TrainingSeed newSeed)
   at li.qubic.trainer.Trainer.LoadMiningSeed()
   at System.IO.FileSystem.DeleteFile(String)
   at li.qubic.trainer.Trainer.RemoveLocalTrainer()
   at li.qubic.trainer.Trainer.ChangeSeed(TrainingSeed newSeed)
   at li.qubic.trainer.Trainer.LoadMiningSeed()
2024-04-10 15:42:56	ERROR	Failed loading Task(Access to the path 'C:\Users\Makson-PC\Desktop\XMRig\5700g\Gubic5700g\qli-runner.exe' is denied.)

System.UnauthorizedAccessException: Access to the path 'C:\Users\Makson-PC\Desktop\XMRig\5700g\Gubic5700g\qli-runner.exe' is denied.
   at System.IO.FileSystem.DeleteFile(String)
   at li.qubic.trainer.Trainer.RemoveLocalTrainer()
   at li.qubic.trainer.Trainer.ChangeSeed(TrainingSeed newSeed)
   at li.qubic.trainer.Trainer.LoadMiningSeed()
   at System.IO.FileSystem.DeleteFile(String)
   at li.qubic.trainer.Trainer.RemoveLocalTrainer()
   at li.qubic.trainer.Trainer.ChangeSeed(TrainingSeed newSeed)
   at li.qubic.trainer.Trainer.LoadMiningSeed()
2024-04-10 15:43:27	ERROR	Failed loading Task(Access to the path 'C:\Users\Makson-PC\Desktop\XMRig\5700g\Gubic5700g\qli-runner.exe' is denied.)

System.UnauthorizedAccessException: Access to the path 'C:\Users\Makson-PC\Desktop\XMRig\5700g\Gubic5700g\qli-runner.exe' is denied.
   at System.IO.FileSystem.DeleteFile(String)
   at li.qubic.trainer.Trainer.RemoveLocalTrainer()
   at li.qubic.trainer.Trainer.ChangeSeed(TrainingSeed newSeed)
   at li.qubic.trainer.Trainer.LoadMiningSeed()
   at System.IO.FileSystem.DeleteFile(String)
   at li.qubic.trainer.Trainer.RemoveLocalTrainer()
   at li.qubic.trainer.Trainer.ChangeSeed(TrainingSeed newSeed)
   at li.qubic.trainer.Trainer.LoadMiningSeed()
2024-04-10 15:43:56	ERROR	Failed loading Task(Access to the path 'C:\Users\Makson-PC\Desktop\XMRig\5700g\Gubic5700g\qli-runner.exe' is denied.)

System.UnauthorizedAccessException: Access to the path 'C:\Users\Makson-PC\Desktop\XMRig\5700g\Gubic5700g\qli-runner.exe' is denied.
   at System.IO.FileSystem.DeleteFile(String)
   at li.qubic.trainer.Trainer.RemoveLocalTrainer()
   at li.qubic.trainer.Trainer.ChangeSeed(TrainingSeed newSeed)
   at li.qubic.trainer.Trainer.LoadMiningSeed()
   at System.IO.FileSystem.DeleteFile(String)
   at li.qubic.trainer.Trainer.RemoveLocalTrainer()
   at li.qubic.trainer.Trainer.ChangeSeed(TrainingSeed newSeed)
   at li.qubic.trainer.Trainer.LoadMiningSeed()
2024-04-10 15:44:22	ERROR	Failed loading Task(Access to the path 'C:\Users\Makson-PC\Desktop\XMRig\5700g\Gubic5700g\qli-runner.exe' is denied.)

System.UnauthorizedAccessException: Access to the path 'C:\Users\Makson-PC\Desktop\XMRig\5700g\Gubic5700g\qli-runner.exe' is denied.
   at System.IO.FileSystem.DeleteFile(String)
   at li.qubic.trainer.Trainer.RemoveLocalTrainer()
   at li.qubic.trainer.Trainer.ChangeSeed(TrainingSeed newSeed)
   at li.qubic.trainer.Trainer.LoadMiningSeed()
   at System.IO.FileSystem.DeleteFile(String)
   at li.qubic.trainer.Trainer.RemoveLocalTrainer()
   at li.qubic.trainer.Trainer.ChangeSeed(TrainingSeed newSeed)
   at li.qubic.trainer.Trainer.LoadMiningSeed()
2024-04-10 15:46:22	ERROR	Error Getting Worker BadRequest with Trainer not registered with correct hash
2024-04-10 15:47:22	ERROR	General error: Could not find file 'C:\Users\Makson-PC\Desktop\XMRig\5700g\Gubic5700g\qli-runner.exe'.(Could not find file 'C:\Users\Makson-PC\Desktop\XMRig\5700g\Gubic5700g\qli-runner.exe'.)

System.IO.FileNotFoundException: Could not find file 'C:\Users\Makson-PC\Desktop\XMRig\5700g\Gubic5700g\qli-runner.exe'.
File name: 'C:\Users\Makson-PC\Desktop\XMRig\5700g\Gubic5700g\qli-runner.exe'
   at Microsoft.Win32.SafeHandles.SafeFileHandle.CreateFile(String, FileMode, FileAccess, FileShare, FileOptions)
   at Microsoft.Win32.SafeHandles.SafeFileHandle.Open(String, FileMode, FileAccess, FileShare, FileOptions, Int64, Nullable`1 )
   at System.IO.File.OpenHandle(String, FileMode , FileAccess , FileShare , FileOptions , Int64 )
   at System.IO.File.ReadAllBytes(String)
   at li.qubic.trainer.Trainer.CheckTrainerBinary()
   at li.qubic.trainer.Trainer.StartLocalMining()
   at li.qubic.trainer.Trainer.CheckLocalTrainer()
   at li.qubic.trainer.Trainer.Start()
   at Microsoft.Win32.SafeHandles.SafeFileHandle.CreateFile(String, FileMode, FileAccess, FileShare, FileOptions)
   at Microsoft.Win32.SafeHandles.SafeFileHandle.Open(String, FileMode, FileAccess, FileShare, FileOptions, Int64, Nullable`1 )
   at System.IO.File.OpenHandle(String, FileMode , FileAccess , FileShare , FileOptions , Int64 )
   at System.IO.File.ReadAllBytes(String)
   at li.qubic.trainer.Trainer.CheckTrainerBinary()
   at li.qubic.trainer.Trainer.StartLocalMining()
   at li.qubic.trainer.Trainer.CheckLocalTrainer()
   at li.qubic.trainer.Trainer.Start()
2024-04-10 15:48:23	ERROR	Error Getting Worker BadRequest with Trainer not registered with correct hash
2024-04-10 15:49:23	ERROR	General error: Could not find file 'C:\Users\Makson-PC\Desktop\XMRig\5700g\Gubic5700g\qli-runner.exe'.(Could not find file 'C:\Users\Makson-PC\Desktop\XMRig\5700g\Gubic5700g\qli-runner.exe'.)

System.IO.FileNotFoundException: Could not find file 'C:\Users\Makson-PC\Desktop\XMRig\5700g\Gubic5700g\qli-runner.exe'.
File name: 'C:\Users\Makson-PC\Desktop\XMRig\5700g\Gubic5700g\qli-runner.exe'
   at Microsoft.Win32.SafeHandles.SafeFileHandle.CreateFile(String, FileMode, FileAccess, FileShare, FileOptions)
   at Microsoft.Win32.SafeHandles.SafeFileHandle.Open(String, FileMode, FileAccess, FileShare, FileOptions, Int64, Nullable`1 )
   at System.IO.File.OpenHandle(String, FileMode , FileAccess , FileShare , FileOptions , Int64 )
   at System.IO.File.ReadAllBytes(String)
   at li.qubic.trainer.Trainer.CheckTrainerBinary()
   at li.qubic.trainer.Trainer.StartLocalMining()
   at li.qubic.trainer.Trainer.CheckLocalTrainer()
   at li.qubic.trainer.Trainer.Start()
   at Microsoft.Win32.SafeHandles.SafeFileHandle.CreateFile(String, FileMode, FileAccess, FileShare, FileOptions)
   at Microsoft.Win32.SafeHandles.SafeFileHandle.Open(String, FileMode, FileAccess, FileShare, FileOptions, Int64, Nullable`1 )
   at System.IO.File.OpenHandle(String, FileMode , FileAccess , FileShare , FileOptions , Int64 )
   at System.IO.File.ReadAllBytes(String)
   at li.qubic.trainer.Trainer.CheckTrainerBinary()
   at li.qubic.trainer.Trainer.StartLocalMining()
   at li.qubic.trainer.Trainer.CheckLocalTrainer()
   at li.qubic.trainer.Trainer.Start()
2024-04-10 15:50:24	ERROR	Error Getting Worker BadRequest with Trainer not registered with correct hash
2024-04-10 15:51:24	ERROR	General error: Could not find file 'C:\Users\Makson-PC\Desktop\XMRig\5700g\Gubic5700g\qli-runner.exe'.(Could not find file 'C:\Users\Makson-PC\Desktop\XMRig\5700g\Gubic5700g\qli-runner.exe'.)

System.IO.FileNotFoundException: Could not find file 'C:\Users\Makson-PC\Desktop\XMRig\5700g\Gubic5700g\qli-runner.exe'.
File name: 'C:\Users\Makson-PC\Desktop\XMRig\5700g\Gubic5700g\qli-runner.exe'
   at Microsoft.Win32.SafeHandles.SafeFileHandle.CreateFile(String, FileMode, FileAccess, FileShare, FileOptions)
   at Microsoft.Win32.SafeHandles.SafeFileHandle.Open(String, FileMode, FileAccess, FileShare, FileOptions, Int64, Nullable`1 )
   at System.IO.File.OpenHandle(String, FileMode , FileAccess , FileShare , FileOptions , Int64 )
   at System.IO.File.ReadAllBytes(String)
   at li.qubic.trainer.Trainer.CheckTrainerBinary()
   at li.qubic.trainer.Trainer.StartLocalMining()
   at li.qubic.trainer.Trainer.CheckLocalTrainer()
   at li.qubic.trainer.Trainer.Start()
   at Microsoft.Win32.SafeHandles.SafeFileHandle.CreateFile(String, FileMode, FileAccess, FileShare, FileOptions)
   at Microsoft.Win32.SafeHandles.SafeFileHandle.Open(String, FileMode, FileAccess, FileShare, FileOptions, Int64, Nullable`1 )
   at System.IO.File.OpenHandle(String, FileMode , FileAccess , FileShare , FileOptions , Int64 )
   at System.IO.File.ReadAllBytes(String)
   at li.qubic.trainer.Trainer.CheckTrainerBinary()
   at li.qubic.trainer.Trainer.StartLocalMining()
   at li.qubic.trainer.Trainer.CheckLocalTrainer()
   at li.qubic.trainer.Trainer.Start()
