2024-04-03 13:42:37	ERROR	Ping error: API Report Error: ServiceUnavailable(API Report Error: ServiceUnavailable)

System.Exception: API Report Error: ServiceUnavailable
   at li.qubic.trainer.Client.Ping(ReportRequest pingRequest)
   at li.qubic.trainer.Trainer.PingApi()
   at li.qubic.trainer.Client.Ping(ReportRequest pingRequest)
   at li.qubic.trainer.Trainer.PingApi()
2024-04-03 13:43:45	ERROR	Ping error: API Report Error: ServiceUnavailable(API Report Error: ServiceUnavailable)

System.Exception: API Report Error: ServiceUnavailable
   at li.qubic.trainer.Client.Ping(ReportRequest pingRequest)
   at li.qubic.trainer.Trainer.PingApi()
   at li.qubic.trainer.Client.Ping(ReportRequest pingRequest)
   at li.qubic.trainer.Trainer.PingApi()
2024-04-03 15:14:44	ERROR	Failed loading Task(Access to the path 'C:\Users\Makson-PC\Desktop\XMRig\5700g\Gubic5700g\qli-runner.exe' is denied.)

System.UnauthorizedAccessException: Access to the path 'C:\Users\Makson-PC\Desktop\XMRig\5700g\Gubic5700g\qli-runner.exe' is denied.
   at System.IO.FileSystem.DeleteFile(String)
   at li.qubic.trainer.Trainer.RemoveLocalTrainer()
   at li.qubic.trainer.Trainer.ChangeSeed(TrainingSeed newSeed)
   at li.qubic.trainer.Trainer.LoadMiningSeed()
   at System.IO.FileSystem.DeleteFile(String)
   at li.qubic.trainer.Trainer.RemoveLocalTrainer()
   at li.qubic.trainer.Trainer.ChangeSeed(TrainingSeed newSeed)
   at li.qubic.trainer.Trainer.LoadMiningSeed()
2024-04-03 15:15:12	ERROR	Failed loading Task(Access to the path 'C:\Users\Makson-PC\Desktop\XMRig\5700g\Gubic5700g\qli-runner.exe' is denied.)

System.UnauthorizedAccessException: Access to the path 'C:\Users\Makson-PC\Desktop\XMRig\5700g\Gubic5700g\qli-runner.exe' is denied.
   at System.IO.FileSystem.DeleteFile(String)
   at li.qubic.trainer.Trainer.RemoveLocalTrainer()
   at li.qubic.trainer.Trainer.ChangeSeed(TrainingSeed newSeed)
   at li.qubic.trainer.Trainer.LoadMiningSeed()
   at System.IO.FileSystem.DeleteFile(String)
   at li.qubic.trainer.Trainer.RemoveLocalTrainer()
   at li.qubic.trainer.Trainer.ChangeSeed(TrainingSeed newSeed)
   at li.qubic.trainer.Trainer.LoadMiningSeed()
2024-04-03 15:15:54	ERROR	Ping error: API Report Error: GatewayTimeout(API Report Error: GatewayTimeout)

System.Exception: API Report Error: GatewayTimeout
   at li.qubic.trainer.Client.Ping(ReportRequest pingRequest)
   at li.qubic.trainer.Trainer.PingApi()
   at li.qubic.trainer.Client.Ping(ReportRequest pingRequest)
   at li.qubic.trainer.Trainer.PingApi()
2024-04-03 15:17:36	ERROR	Failed loading Task(Access to the path 'C:\Users\Makson-PC\Desktop\XMRig\5700g\Gubic5700g\qli-runner.exe' is denied.)

System.UnauthorizedAccessException: Access to the path 'C:\Users\Makson-PC\Desktop\XMRig\5700g\Gubic5700g\qli-runner.exe' is denied.
   at System.IO.FileSystem.DeleteFile(String)
   at li.qubic.trainer.Trainer.RemoveLocalTrainer()
   at li.qubic.trainer.Trainer.ChangeSeed(TrainingSeed newSeed)
   at li.qubic.trainer.Trainer.LoadMiningSeed()
   at System.IO.FileSystem.DeleteFile(String)
   at li.qubic.trainer.Trainer.RemoveLocalTrainer()
   at li.qubic.trainer.Trainer.ChangeSeed(TrainingSeed newSeed)
   at li.qubic.trainer.Trainer.LoadMiningSeed()
2024-04-03 15:18:21	ERROR	Failed loading Task(Access to the path 'C:\Users\Makson-PC\Desktop\XMRig\5700g\Gubic5700g\qli-runner.exe' is denied.)

System.UnauthorizedAccessException: Access to the path 'C:\Users\Makson-PC\Desktop\XMRig\5700g\Gubic5700g\qli-runner.exe' is denied.
   at System.IO.FileSystem.DeleteFile(String)
   at li.qubic.trainer.Trainer.RemoveLocalTrainer()
   at li.qubic.trainer.Trainer.ChangeSeed(TrainingSeed newSeed)
   at li.qubic.trainer.Trainer.LoadMiningSeed()
   at System.IO.FileSystem.DeleteFile(String)
   at li.qubic.trainer.Trainer.RemoveLocalTrainer()
   at li.qubic.trainer.Trainer.ChangeSeed(TrainingSeed newSeed)
   at li.qubic.trainer.Trainer.LoadMiningSeed()
2024-04-03 15:19:22	ERROR	Failed loading Task(Access to the path 'C:\Users\Makson-PC\Desktop\XMRig\5700g\Gubic5700g\qli-runner.exe' is denied.)

System.UnauthorizedAccessException: Access to the path 'C:\Users\Makson-PC\Desktop\XMRig\5700g\Gubic5700g\qli-runner.exe' is denied.
   at System.IO.FileSystem.DeleteFile(String)
   at li.qubic.trainer.Trainer.RemoveLocalTrainer()
   at li.qubic.trainer.Trainer.ChangeSeed(TrainingSeed newSeed)
   at li.qubic.trainer.Trainer.LoadMiningSeed()
   at System.IO.FileSystem.DeleteFile(String)
   at li.qubic.trainer.Trainer.RemoveLocalTrainer()
   at li.qubic.trainer.Trainer.ChangeSeed(TrainingSeed newSeed)
   at li.qubic.trainer.Trainer.LoadMiningSeed()
2024-04-03 15:20:23	ERROR	Failed loading Task(Access to the path 'C:\Users\Makson-PC\Desktop\XMRig\5700g\Gubic5700g\qli-runner.exe' is denied.)

System.UnauthorizedAccessException: Access to the path 'C:\Users\Makson-PC\Desktop\XMRig\5700g\Gubic5700g\qli-runner.exe' is denied.
   at System.IO.FileSystem.DeleteFile(String)
   at li.qubic.trainer.Trainer.RemoveLocalTrainer()
   at li.qubic.trainer.Trainer.ChangeSeed(TrainingSeed newSeed)
   at li.qubic.trainer.Trainer.LoadMiningSeed()
   at System.IO.FileSystem.DeleteFile(String)
   at li.qubic.trainer.Trainer.RemoveLocalTrainer()
   at li.qubic.trainer.Trainer.ChangeSeed(TrainingSeed newSeed)
   at li.qubic.trainer.Trainer.LoadMiningSeed()
2024-04-03 15:21:24	ERROR	Failed loading Task(Access to the path 'C:\Users\Makson-PC\Desktop\XMRig\5700g\Gubic5700g\qli-runner.exe' is denied.)

System.UnauthorizedAccessException: Access to the path 'C:\Users\Makson-PC\Desktop\XMRig\5700g\Gubic5700g\qli-runner.exe' is denied.
   at System.IO.FileSystem.DeleteFile(String)
   at li.qubic.trainer.Trainer.RemoveLocalTrainer()
   at li.qubic.trainer.Trainer.ChangeSeed(TrainingSeed newSeed)
   at li.qubic.trainer.Trainer.LoadMiningSeed()
   at System.IO.FileSystem.DeleteFile(String)
   at li.qubic.trainer.Trainer.RemoveLocalTrainer()
   at li.qubic.trainer.Trainer.ChangeSeed(TrainingSeed newSeed)
   at li.qubic.trainer.Trainer.LoadMiningSeed()
2024-04-03 15:22:24	ERROR	Failed loading Task(Access to the path 'C:\Users\Makson-PC\Desktop\XMRig\5700g\Gubic5700g\qli-runner.exe' is denied.)

System.UnauthorizedAccessException: Access to the path 'C:\Users\Makson-PC\Desktop\XMRig\5700g\Gubic5700g\qli-runner.exe' is denied.
   at System.IO.FileSystem.DeleteFile(String)
   at li.qubic.trainer.Trainer.RemoveLocalTrainer()
   at li.qubic.trainer.Trainer.ChangeSeed(TrainingSeed newSeed)
   at li.qubic.trainer.Trainer.LoadMiningSeed()
   at System.IO.FileSystem.DeleteFile(String)
   at li.qubic.trainer.Trainer.RemoveLocalTrainer()
   at li.qubic.trainer.Trainer.ChangeSeed(TrainingSeed newSeed)
   at li.qubic.trainer.Trainer.LoadMiningSeed()
2024-04-03 15:23:25	ERROR	Failed loading Task(Access to the path 'C:\Users\Makson-PC\Desktop\XMRig\5700g\Gubic5700g\qli-runner.exe' is denied.)

System.UnauthorizedAccessException: Access to the path 'C:\Users\Makson-PC\Desktop\XMRig\5700g\Gubic5700g\qli-runner.exe' is denied.
   at System.IO.FileSystem.DeleteFile(String)
   at li.qubic.trainer.Trainer.RemoveLocalTrainer()
   at li.qubic.trainer.Trainer.ChangeSeed(TrainingSeed newSeed)
   at li.qubic.trainer.Trainer.LoadMiningSeed()
   at System.IO.FileSystem.DeleteFile(String)
   at li.qubic.trainer.Trainer.RemoveLocalTrainer()
   at li.qubic.trainer.Trainer.ChangeSeed(TrainingSeed newSeed)
   at li.qubic.trainer.Trainer.LoadMiningSeed()
2024-04-03 15:24:26	ERROR	Failed loading Task(Access to the path 'C:\Users\Makson-PC\Desktop\XMRig\5700g\Gubic5700g\qli-runner.exe' is denied.)

System.UnauthorizedAccessException: Access to the path 'C:\Users\Makson-PC\Desktop\XMRig\5700g\Gubic5700g\qli-runner.exe' is denied.
   at System.IO.FileSystem.DeleteFile(String)
   at li.qubic.trainer.Trainer.RemoveLocalTrainer()
   at li.qubic.trainer.Trainer.ChangeSeed(TrainingSeed newSeed)
   at li.qubic.trainer.Trainer.LoadMiningSeed()
   at System.IO.FileSystem.DeleteFile(String)
   at li.qubic.trainer.Trainer.RemoveLocalTrainer()
   at li.qubic.trainer.Trainer.ChangeSeed(TrainingSeed newSeed)
   at li.qubic.trainer.Trainer.LoadMiningSeed()
2024-04-03 15:25:27	ERROR	Failed loading Task(Access to the path 'C:\Users\Makson-PC\Desktop\XMRig\5700g\Gubic5700g\qli-runner.exe' is denied.)

System.UnauthorizedAccessException: Access to the path 'C:\Users\Makson-PC\Desktop\XMRig\5700g\Gubic5700g\qli-runner.exe' is denied.
   at System.IO.FileSystem.DeleteFile(String)
   at li.qubic.trainer.Trainer.RemoveLocalTrainer()
   at li.qubic.trainer.Trainer.ChangeSeed(TrainingSeed newSeed)
   at li.qubic.trainer.Trainer.LoadMiningSeed()
   at System.IO.FileSystem.DeleteFile(String)
   at li.qubic.trainer.Trainer.RemoveLocalTrainer()
   at li.qubic.trainer.Trainer.ChangeSeed(TrainingSeed newSeed)
   at li.qubic.trainer.Trainer.LoadMiningSeed()
2024-04-03 15:26:27	ERROR	Failed loading Task(Access to the path 'C:\Users\Makson-PC\Desktop\XMRig\5700g\Gubic5700g\qli-runner.exe' is denied.)

System.UnauthorizedAccessException: Access to the path 'C:\Users\Makson-PC\Desktop\XMRig\5700g\Gubic5700g\qli-runner.exe' is denied.
   at System.IO.FileSystem.DeleteFile(String)
   at li.qubic.trainer.Trainer.RemoveLocalTrainer()
   at li.qubic.trainer.Trainer.ChangeSeed(TrainingSeed newSeed)
   at li.qubic.trainer.Trainer.LoadMiningSeed()
   at System.IO.FileSystem.DeleteFile(String)
   at li.qubic.trainer.Trainer.RemoveLocalTrainer()
   at li.qubic.trainer.Trainer.ChangeSeed(TrainingSeed newSeed)
   at li.qubic.trainer.Trainer.LoadMiningSeed()
2024-04-03 15:27:28	ERROR	Failed loading Task(Access to the path 'C:\Users\Makson-PC\Desktop\XMRig\5700g\Gubic5700g\qli-runner.exe' is denied.)

System.UnauthorizedAccessException: Access to the path 'C:\Users\Makson-PC\Desktop\XMRig\5700g\Gubic5700g\qli-runner.exe' is denied.
   at System.IO.FileSystem.DeleteFile(String)
   at li.qubic.trainer.Trainer.RemoveLocalTrainer()
   at li.qubic.trainer.Trainer.ChangeSeed(TrainingSeed newSeed)
   at li.qubic.trainer.Trainer.LoadMiningSeed()
   at System.IO.FileSystem.DeleteFile(String)
   at li.qubic.trainer.Trainer.RemoveLocalTrainer()
   at li.qubic.trainer.Trainer.ChangeSeed(TrainingSeed newSeed)
   at li.qubic.trainer.Trainer.LoadMiningSeed()
2024-04-03 15:28:29	ERROR	Failed loading Task(Access to the path 'C:\Users\Makson-PC\Desktop\XMRig\5700g\Gubic5700g\qli-runner.exe' is denied.)

System.UnauthorizedAccessException: Access to the path 'C:\Users\Makson-PC\Desktop\XMRig\5700g\Gubic5700g\qli-runner.exe' is denied.
   at System.IO.FileSystem.DeleteFile(String)
   at li.qubic.trainer.Trainer.RemoveLocalTrainer()
   at li.qubic.trainer.Trainer.ChangeSeed(TrainingSeed newSeed)
   at li.qubic.trainer.Trainer.LoadMiningSeed()
   at System.IO.FileSystem.DeleteFile(String)
   at li.qubic.trainer.Trainer.RemoveLocalTrainer()
   at li.qubic.trainer.Trainer.ChangeSeed(TrainingSeed newSeed)
   at li.qubic.trainer.Trainer.LoadMiningSeed()
2024-04-03 15:29:30	ERROR	Failed loading Task(Access to the path 'C:\Users\Makson-PC\Desktop\XMRig\5700g\Gubic5700g\qli-runner.exe' is denied.)

System.UnauthorizedAccessException: Access to the path 'C:\Users\Makson-PC\Desktop\XMRig\5700g\Gubic5700g\qli-runner.exe' is denied.
   at System.IO.FileSystem.DeleteFile(String)
   at li.qubic.trainer.Trainer.RemoveLocalTrainer()
   at li.qubic.trainer.Trainer.ChangeSeed(TrainingSeed newSeed)
   at li.qubic.trainer.Trainer.LoadMiningSeed()
   at System.IO.FileSystem.DeleteFile(String)
   at li.qubic.trainer.Trainer.RemoveLocalTrainer()
   at li.qubic.trainer.Trainer.ChangeSeed(TrainingSeed newSeed)
   at li.qubic.trainer.Trainer.LoadMiningSeed()
2024-04-03 15:30:30	ERROR	Failed loading Task(Access to the path 'C:\Users\Makson-PC\Desktop\XMRig\5700g\Gubic5700g\qli-runner.exe' is denied.)

System.UnauthorizedAccessException: Access to the path 'C:\Users\Makson-PC\Desktop\XMRig\5700g\Gubic5700g\qli-runner.exe' is denied.
   at System.IO.FileSystem.DeleteFile(String)
   at li.qubic.trainer.Trainer.RemoveLocalTrainer()
   at li.qubic.trainer.Trainer.ChangeSeed(TrainingSeed newSeed)
   at li.qubic.trainer.Trainer.LoadMiningSeed()
   at System.IO.FileSystem.DeleteFile(String)
   at li.qubic.trainer.Trainer.RemoveLocalTrainer()
   at li.qubic.trainer.Trainer.ChangeSeed(TrainingSeed newSeed)
   at li.qubic.trainer.Trainer.LoadMiningSeed()
2024-04-03 15:31:31	ERROR	Failed loading Task(Access to the path 'C:\Users\Makson-PC\Desktop\XMRig\5700g\Gubic5700g\qli-runner.exe' is denied.)

System.UnauthorizedAccessException: Access to the path 'C:\Users\Makson-PC\Desktop\XMRig\5700g\Gubic5700g\qli-runner.exe' is denied.
   at System.IO.FileSystem.DeleteFile(String)
   at li.qubic.trainer.Trainer.RemoveLocalTrainer()
   at li.qubic.trainer.Trainer.ChangeSeed(TrainingSeed newSeed)
   at li.qubic.trainer.Trainer.LoadMiningSeed()
   at System.IO.FileSystem.DeleteFile(String)
   at li.qubic.trainer.Trainer.RemoveLocalTrainer()
   at li.qubic.trainer.Trainer.ChangeSeed(TrainingSeed newSeed)
   at li.qubic.trainer.Trainer.LoadMiningSeed()
2024-04-03 15:32:32	ERROR	Failed loading Task(Access to the path 'C:\Users\Makson-PC\Desktop\XMRig\5700g\Gubic5700g\qli-runner.exe' is denied.)

System.UnauthorizedAccessException: Access to the path 'C:\Users\Makson-PC\Desktop\XMRig\5700g\Gubic5700g\qli-runner.exe' is denied.
   at System.IO.FileSystem.DeleteFile(String)
   at li.qubic.trainer.Trainer.RemoveLocalTrainer()
   at li.qubic.trainer.Trainer.ChangeSeed(TrainingSeed newSeed)
   at li.qubic.trainer.Trainer.LoadMiningSeed()
   at System.IO.FileSystem.DeleteFile(String)
   at li.qubic.trainer.Trainer.RemoveLocalTrainer()
   at li.qubic.trainer.Trainer.ChangeSeed(TrainingSeed newSeed)
   at li.qubic.trainer.Trainer.LoadMiningSeed()
2024-04-03 15:33:33	ERROR	Failed loading Task(Access to the path 'C:\Users\Makson-PC\Desktop\XMRig\5700g\Gubic5700g\qli-runner.exe' is denied.)

System.UnauthorizedAccessException: Access to the path 'C:\Users\Makson-PC\Desktop\XMRig\5700g\Gubic5700g\qli-runner.exe' is denied.
   at System.IO.FileSystem.DeleteFile(String)
   at li.qubic.trainer.Trainer.RemoveLocalTrainer()
   at li.qubic.trainer.Trainer.ChangeSeed(TrainingSeed newSeed)
   at li.qubic.trainer.Trainer.LoadMiningSeed()
   at System.IO.FileSystem.DeleteFile(String)
   at li.qubic.trainer.Trainer.RemoveLocalTrainer()
   at li.qubic.trainer.Trainer.ChangeSeed(TrainingSeed newSeed)
   at li.qubic.trainer.Trainer.LoadMiningSeed()
2024-04-03 15:34:33	ERROR	Failed loading Task(Access to the path 'C:\Users\Makson-PC\Desktop\XMRig\5700g\Gubic5700g\qli-runner.exe' is denied.)

System.UnauthorizedAccessException: Access to the path 'C:\Users\Makson-PC\Desktop\XMRig\5700g\Gubic5700g\qli-runner.exe' is denied.
   at System.IO.FileSystem.DeleteFile(String)
   at li.qubic.trainer.Trainer.RemoveLocalTrainer()
   at li.qubic.trainer.Trainer.ChangeSeed(TrainingSeed newSeed)
   at li.qubic.trainer.Trainer.LoadMiningSeed()
   at System.IO.FileSystem.DeleteFile(String)
   at li.qubic.trainer.Trainer.RemoveLocalTrainer()
   at li.qubic.trainer.Trainer.ChangeSeed(TrainingSeed newSeed)
   at li.qubic.trainer.Trainer.LoadMiningSeed()
2024-04-03 15:35:33	ERROR	Failed loading Task(Access to the path 'C:\Users\Makson-PC\Desktop\XMRig\5700g\Gubic5700g\qli-runner.exe' is denied.)

System.UnauthorizedAccessException: Access to the path 'C:\Users\Makson-PC\Desktop\XMRig\5700g\Gubic5700g\qli-runner.exe' is denied.
   at System.IO.FileSystem.DeleteFile(String)
   at li.qubic.trainer.Trainer.RemoveLocalTrainer()
   at li.qubic.trainer.Trainer.ChangeSeed(TrainingSeed newSeed)
   at li.qubic.trainer.Trainer.LoadMiningSeed()
   at System.IO.FileSystem.DeleteFile(String)
   at li.qubic.trainer.Trainer.RemoveLocalTrainer()
   at li.qubic.trainer.Trainer.ChangeSeed(TrainingSeed newSeed)
   at li.qubic.trainer.Trainer.LoadMiningSeed()
2024-04-03 15:36:34	ERROR	Failed loading Task(Access to the path 'C:\Users\Makson-PC\Desktop\XMRig\5700g\Gubic5700g\qli-runner.exe' is denied.)

System.UnauthorizedAccessException: Access to the path 'C:\Users\Makson-PC\Desktop\XMRig\5700g\Gubic5700g\qli-runner.exe' is denied.
   at System.IO.FileSystem.DeleteFile(String)
   at li.qubic.trainer.Trainer.RemoveLocalTrainer()
   at li.qubic.trainer.Trainer.ChangeSeed(TrainingSeed newSeed)
   at li.qubic.trainer.Trainer.LoadMiningSeed()
   at System.IO.FileSystem.DeleteFile(String)
   at li.qubic.trainer.Trainer.RemoveLocalTrainer()
   at li.qubic.trainer.Trainer.ChangeSeed(TrainingSeed newSeed)
   at li.qubic.trainer.Trainer.LoadMiningSeed()
2024-04-03 15:37:34	ERROR	Failed loading Task(Access to the path 'C:\Users\Makson-PC\Desktop\XMRig\5700g\Gubic5700g\qli-runner.exe' is denied.)

System.UnauthorizedAccessException: Access to the path 'C:\Users\Makson-PC\Desktop\XMRig\5700g\Gubic5700g\qli-runner.exe' is denied.
   at System.IO.FileSystem.DeleteFile(String)
   at li.qubic.trainer.Trainer.RemoveLocalTrainer()
   at li.qubic.trainer.Trainer.ChangeSeed(TrainingSeed newSeed)
   at li.qubic.trainer.Trainer.LoadMiningSeed()
   at System.IO.FileSystem.DeleteFile(String)
   at li.qubic.trainer.Trainer.RemoveLocalTrainer()
   at li.qubic.trainer.Trainer.ChangeSeed(TrainingSeed newSeed)
   at li.qubic.trainer.Trainer.LoadMiningSeed()
2024-04-03 15:38:35	ERROR	Failed loading Task(Access to the path 'C:\Users\Makson-PC\Desktop\XMRig\5700g\Gubic5700g\qli-runner.exe' is denied.)

System.UnauthorizedAccessException: Access to the path 'C:\Users\Makson-PC\Desktop\XMRig\5700g\Gubic5700g\qli-runner.exe' is denied.
   at System.IO.FileSystem.DeleteFile(String)
   at li.qubic.trainer.Trainer.RemoveLocalTrainer()
   at li.qubic.trainer.Trainer.ChangeSeed(TrainingSeed newSeed)
   at li.qubic.trainer.Trainer.LoadMiningSeed()
   at System.IO.FileSystem.DeleteFile(String)
   at li.qubic.trainer.Trainer.RemoveLocalTrainer()
   at li.qubic.trainer.Trainer.ChangeSeed(TrainingSeed newSeed)
   at li.qubic.trainer.Trainer.LoadMiningSeed()
2024-04-03 15:39:36	ERROR	Failed loading Task(Access to the path 'C:\Users\Makson-PC\Desktop\XMRig\5700g\Gubic5700g\qli-runner.exe' is denied.)

System.UnauthorizedAccessException: Access to the path 'C:\Users\Makson-PC\Desktop\XMRig\5700g\Gubic5700g\qli-runner.exe' is denied.
   at System.IO.FileSystem.DeleteFile(String)
   at li.qubic.trainer.Trainer.RemoveLocalTrainer()
   at li.qubic.trainer.Trainer.ChangeSeed(TrainingSeed newSeed)
   at li.qubic.trainer.Trainer.LoadMiningSeed()
   at System.IO.FileSystem.DeleteFile(String)
   at li.qubic.trainer.Trainer.RemoveLocalTrainer()
   at li.qubic.trainer.Trainer.ChangeSeed(TrainingSeed newSeed)
   at li.qubic.trainer.Trainer.LoadMiningSeed()
2024-04-03 15:40:37	ERROR	Failed loading Task(Access to the path 'C:\Users\Makson-PC\Desktop\XMRig\5700g\Gubic5700g\qli-runner.exe' is denied.)

System.UnauthorizedAccessException: Access to the path 'C:\Users\Makson-PC\Desktop\XMRig\5700g\Gubic5700g\qli-runner.exe' is denied.
   at System.IO.FileSystem.DeleteFile(String)
   at li.qubic.trainer.Trainer.RemoveLocalTrainer()
   at li.qubic.trainer.Trainer.ChangeSeed(TrainingSeed newSeed)
   at li.qubic.trainer.Trainer.LoadMiningSeed()
   at System.IO.FileSystem.DeleteFile(String)
   at li.qubic.trainer.Trainer.RemoveLocalTrainer()
   at li.qubic.trainer.Trainer.ChangeSeed(TrainingSeed newSeed)
   at li.qubic.trainer.Trainer.LoadMiningSeed()
2024-04-03 15:41:38	ERROR	Failed loading Task(Access to the path 'C:\Users\Makson-PC\Desktop\XMRig\5700g\Gubic5700g\qli-runner.exe' is denied.)

System.UnauthorizedAccessException: Access to the path 'C:\Users\Makson-PC\Desktop\XMRig\5700g\Gubic5700g\qli-runner.exe' is denied.
   at System.IO.FileSystem.DeleteFile(String)
   at li.qubic.trainer.Trainer.RemoveLocalTrainer()
   at li.qubic.trainer.Trainer.ChangeSeed(TrainingSeed newSeed)
   at li.qubic.trainer.Trainer.LoadMiningSeed()
   at System.IO.FileSystem.DeleteFile(String)
   at li.qubic.trainer.Trainer.RemoveLocalTrainer()
   at li.qubic.trainer.Trainer.ChangeSeed(TrainingSeed newSeed)
   at li.qubic.trainer.Trainer.LoadMiningSeed()
2024-04-03 15:42:38	ERROR	Failed loading Task(Access to the path 'C:\Users\Makson-PC\Desktop\XMRig\5700g\Gubic5700g\qli-runner.exe' is denied.)

System.UnauthorizedAccessException: Access to the path 'C:\Users\Makson-PC\Desktop\XMRig\5700g\Gubic5700g\qli-runner.exe' is denied.
   at System.IO.FileSystem.DeleteFile(String)
   at li.qubic.trainer.Trainer.RemoveLocalTrainer()
   at li.qubic.trainer.Trainer.ChangeSeed(TrainingSeed newSeed)
   at li.qubic.trainer.Trainer.LoadMiningSeed()
   at System.IO.FileSystem.DeleteFile(String)
   at li.qubic.trainer.Trainer.RemoveLocalTrainer()
   at li.qubic.trainer.Trainer.ChangeSeed(TrainingSeed newSeed)
   at li.qubic.trainer.Trainer.LoadMiningSeed()
2024-04-03 15:43:38	ERROR	Failed loading Task(Access to the path 'C:\Users\Makson-PC\Desktop\XMRig\5700g\Gubic5700g\qli-runner.exe' is denied.)

System.UnauthorizedAccessException: Access to the path 'C:\Users\Makson-PC\Desktop\XMRig\5700g\Gubic5700g\qli-runner.exe' is denied.
   at System.IO.FileSystem.DeleteFile(String)
   at li.qubic.trainer.Trainer.RemoveLocalTrainer()
   at li.qubic.trainer.Trainer.ChangeSeed(TrainingSeed newSeed)
   at li.qubic.trainer.Trainer.LoadMiningSeed()
   at System.IO.FileSystem.DeleteFile(String)
   at li.qubic.trainer.Trainer.RemoveLocalTrainer()
   at li.qubic.trainer.Trainer.ChangeSeed(TrainingSeed newSeed)
   at li.qubic.trainer.Trainer.LoadMiningSeed()
2024-04-03 15:44:38	ERROR	Failed loading Task(Access to the path 'C:\Users\Makson-PC\Desktop\XMRig\5700g\Gubic5700g\qli-runner.exe' is denied.)

System.UnauthorizedAccessException: Access to the path 'C:\Users\Makson-PC\Desktop\XMRig\5700g\Gubic5700g\qli-runner.exe' is denied.
   at System.IO.FileSystem.DeleteFile(String)
   at li.qubic.trainer.Trainer.RemoveLocalTrainer()
   at li.qubic.trainer.Trainer.ChangeSeed(TrainingSeed newSeed)
   at li.qubic.trainer.Trainer.LoadMiningSeed()
   at System.IO.FileSystem.DeleteFile(String)
   at li.qubic.trainer.Trainer.RemoveLocalTrainer()
   at li.qubic.trainer.Trainer.ChangeSeed(TrainingSeed newSeed)
   at li.qubic.trainer.Trainer.LoadMiningSeed()
2024-04-03 15:45:39	ERROR	Failed loading Task(Access to the path 'C:\Users\Makson-PC\Desktop\XMRig\5700g\Gubic5700g\qli-runner.exe' is denied.)

System.UnauthorizedAccessException: Access to the path 'C:\Users\Makson-PC\Desktop\XMRig\5700g\Gubic5700g\qli-runner.exe' is denied.
   at System.IO.FileSystem.DeleteFile(String)
   at li.qubic.trainer.Trainer.RemoveLocalTrainer()
   at li.qubic.trainer.Trainer.ChangeSeed(TrainingSeed newSeed)
   at li.qubic.trainer.Trainer.LoadMiningSeed()
   at System.IO.FileSystem.DeleteFile(String)
   at li.qubic.trainer.Trainer.RemoveLocalTrainer()
   at li.qubic.trainer.Trainer.ChangeSeed(TrainingSeed newSeed)
   at li.qubic.trainer.Trainer.LoadMiningSeed()
2024-04-03 15:46:40	ERROR	Failed loading Task(Access to the path 'C:\Users\Makson-PC\Desktop\XMRig\5700g\Gubic5700g\qli-runner.exe' is denied.)

System.UnauthorizedAccessException: Access to the path 'C:\Users\Makson-PC\Desktop\XMRig\5700g\Gubic5700g\qli-runner.exe' is denied.
   at System.IO.FileSystem.DeleteFile(String)
   at li.qubic.trainer.Trainer.RemoveLocalTrainer()
   at li.qubic.trainer.Trainer.ChangeSeed(TrainingSeed newSeed)
   at li.qubic.trainer.Trainer.LoadMiningSeed()
   at System.IO.FileSystem.DeleteFile(String)
   at li.qubic.trainer.Trainer.RemoveLocalTrainer()
   at li.qubic.trainer.Trainer.ChangeSeed(TrainingSeed newSeed)
   at li.qubic.trainer.Trainer.LoadMiningSeed()
2024-04-03 15:47:41	ERROR	Failed loading Task(Access to the path 'C:\Users\Makson-PC\Desktop\XMRig\5700g\Gubic5700g\qli-runner.exe' is denied.)

System.UnauthorizedAccessException: Access to the path 'C:\Users\Makson-PC\Desktop\XMRig\5700g\Gubic5700g\qli-runner.exe' is denied.
   at System.IO.FileSystem.DeleteFile(String)
   at li.qubic.trainer.Trainer.RemoveLocalTrainer()
   at li.qubic.trainer.Trainer.ChangeSeed(TrainingSeed newSeed)
   at li.qubic.trainer.Trainer.LoadMiningSeed()
   at System.IO.FileSystem.DeleteFile(String)
   at li.qubic.trainer.Trainer.RemoveLocalTrainer()
   at li.qubic.trainer.Trainer.ChangeSeed(TrainingSeed newSeed)
   at li.qubic.trainer.Trainer.LoadMiningSeed()
2024-04-03 15:48:42	ERROR	Failed loading Task(Access to the path 'C:\Users\Makson-PC\Desktop\XMRig\5700g\Gubic5700g\qli-runner.exe' is denied.)

System.UnauthorizedAccessException: Access to the path 'C:\Users\Makson-PC\Desktop\XMRig\5700g\Gubic5700g\qli-runner.exe' is denied.
   at System.IO.FileSystem.DeleteFile(String)
   at li.qubic.trainer.Trainer.RemoveLocalTrainer()
   at li.qubic.trainer.Trainer.ChangeSeed(TrainingSeed newSeed)
   at li.qubic.trainer.Trainer.LoadMiningSeed()
   at System.IO.FileSystem.DeleteFile(String)
   at li.qubic.trainer.Trainer.RemoveLocalTrainer()
   at li.qubic.trainer.Trainer.ChangeSeed(TrainingSeed newSeed)
   at li.qubic.trainer.Trainer.LoadMiningSeed()
2024-04-03 15:49:42	ERROR	Failed loading Task(Access to the path 'C:\Users\Makson-PC\Desktop\XMRig\5700g\Gubic5700g\qli-runner.exe' is denied.)

System.UnauthorizedAccessException: Access to the path 'C:\Users\Makson-PC\Desktop\XMRig\5700g\Gubic5700g\qli-runner.exe' is denied.
   at System.IO.FileSystem.DeleteFile(String)
   at li.qubic.trainer.Trainer.RemoveLocalTrainer()
   at li.qubic.trainer.Trainer.ChangeSeed(TrainingSeed newSeed)
   at li.qubic.trainer.Trainer.LoadMiningSeed()
   at System.IO.FileSystem.DeleteFile(String)
   at li.qubic.trainer.Trainer.RemoveLocalTrainer()
   at li.qubic.trainer.Trainer.ChangeSeed(TrainingSeed newSeed)
   at li.qubic.trainer.Trainer.LoadMiningSeed()
2024-04-03 15:50:42	ERROR	Failed loading Task(Access to the path 'C:\Users\Makson-PC\Desktop\XMRig\5700g\Gubic5700g\qli-runner.exe' is denied.)

System.UnauthorizedAccessException: Access to the path 'C:\Users\Makson-PC\Desktop\XMRig\5700g\Gubic5700g\qli-runner.exe' is denied.
   at System.IO.FileSystem.DeleteFile(String)
   at li.qubic.trainer.Trainer.RemoveLocalTrainer()
   at li.qubic.trainer.Trainer.ChangeSeed(TrainingSeed newSeed)
   at li.qubic.trainer.Trainer.LoadMiningSeed()
   at System.IO.FileSystem.DeleteFile(String)
   at li.qubic.trainer.Trainer.RemoveLocalTrainer()
   at li.qubic.trainer.Trainer.ChangeSeed(TrainingSeed newSeed)
   at li.qubic.trainer.Trainer.LoadMiningSeed()
2024-04-03 15:51:43	ERROR	Failed loading Task(Access to the path 'C:\Users\Makson-PC\Desktop\XMRig\5700g\Gubic5700g\qli-runner.exe' is denied.)

System.UnauthorizedAccessException: Access to the path 'C:\Users\Makson-PC\Desktop\XMRig\5700g\Gubic5700g\qli-runner.exe' is denied.
   at System.IO.FileSystem.DeleteFile(String)
   at li.qubic.trainer.Trainer.RemoveLocalTrainer()
   at li.qubic.trainer.Trainer.ChangeSeed(TrainingSeed newSeed)
   at li.qubic.trainer.Trainer.LoadMiningSeed()
   at System.IO.FileSystem.DeleteFile(String)
   at li.qubic.trainer.Trainer.RemoveLocalTrainer()
   at li.qubic.trainer.Trainer.ChangeSeed(TrainingSeed newSeed)
   at li.qubic.trainer.Trainer.LoadMiningSeed()
2024-04-03 15:52:44	ERROR	Failed loading Task(Access to the path 'C:\Users\Makson-PC\Desktop\XMRig\5700g\Gubic5700g\qli-runner.exe' is denied.)

System.UnauthorizedAccessException: Access to the path 'C:\Users\Makson-PC\Desktop\XMRig\5700g\Gubic5700g\qli-runner.exe' is denied.
   at System.IO.FileSystem.DeleteFile(String)
   at li.qubic.trainer.Trainer.RemoveLocalTrainer()
   at li.qubic.trainer.Trainer.ChangeSeed(TrainingSeed newSeed)
   at li.qubic.trainer.Trainer.LoadMiningSeed()
   at System.IO.FileSystem.DeleteFile(String)
   at li.qubic.trainer.Trainer.RemoveLocalTrainer()
   at li.qubic.trainer.Trainer.ChangeSeed(TrainingSeed newSeed)
   at li.qubic.trainer.Trainer.LoadMiningSeed()
2024-04-03 15:53:45	ERROR	Failed loading Task(Access to the path 'C:\Users\Makson-PC\Desktop\XMRig\5700g\Gubic5700g\qli-runner.exe' is denied.)

System.UnauthorizedAccessException: Access to the path 'C:\Users\Makson-PC\Desktop\XMRig\5700g\Gubic5700g\qli-runner.exe' is denied.
   at System.IO.FileSystem.DeleteFile(String)
   at li.qubic.trainer.Trainer.RemoveLocalTrainer()
   at li.qubic.trainer.Trainer.ChangeSeed(TrainingSeed newSeed)
   at li.qubic.trainer.Trainer.LoadMiningSeed()
   at System.IO.FileSystem.DeleteFile(String)
   at li.qubic.trainer.Trainer.RemoveLocalTrainer()
   at li.qubic.trainer.Trainer.ChangeSeed(TrainingSeed newSeed)
   at li.qubic.trainer.Trainer.LoadMiningSeed()
2024-04-03 15:54:46	ERROR	Failed loading Task(Access to the path 'C:\Users\Makson-PC\Desktop\XMRig\5700g\Gubic5700g\qli-runner.exe' is denied.)

System.UnauthorizedAccessException: Access to the path 'C:\Users\Makson-PC\Desktop\XMRig\5700g\Gubic5700g\qli-runner.exe' is denied.
   at System.IO.FileSystem.DeleteFile(String)
   at li.qubic.trainer.Trainer.RemoveLocalTrainer()
   at li.qubic.trainer.Trainer.ChangeSeed(TrainingSeed newSeed)
   at li.qubic.trainer.Trainer.LoadMiningSeed()
   at System.IO.FileSystem.DeleteFile(String)
   at li.qubic.trainer.Trainer.RemoveLocalTrainer()
   at li.qubic.trainer.Trainer.ChangeSeed(TrainingSeed newSeed)
   at li.qubic.trainer.Trainer.LoadMiningSeed()
2024-04-03 15:55:46	ERROR	Failed loading Task(Access to the path 'C:\Users\Makson-PC\Desktop\XMRig\5700g\Gubic5700g\qli-runner.exe' is denied.)

System.UnauthorizedAccessException: Access to the path 'C:\Users\Makson-PC\Desktop\XMRig\5700g\Gubic5700g\qli-runner.exe' is denied.
   at System.IO.FileSystem.DeleteFile(String)
   at li.qubic.trainer.Trainer.RemoveLocalTrainer()
   at li.qubic.trainer.Trainer.ChangeSeed(TrainingSeed newSeed)
   at li.qubic.trainer.Trainer.LoadMiningSeed()
   at System.IO.FileSystem.DeleteFile(String)
   at li.qubic.trainer.Trainer.RemoveLocalTrainer()
   at li.qubic.trainer.Trainer.ChangeSeed(TrainingSeed newSeed)
   at li.qubic.trainer.Trainer.LoadMiningSeed()
2024-04-03 15:56:47	ERROR	Failed loading Task(Access to the path 'C:\Users\Makson-PC\Desktop\XMRig\5700g\Gubic5700g\qli-runner.exe' is denied.)

System.UnauthorizedAccessException: Access to the path 'C:\Users\Makson-PC\Desktop\XMRig\5700g\Gubic5700g\qli-runner.exe' is denied.
   at System.IO.FileSystem.DeleteFile(String)
   at li.qubic.trainer.Trainer.RemoveLocalTrainer()
   at li.qubic.trainer.Trainer.ChangeSeed(TrainingSeed newSeed)
   at li.qubic.trainer.Trainer.LoadMiningSeed()
   at System.IO.FileSystem.DeleteFile(String)
   at li.qubic.trainer.Trainer.RemoveLocalTrainer()
   at li.qubic.trainer.Trainer.ChangeSeed(TrainingSeed newSeed)
   at li.qubic.trainer.Trainer.LoadMiningSeed()
2024-04-03 15:57:48	ERROR	Failed loading Task(Access to the path 'C:\Users\Makson-PC\Desktop\XMRig\5700g\Gubic5700g\qli-runner.exe' is denied.)

System.UnauthorizedAccessException: Access to the path 'C:\Users\Makson-PC\Desktop\XMRig\5700g\Gubic5700g\qli-runner.exe' is denied.
   at System.IO.FileSystem.DeleteFile(String)
   at li.qubic.trainer.Trainer.RemoveLocalTrainer()
   at li.qubic.trainer.Trainer.ChangeSeed(TrainingSeed newSeed)
   at li.qubic.trainer.Trainer.LoadMiningSeed()
   at System.IO.FileSystem.DeleteFile(String)
   at li.qubic.trainer.Trainer.RemoveLocalTrainer()
   at li.qubic.trainer.Trainer.ChangeSeed(TrainingSeed newSeed)
   at li.qubic.trainer.Trainer.LoadMiningSeed()
2024-04-03 15:58:49	ERROR	Failed loading Task(Access to the path 'C:\Users\Makson-PC\Desktop\XMRig\5700g\Gubic5700g\qli-runner.exe' is denied.)

System.UnauthorizedAccessException: Access to the path 'C:\Users\Makson-PC\Desktop\XMRig\5700g\Gubic5700g\qli-runner.exe' is denied.
   at System.IO.FileSystem.DeleteFile(String)
   at li.qubic.trainer.Trainer.RemoveLocalTrainer()
   at li.qubic.trainer.Trainer.ChangeSeed(TrainingSeed newSeed)
   at li.qubic.trainer.Trainer.LoadMiningSeed()
   at System.IO.FileSystem.DeleteFile(String)
   at li.qubic.trainer.Trainer.RemoveLocalTrainer()
   at li.qubic.trainer.Trainer.ChangeSeed(TrainingSeed newSeed)
   at li.qubic.trainer.Trainer.LoadMiningSeed()
2024-04-03 23:10:44	ERROR	Error Checking for updates: Этот хост неизвестен. (mine.qubic.li:443)
2024-04-03 23:10:44	ERROR	Feature Registration Request Failed(Этот хост неизвестен. (mine.qubic.li:443))

System.Net.Http.HttpRequestException: Этот хост неизвестен. (mine.qubic.li:443)
 ---> System.Net.Sockets.SocketException (11001): Этот хост неизвестен.
   at System.Net.Sockets.Socket.AwaitableSocketAsyncEventArgs.ThrowException(SocketError, CancellationToken)
   at System.Net.Sockets.Socket.AwaitableSocketAsyncEventArgs.System.Threading.Tasks.Sources.IValueTaskSource.GetResult(Int16)
   at System.Net.Sockets.Socket.<ConnectAsync>g__WaitForConnectWithCancellation|281_0(AwaitableSocketAsyncEventArgs, ValueTask, CancellationToken)
   at System.Net.Http.HttpConnectionPool.ConnectToTcpHostAsync(String, Int32, HttpRequestMessage, Boolean, CancellationToken)
   --- End of inner exception stack trace ---
   at System.Net.Http.HttpConnectionPool.ConnectToTcpHostAsync(String, Int32, HttpRequestMessage, Boolean, CancellationToken)
   at System.Net.Http.HttpConnectionPool.ConnectAsync(HttpRequestMessage, Boolean, CancellationToken)
   at System.Net.Http.HttpConnectionPool.AddHttp2ConnectionAsync(QueueItem)
   at System.Threading.Tasks.TaskCompletionSourceWithCancellation`1.WaitWithCancellationAsync(CancellationToken)
   at System.Net.Http.HttpConnectionPool.HttpConnectionWaiter`1.WaitForConnectionAsync(Boolean, CancellationToken)
   at System.Net.Http.HttpConnectionPool.SendWithVersionDetectionAndRetryAsync(HttpRequestMessage, Boolean, Boolean, CancellationToken)
   at System.Net.Http.RedirectHandler.SendAsync(HttpRequestMessage, Boolean, CancellationToken)
   at System.Net.Http.HttpClient.<SendAsync>g__Core|83_0(HttpRequestMessage, HttpCompletionOption, CancellationTokenSource, Boolean, CancellationTokenSource, CancellationToken)
   at li.qubic.trainer.Client.Register(TrainerRegisterRequest featureRequest)
   at li.qubic.trainer.Trainer.RegisterFeatures()
   at System.Net.Http.HttpConnectionPool.ConnectToTcpHostAsync(String, Int32, HttpRequestMessage, Boolean, CancellationToken)
   at System.Net.Http.HttpConnectionPool.ConnectAsync(HttpRequestMessage, Boolean, CancellationToken)
   at System.Net.Http.HttpConnectionPool.AddHttp2ConnectionAsync(QueueItem)
   at System.Threading.Tasks.TaskCompletionSourceWithCancellation`1.WaitWithCancellationAsync(CancellationToken)
   at System.Net.Http.HttpConnectionPool.HttpConnectionWaiter`1.WaitForConnectionAsync(Boolean, CancellationToken)
   at System.Net.Http.HttpConnectionPool.SendWithVersionDetectionAndRetryAsync(HttpRequestMessage, Boolean, Boolean, CancellationToken)
   at System.Net.Http.RedirectHandler.SendAsync(HttpRequestMessage, Boolean, CancellationToken)
   at System.Net.Http.HttpClient.<SendAsync>g__Core|83_0(HttpRequestMessage, HttpCompletionOption, CancellationTokenSource, Boolean, CancellationTokenSource, CancellationToken)
   at li.qubic.trainer.Client.Register(TrainerRegisterRequest featureRequest)
   at li.qubic.trainer.Trainer.RegisterFeatures()
   at System.Net.Sockets.Socket.AwaitableSocketAsyncEventArgs.ThrowException(SocketError, CancellationToken)
   at System.Net.Sockets.Socket.AwaitableSocketAsyncEventArgs.System.Threading.Tasks.Sources.IValueTaskSource.GetResult(Int16)
   at System.Net.Sockets.Socket.<ConnectAsync>g__WaitForConnectWithCancellation|281_0(AwaitableSocketAsyncEventArgs, ValueTask, CancellationToken)
   at System.Net.Http.HttpConnectionPool.ConnectToTcpHostAsync(String, Int32, HttpRequestMessage, Boolean, CancellationToken)
2024-04-03 23:10:44	ERROR	Failed loading Task(Этот хост неизвестен. (mine.qubic.li:443))

System.Net.Http.HttpRequestException: Этот хост неизвестен. (mine.qubic.li:443)
 ---> System.Net.Sockets.SocketException (11001): Этот хост неизвестен.
   at System.Net.Sockets.Socket.AwaitableSocketAsyncEventArgs.ThrowException(SocketError, CancellationToken)
   at System.Net.Sockets.Socket.AwaitableSocketAsyncEventArgs.System.Threading.Tasks.Sources.IValueTaskSource.GetResult(Int16)
   at System.Net.Sockets.Socket.<ConnectAsync>g__WaitForConnectWithCancellation|281_0(AwaitableSocketAsyncEventArgs, ValueTask, CancellationToken)
   at System.Net.Http.HttpConnectionPool.ConnectToTcpHostAsync(String, Int32, HttpRequestMessage, Boolean, CancellationToken)
   --- End of inner exception stack trace ---
   at System.Net.Http.HttpConnectionPool.ConnectToTcpHostAsync(String, Int32, HttpRequestMessage, Boolean, CancellationToken)
   at System.Net.Http.HttpConnectionPool.ConnectAsync(HttpRequestMessage, Boolean, CancellationToken)
   at System.Net.Http.HttpConnectionPool.AddHttp2ConnectionAsync(QueueItem)
   at System.Threading.Tasks.TaskCompletionSourceWithCancellation`1.WaitWithCancellationAsync(CancellationToken)
   at System.Net.Http.HttpConnectionPool.HttpConnectionWaiter`1.WaitForConnectionAsync(Boolean, CancellationToken)
   at System.Net.Http.HttpConnectionPool.SendWithVersionDetectionAndRetryAsync(HttpRequestMessage, Boolean, Boolean, CancellationToken)
   at System.Net.Http.RedirectHandler.SendAsync(HttpRequestMessage, Boolean, CancellationToken)
   at System.Net.Http.HttpClient.<SendAsync>g__Core|83_0(HttpRequestMessage, HttpCompletionOption, CancellationTokenSource, Boolean, CancellationTokenSource, CancellationToken)
   at li.qubic.trainer.Client.GetTrainingSeed()
   at li.qubic.trainer.Trainer.LoadMiningSeed()
   at System.Net.Http.HttpConnectionPool.ConnectToTcpHostAsync(String, Int32, HttpRequestMessage, Boolean, CancellationToken)
   at System.Net.Http.HttpConnectionPool.ConnectAsync(HttpRequestMessage, Boolean, CancellationToken)
   at System.Net.Http.HttpConnectionPool.AddHttp2ConnectionAsync(QueueItem)
   at System.Threading.Tasks.TaskCompletionSourceWithCancellation`1.WaitWithCancellationAsync(CancellationToken)
   at System.Net.Http.HttpConnectionPool.HttpConnectionWaiter`1.WaitForConnectionAsync(Boolean, CancellationToken)
   at System.Net.Http.HttpConnectionPool.SendWithVersionDetectionAndRetryAsync(HttpRequestMessage, Boolean, Boolean, CancellationToken)
   at System.Net.Http.RedirectHandler.SendAsync(HttpRequestMessage, Boolean, CancellationToken)
   at System.Net.Http.HttpClient.<SendAsync>g__Core|83_0(HttpRequestMessage, HttpCompletionOption, CancellationTokenSource, Boolean, CancellationTokenSource, CancellationToken)
   at li.qubic.trainer.Client.GetTrainingSeed()
   at li.qubic.trainer.Trainer.LoadMiningSeed()
   at System.Net.Sockets.Socket.AwaitableSocketAsyncEventArgs.ThrowException(SocketError, CancellationToken)
   at System.Net.Sockets.Socket.AwaitableSocketAsyncEventArgs.System.Threading.Tasks.Sources.IValueTaskSource.GetResult(Int16)
   at System.Net.Sockets.Socket.<ConnectAsync>g__WaitForConnectWithCancellation|281_0(AwaitableSocketAsyncEventArgs, ValueTask, CancellationToken)
   at System.Net.Http.HttpConnectionPool.ConnectToTcpHostAsync(String, Int32, HttpRequestMessage, Boolean, CancellationToken)
