2024-04-23 16:08:04	ERROR	Error Checking for updates: Этот хост неизвестен. (mine.qubic.li:443)
2024-04-23 16:08:04	ERROR	Feature Registration Request Failed(Этот хост неизвестен. (mine.qubic.li:443))

System.Net.Http.HttpRequestException: Этот хост неизвестен. (mine.qubic.li:443)
 ---> System.Net.Sockets.SocketException (11001): Этот хост неизвестен.
   at System.Net.Sockets.Socket.AwaitableSocketAsyncEventArgs.ThrowException(SocketError, CancellationToken)
   at System.Net.Sockets.Socket.AwaitableSocketAsyncEventArgs.System.Threading.Tasks.Sources.IValueTaskSource.GetResult(Int16)
   at System.Net.Sockets.Socket.<ConnectAsync>g__WaitForConnectWithCancellation|285_0(AwaitableSocketAsyncEventArgs, ValueTask, CancellationToken)
   at System.Net.Http.HttpConnectionPool.ConnectToTcpHostAsync(String, Int32, HttpRequestMessage, Boolean, CancellationToken)
   --- End of inner exception stack trace ---
   at System.Net.Http.HttpConnectionPool.ConnectToTcpHostAsync(String, Int32, HttpRequestMessage, Boolean, CancellationToken)
   at System.Net.Http.HttpConnectionPool.ConnectAsync(HttpRequestMessage, Boolean, CancellationToken)
   at System.Net.Http.HttpConnectionPool.AddHttp2ConnectionAsync(QueueItem)
   at System.Threading.Tasks.TaskCompletionSourceWithCancellation`1.WaitWithCancellationAsync(CancellationToken)
   at System.Net.Http.HttpConnectionPool.SendWithVersionDetectionAndRetryAsync(HttpRequestMessage, Boolean, Boolean, CancellationToken)
   at System.Net.Http.RedirectHandler.SendAsync(HttpRequestMessage, Boolean, CancellationToken)
   at System.Net.Http.HttpClient.<SendAsync>g__Core|83_0(HttpRequestMessage, HttpCompletionOption, CancellationTokenSource, Boolean, CancellationTokenSource, CancellationToken)
   at li.qubic.trainer.Client.Register(TrainerRegisterRequest featureRequest)
   at li.qubic.trainer.Trainer.RegisterFeatures()
   at System.Net.Http.HttpConnectionPool.ConnectToTcpHostAsync(String, Int32, HttpRequestMessage, Boolean, CancellationToken)
   at System.Net.Http.HttpConnectionPool.ConnectAsync(HttpRequestMessage, Boolean, CancellationToken)
   at System.Net.Http.HttpConnectionPool.AddHttp2ConnectionAsync(QueueItem)
   at System.Threading.Tasks.TaskCompletionSourceWithCancellation`1.WaitWithCancellationAsync(CancellationToken)
   at System.Net.Http.HttpConnectionPool.SendWithVersionDetectionAndRetryAsync(HttpRequestMessage, Boolean, Boolean, CancellationToken)
   at System.Net.Http.RedirectHandler.SendAsync(HttpRequestMessage, Boolean, CancellationToken)
   at System.Net.Http.HttpClient.<SendAsync>g__Core|83_0(HttpRequestMessage, HttpCompletionOption, CancellationTokenSource, Boolean, CancellationTokenSource, CancellationToken)
   at li.qubic.trainer.Client.Register(TrainerRegisterRequest featureRequest)
   at li.qubic.trainer.Trainer.RegisterFeatures()
   at System.Net.Sockets.Socket.AwaitableSocketAsyncEventArgs.ThrowException(SocketError, CancellationToken)
   at System.Net.Sockets.Socket.AwaitableSocketAsyncEventArgs.System.Threading.Tasks.Sources.IValueTaskSource.GetResult(Int16)
   at System.Net.Sockets.Socket.<ConnectAsync>g__WaitForConnectWithCancellation|285_0(AwaitableSocketAsyncEventArgs, ValueTask, CancellationToken)
   at System.Net.Http.HttpConnectionPool.ConnectToTcpHostAsync(String, Int32, HttpRequestMessage, Boolean, CancellationToken)
2024-04-23 16:08:04	ERROR	Failed loading Task(Этот хост неизвестен. (mine.qubic.li:443))

System.Net.Http.HttpRequestException: Этот хост неизвестен. (mine.qubic.li:443)
 ---> System.Net.Sockets.SocketException (11001): Этот хост неизвестен.
   at System.Net.Sockets.Socket.AwaitableSocketAsyncEventArgs.ThrowException(SocketError, CancellationToken)
   at System.Net.Sockets.Socket.AwaitableSocketAsyncEventArgs.System.Threading.Tasks.Sources.IValueTaskSource.GetResult(Int16)
   at System.Net.Sockets.Socket.<ConnectAsync>g__WaitForConnectWithCancellation|285_0(AwaitableSocketAsyncEventArgs, ValueTask, CancellationToken)
   at System.Net.Http.HttpConnectionPool.ConnectToTcpHostAsync(String, Int32, HttpRequestMessage, Boolean, CancellationToken)
   --- End of inner exception stack trace ---
   at System.Net.Http.HttpConnectionPool.ConnectToTcpHostAsync(String, Int32, HttpRequestMessage, Boolean, CancellationToken)
   at System.Net.Http.HttpConnectionPool.ConnectAsync(HttpRequestMessage, Boolean, CancellationToken)
   at System.Net.Http.HttpConnectionPool.AddHttp2ConnectionAsync(QueueItem)
   at System.Threading.Tasks.TaskCompletionSourceWithCancellation`1.WaitWithCancellationAsync(CancellationToken)
   at System.Net.Http.HttpConnectionPool.SendWithVersionDetectionAndRetryAsync(HttpRequestMessage, Boolean, Boolean, CancellationToken)
   at System.Net.Http.RedirectHandler.SendAsync(HttpRequestMessage, Boolean, CancellationToken)
   at System.Net.Http.HttpClient.<SendAsync>g__Core|83_0(HttpRequestMessage, HttpCompletionOption, CancellationTokenSource, Boolean, CancellationTokenSource, CancellationToken)
   at li.qubic.trainer.Client.GetTrainingSeed()
   at li.qubic.trainer.Trainer.LoadMiningSeed()
   at System.Net.Http.HttpConnectionPool.ConnectToTcpHostAsync(String, Int32, HttpRequestMessage, Boolean, CancellationToken)
   at System.Net.Http.HttpConnectionPool.ConnectAsync(HttpRequestMessage, Boolean, CancellationToken)
   at System.Net.Http.HttpConnectionPool.AddHttp2ConnectionAsync(QueueItem)
   at System.Threading.Tasks.TaskCompletionSourceWithCancellation`1.WaitWithCancellationAsync(CancellationToken)
   at System.Net.Http.HttpConnectionPool.SendWithVersionDetectionAndRetryAsync(HttpRequestMessage, Boolean, Boolean, CancellationToken)
   at System.Net.Http.RedirectHandler.SendAsync(HttpRequestMessage, Boolean, CancellationToken)
   at System.Net.Http.HttpClient.<SendAsync>g__Core|83_0(HttpRequestMessage, HttpCompletionOption, CancellationTokenSource, Boolean, CancellationTokenSource, CancellationToken)
   at li.qubic.trainer.Client.GetTrainingSeed()
   at li.qubic.trainer.Trainer.LoadMiningSeed()
   at System.Net.Sockets.Socket.AwaitableSocketAsyncEventArgs.ThrowException(SocketError, CancellationToken)
   at System.Net.Sockets.Socket.AwaitableSocketAsyncEventArgs.System.Threading.Tasks.Sources.IValueTaskSource.GetResult(Int16)
   at System.Net.Sockets.Socket.<ConnectAsync>g__WaitForConnectWithCancellation|285_0(AwaitableSocketAsyncEventArgs, ValueTask, CancellationToken)
   at System.Net.Http.HttpConnectionPool.ConnectToTcpHostAsync(String, Int32, HttpRequestMessage, Boolean, CancellationToken)
