2024-04-02 14:00:20	ERROR	Ping error: The request was canceled due to the configured HttpClient.Timeout of 100 seconds elapsing.(The request was canceled due to the configured HttpClient.Timeout of 100 seconds elapsing.)

System.Threading.Tasks.TaskCanceledException: The request was canceled due to the configured HttpClient.Timeout of 100 seconds elapsing.
 ---> System.TimeoutException: A task was canceled.
 ---> System.Threading.Tasks.TaskCanceledException: A task was canceled.
   at System.Threading.Tasks.TaskCompletionSourceWithCancellation`1.WaitWithCancellationAsync(CancellationToken)
   at System.Net.Http.HttpConnectionPool.HttpConnectionWaiter`1.WaitForConnectionAsync(Boolean, CancellationToken)
   at System.Net.Http.HttpConnectionPool.SendWithVersionDetectionAndRetryAsync(HttpRequestMessage, Boolean, Boolean, CancellationToken)
   at System.Net.Http.RedirectHandler.SendAsync(HttpRequestMessage, Boolean, CancellationToken)
   at System.Net.Http.HttpClient.<SendAsync>g__Core|83_0(HttpRequestMessage, HttpCompletionOption, CancellationTokenSource, Boolean, CancellationTokenSource, CancellationToken)
   --- End of inner exception stack trace ---
   --- End of inner exception stack trace ---
   at System.Net.Http.HttpClient.HandleFailure(Exception, Boolean, HttpResponseMessage, CancellationTokenSource, CancellationToken, CancellationTokenSource)
   at System.Net.Http.HttpClient.<SendAsync>g__Core|83_0(HttpRequestMessage, HttpCompletionOption, CancellationTokenSource, Boolean, CancellationTokenSource, CancellationToken)
   at li.qubic.trainer.Client.Ping(ReportRequest pingRequest)
   at li.qubic.trainer.Trainer.PingApi()
   at System.Net.Http.HttpClient.HandleFailure(Exception, Boolean, HttpResponseMessage, CancellationTokenSource, CancellationToken, CancellationTokenSource)
   at System.Net.Http.HttpClient.<SendAsync>g__Core|83_0(HttpRequestMessage, HttpCompletionOption, CancellationTokenSource, Boolean, CancellationTokenSource, CancellationToken)
   at li.qubic.trainer.Client.Ping(ReportRequest pingRequest)
   at li.qubic.trainer.Trainer.PingApi()

   at System.Threading.Tasks.TaskCompletionSourceWithCancellation`1.WaitWithCancellationAsync(CancellationToken)
   at System.Net.Http.HttpConnectionPool.HttpConnectionWaiter`1.WaitForConnectionAsync(Boolean, CancellationToken)
   at System.Net.Http.HttpConnectionPool.SendWithVersionDetectionAndRetryAsync(HttpRequestMessage, Boolean, Boolean, CancellationToken)
   at System.Net.Http.RedirectHandler.SendAsync(HttpRequestMessage, Boolean, CancellationToken)
   at System.Net.Http.HttpClient.<SendAsync>g__Core|83_0(HttpRequestMessage, HttpCompletionOption, CancellationTokenSource, Boolean, CancellationTokenSource, CancellationToken)
